
    ***********************************************************************
                           Votca Analysis Tool
              ----------------------------------------------

                                Version 1.1

                              Dr. Javier Ramos
                      Macromolecular Physics Department
                Instituto de Estructura de la Materia (IEM-CSIC)
                               Madrid (Spain)

        This utility is part of the polyanagro library. Polyanagro is an 
        open-source python library to analyze simulations of polymer systems.

        This software is distributed under the terms of the
        GNU General Public License v3.0 (GNU GPLv3). A copy of
        the license (LICENSE.txt) is included with this distribution.

    ***********************************************************************
        
		Start Job at 12-10-2022 13:31:54 ============

		Command line: 
			python votca_analysis.py ibi -p ./ --tmpdir
			         or
			votca_analysis ibi -p ./ --tmpdir

		Read target distributions from ./step_000 (12-10-2022 13:31:54)
	ERROR: 12-10-2022 12 13:31:54: 		The following distributions have been found:
		  Bond       : 1
		      * B-B
		  Bend       : 1
		      * B-B-B
		  Dihedral   : 1
		      * B-B-B-B
		  Non-bonded : 3
		      * BB
		      * TAB
		      * TATA

		Calculating merit function for non-bonded iteractions (12-10-2022 13:31:54)
		Preparing gnuplot scripts and individual png graphs for distributions (12-10-2022 13:31:54)
		Preparing gnuplot scripts and individual png graphs for potentials (12-10-2022 13:31:55)
		Calculating merit function for non-bonded iteractions (12-10-2022 13:31:56)
		Joining distributions to visualize (12-10-2022 13:31:56)
			 Joined figures are in the current directory.
		-------------------------------------------------------------------------------

		RESULTS  : The png_dist and png_pot dirs contain the individual png graphs.
		           Compare new and target distributions.
		-------------------------------------------------------------------------------

		Job  Done at 12-10-2022 13:31:58 ============

