                       :-) GROMACS - gmx mdrun, 2024 (-:

Copyright 1991-2024 The GROMACS Authors.
GROMACS is free software; you can redistribute it and/or modify it
under the terms of the GNU Lesser General Public License
as published by the Free Software Foundation; either version 2.1
of the License, or (at your option) any later version.

                         Current GROMACS contributors:
       Mark Abraham           Andrey Alekseenko           Vladimir Basov      
      Cathrine Bergh            Eliane Briand               Ania Brown        
      Mahesh Doijade            Giacomo Fiorin          Stefan Fleischmann    
      Sergey Gorelov         Gilles Gouaillardet            Alan Gray         
     M. Eric Irrgang         Farzaneh Jalalypour            Joe Jordan        
     Carsten Kutzner           Justin A. Lemkul          Magnus Lundborg      
       Pascal Merz              Vedran Miletic            Dmitry Morozov      
       Julien Nabet              Szilard Pall        Andrea Pasquadibisceglie 
    Michele Pellegrino          Hubert Santuz             Roland Schulz       
     Tatiana Shugaeva          Alexey Shvetsov            Philip Turner       
     Alessandra Villa      Sebastian Wingbermuehle  

                         Previous GROMACS contributors:
        Emile Apol             Rossen Apostolov           James Barnett       
        Paul Bauer          Herman J.C. Berendsen          Par Bjelkmar       
      Christian Blau          Viacheslav Bolnykh            Kevin Boyd        
    Aldert van Buuren          Carlo Camilloni           Rudi van Drunen      
      Anton Feenstra           Oliver Fleetwood            Vytas Gapsys       
       Gaurav Garg             Gerrit Groenhof            Bert de Groot       
      Anca Hamuraru           Vincent Hindriksen          Victor Holanda      
     Aleksei Iupinov          Christoph Junghans        Prashanth Kanduri     
   Dimitrios Karkoulis           Peter Kasson             Sebastian Kehl      
     Sebastian Keller             Jiri Kraus               Per Larsson        
      Viveca Lindahl            Erik Marklund           Pieter Meulenhoff     
      Teemu Murtola              Sander Pronk             Michael Shirts      
      Alfons Sijbers            Balint Soproni         David van der Spoel    
      Peter Tieleman            Carsten Uphoff             Jon Vincent        
     Teemu Virolainen         Christian Wennberg           Maarten Wolf       
      Artem Zhmurov       

                  Coordinated by the GROMACS project leaders:
                           Berk Hess and Erik Lindahl

GROMACS:      gmx mdrun, version 2024
Executable:   /opt/gromacs/gromacs-2024_x/bin/gmx
Data prefix:  /opt/gromacs/gromacs-2024_x
Working dir:  /home/jramos/Programacion/GITHUB_REPO_DIR/polyanagro/examples/21-RDF_Small/03-NVT
Process ID:   69689
Command line:
  gmx mdrun -s new_topo.tpr -v -noappend

GROMACS version:     2024
Precision:           mixed
Memory model:        64 bit
MPI library:         thread_mpi
OpenMP support:      enabled (GMX_OPENMP_MAX_THREADS = 128)
GPU support:         disabled
SIMD instructions:   AVX2_256
CPU FFT library:     fftw-3.3.8-sse2-avx-avx2-avx2_128
GPU FFT library:     none
Multi-GPU FFT:       none
RDTSCP usage:        enabled
TNG support:         enabled
Hwloc support:       disabled
Tracing support:     disabled
C compiler:          /usr/bin/cc GNU 11.4.0
C compiler flags:    -fexcess-precision=fast -funroll-all-loops -mavx2 -mfma -Wno-missing-field-initializers -O3 -DNDEBUG
C++ compiler:        /usr/bin/c++ GNU 11.4.0
C++ compiler flags:  -fexcess-precision=fast -funroll-all-loops -mavx2 -mfma -Wno-missing-field-initializers -Wno-cast-function-type-strict -fopenmp -O3 -DNDEBUG
BLAS library:        External - detected on the system
LAPACK library:      External - detected on the system


Running on 1 node with total 10 cores, 12 processing units
Hardware detected on host totem3:
  CPU info:
    Vendor: Intel
    Brand:  12th Gen Intel(R) Core(TM) i5-1235U
    Family: 6   Model: 154   Stepping: 4
    Features: aes apic avx avx2 clfsh cmov cx8 cx16 f16c fma htt intel lahf mmx msr nonstop_tsc pcid pclmuldq pdcm pdpe1gb popcnt pse rdrnd rdtscp sha sse2 sse3 sse4.1 sse4.2 ssse3 tdt x2apic
  Hardware topology: Basic
    Packages, cores, and logical processors:
    [indices refer to OS logical processors]
      Package  0: [   0   1] [   2   3] [   4] [   5] [   6] [   7] [   8] [   9] [  10] [  11]
    CPU limit set by OS: -1   Recommended max number of threads: 12


++++ PLEASE READ AND CITE THE FOLLOWING REFERENCE ++++
M. J. Abraham, T. Murtola, R. Schulz, S. Páll, J. C. Smith, B. Hess, E.
Lindahl
GROMACS: High performance molecular simulations through multi-level
parallelism from laptops to supercomputers
SoftwareX 1 (2015) pp. 19-25
-------- -------- --- Thank You --- -------- --------


++++ PLEASE READ AND CITE THE FOLLOWING REFERENCE ++++
S. Páll, M. J. Abraham, C. Kutzner, B. Hess, E. Lindahl
Tackling Exascale Software Challenges in Molecular Dynamics Simulations with
GROMACS
In S. Markidis & E. Laure (Eds.), Solving Software Challenges for Exascale 8759 (2015) pp. 3-27
-------- -------- --- Thank You --- -------- --------


++++ PLEASE READ AND CITE THE FOLLOWING REFERENCE ++++
S. Pronk, S. Páll, R. Schulz, P. Larsson, P. Bjelkmar, R. Apostolov, M. R.
Shirts, J. C. Smith, P. M. Kasson, D. van der Spoel, B. Hess, and E. Lindahl
GROMACS 4.5: a high-throughput and highly parallel open source molecular
simulation toolkit
Bioinformatics 29 (2013) pp. 845-54
-------- -------- --- Thank You --- -------- --------


++++ PLEASE READ AND CITE THE FOLLOWING REFERENCE ++++
B. Hess and C. Kutzner and D. van der Spoel and E. Lindahl
GROMACS 4: Algorithms for highly efficient, load-balanced, and scalable
molecular simulation
J. Chem. Theory Comput. 4 (2008) pp. 435-447
-------- -------- --- Thank You --- -------- --------


++++ PLEASE READ AND CITE THE FOLLOWING REFERENCE ++++
D. van der Spoel, E. Lindahl, B. Hess, G. Groenhof, A. E. Mark and H. J. C.
Berendsen
GROMACS: Fast, Flexible and Free
J. Comp. Chem. 26 (2005) pp. 1701-1719
-------- -------- --- Thank You --- -------- --------


++++ PLEASE READ AND CITE THE FOLLOWING REFERENCE ++++
E. Lindahl and B. Hess and D. van der Spoel
GROMACS 3.0: A package for molecular simulation and trajectory analysis
J. Mol. Mod. 7 (2001) pp. 306-317
-------- -------- --- Thank You --- -------- --------


++++ PLEASE READ AND CITE THE FOLLOWING REFERENCE ++++
H. J. C. Berendsen, D. van der Spoel and R. van Drunen
GROMACS: A message-passing parallel molecular dynamics implementation
Comp. Phys. Comm. 91 (1995) pp. 43-56
-------- -------- --- Thank You --- -------- --------


++++ PLEASE CITE THE DOI FOR THIS VERSION OF GROMACS ++++
https://doi.org/10.5281/zenodo.10589643
-------- -------- --- Thank You --- -------- --------

Input Parameters:
   integrator                     = md
   tinit                          = 0
   dt                             = 0.002
   nsteps                         = 100000
   init-step                      = 0
   simulation-part                = 1
   mts                            = false
   mass-repartition-factor        = 1
   comm-mode                      = Linear
   nstcomm                        = 10000
   bd-fric                        = 0
   ld-seed                        = -9569813
   emtol                          = 10
   emstep                         = 0.01
   niter                          = 20
   fcstep                         = 0
   nstcgsteep                     = 1000
   nbfgscorr                      = 10
   rtpi                           = 0.05
   nstxout                        = 0
   nstvout                        = 0
   nstfout                        = 0
   nstlog                         = 10000
   nstcalcenergy                  = 10000
   nstenergy                      = 10000
   nstxout-compressed             = 10000
   compressed-x-precision         = 10000
   cutoff-scheme                  = Verlet
   nstlist                        = 40
   pbc                            = xyz
   periodic-molecules             = false
   verlet-buffer-tolerance        = 1e-06
   verlet-buffer-pressure-tolerance = 0.5
   rlist                          = 1.21
   coulombtype                    = PME
   coulomb-modifier               = Potential-shift
   rcoulomb-switch                = 0
   rcoulomb                       = 0.7
   epsilon-r                      = 1
   epsilon-rf                     = inf
   vdw-type                       = Cut-off
   vdw-modifier                   = Potential-shift
   rvdw-switch                    = 0
   rvdw                           = 0.7
   DispCorr                       = No
   table-extension                = 1
   fourierspacing                 = 0.12
   fourier-nx                     = 24
   fourier-ny                     = 24
   fourier-nz                     = 24
   pme-order                      = 4
   ewald-rtol                     = 1e-05
   ewald-rtol-lj                  = 0.001
   lj-pme-comb-rule               = Geometric
   ewald-geometry                 = 3d
   epsilon-surface                = 0
   ensemble-temperature-setting   = constant
   ensemble-temperature           = 500
   tcoupl                         = V-rescale
   nsttcouple                     = 10
   nh-chain-length                = 0
   print-nose-hoover-chain-variables = false
   pcoupl                         = C-rescale
   pcoupltype                     = Isotropic
   nstpcouple                     = 100
   tau-p                          = 5
   compressibility (3x3):
      compressibility[    0]={ 4.50000e-05,  0.00000e+00,  0.00000e+00}
      compressibility[    1]={ 0.00000e+00,  4.50000e-05,  0.00000e+00}
      compressibility[    2]={ 0.00000e+00,  0.00000e+00,  4.50000e-05}
   ref-p (3x3):
      ref-p[    0]={ 1.00000e+00,  0.00000e+00,  0.00000e+00}
      ref-p[    1]={ 0.00000e+00,  1.00000e+00,  0.00000e+00}
      ref-p[    2]={ 0.00000e+00,  0.00000e+00,  1.00000e+00}
   refcoord-scaling               = All
   posres-com (3):
      posres-com[0]= 0.00000e+00
      posres-com[1]= 0.00000e+00
      posres-com[2]= 0.00000e+00
   posres-comB (3):
      posres-comB[0]= 0.00000e+00
      posres-comB[1]= 0.00000e+00
      posres-comB[2]= 0.00000e+00
   QMMM                           = false
qm-opts:
   ngQM                           = 0
   constraint-algorithm           = Lincs
   continuation                   = false
   Shake-SOR                      = false
   shake-tol                      = 0.0001
   lincs-order                    = 4
   lincs-iter                     = 1
   lincs-warnangle                = 90
   nwall                          = 0
   wall-type                      = 9-3
   wall-r-linpot                  = -1
   wall-atomtype[0]               = -1
   wall-atomtype[1]               = -1
   wall-density[0]                = 0
   wall-density[1]                = 0
   wall-ewald-zfac                = 3
   pull                           = false
   awh                            = false
   rotation                       = false
   interactiveMD                  = false
   disre                          = No
   disre-weighting                = Conservative
   disre-mixed                    = false
   dr-fc                          = 1000
   dr-tau                         = 0
   nstdisreout                    = 100
   orire-fc                       = 0
   orire-tau                      = 0
   nstorireout                    = 100
   free-energy                    = no
   cos-acceleration               = 0
   deform (3x3):
      deform[    0]={ 0.00000e+00,  0.00000e+00,  0.00000e+00}
      deform[    1]={ 0.00000e+00,  0.00000e+00,  0.00000e+00}
      deform[    2]={ 0.00000e+00,  0.00000e+00,  0.00000e+00}
   simulated-tempering            = false
   swapcoords                     = no
   userint1                       = 0
   userint2                       = 0
   userint3                       = 0
   userint4                       = 0
   userreal1                      = 0
   userreal2                      = 0
   userreal3                      = 0
   userreal4                      = 0
   applied-forces:
     electric-field:
       x:
         E0                       = 0
         omega                    = 0
         t0                       = 0
         sigma                    = 0
       y:
         E0                       = 0
         omega                    = 0
         t0                       = 0
         sigma                    = 0
       z:
         E0                       = 0
         omega                    = 0
         t0                       = 0
         sigma                    = 0
     density-guided-simulation:
       active                     = false
       group                      = protein
       similarity-measure         = inner-product
       atom-spreading-weight      = unity
       force-constant             = 1e+09
       gaussian-transform-spreading-width = 0.2
       gaussian-transform-spreading-range-in-multiples-of-width = 4
       reference-density-filename = reference.mrc
       nst                        = 1
       normalize-densities        = true
       adaptive-force-scaling     = false
       adaptive-force-scaling-time-constant = 4
       shift-vector               = 
       transformation-matrix      = 
     qmmm-cp2k:
       active                     = false
       qmgroup                    = System
       qmmethod                   = PBE
       qmfilenames                = 
       qmcharge                   = 0
       qmmultiplicity             = 1
     colvars:
       active                     = false
       configfile                 = 
       seed                       = -1
grpopts:
   nrdf:         407
   ref-t:         500
   tau-t:         0.1
annealing:          No
annealing-npoints:           0
   acc:	           0           0           0
   nfreeze:           N           N           N
   energygrp-flags[  0]: 0

Update groups can not be used for this system because atoms that are (in)directly constrained together are interdispersed with other atoms

Initializing Domain Decomposition on 1 ranks
Dynamic load balancing: auto
Minimum cell size due to atom displacement: 0.466 nm
Initial maximum distances in bonded interactions:
    two-body bonded interactions: 0.391 nm, LJ-14, atoms 6 15
  multi-body bonded interactions: 0.391 nm, Ryckaert-Bell., atoms 6 15
Minimum cell size due to bonded interactions: 0.430 nm
Maximum distance for 5 constraints, at 120 deg. angles, all-trans: 0.218 nm
Estimated maximum distance required for P-LINCS: 0.218 nm
Using 0 separate PME ranks because: there are too few total ranks for efficient splitting
Optimizing the DD grid for 1 cells with a minimum initial size of 0.466 nm
The maximum allowed number of cells is: X 5 Y 5 Z 5
Domain decomposition grid 1 x 1 x 1, separate PME ranks 0
PME domain decomposition: 1 x 1 x 1

The initial number of communication pulses is:
The initial domain decomposition cell size is:

The maximum allowed distance for atoms involved in interactions is:
                 non-bonded interactions           1.210 nm
(the following are initial values, they could change due to box deformation)
            two-body bonded interactions  (-rdd)   1.210 nm
          multi-body bonded interactions  (-rdd)   1.210 nm
  atoms separated by up to 5 constraints  (-rcon)  2.618 nm

When dynamic load balancing gets turned on, these settings will change to:
The maximum number of communication pulses is:
The minimum size for domain decomposition cells is 1.210 nm
The requested allowed shrink of DD cells (option -dds) is: 0.80
The allowed shrink of domain decomposition cells is:
The maximum allowed distance for atoms involved in interactions is:
                 non-bonded interactions           1.210 nm
            two-body bonded interactions  (-rdd)   1.210 nm
          multi-body bonded interactions  (-rdd)   1.210 nm
  atoms separated by up to 5 constraints  (-rcon)  1.210 nm

Using 1 MPI thread
Using 12 OpenMP threads 

System total charge: -0.000
Will do PME sum in reciprocal space for electrostatic interactions.

++++ PLEASE READ AND CITE THE FOLLOWING REFERENCE ++++
U. Essmann, L. Perera, M. L. Berkowitz, T. Darden, H. Lee and L. G. Pedersen 
A smooth particle mesh Ewald method
J. Chem. Phys. 103 (1995) pp. 8577-8592
-------- -------- --- Thank You --- -------- --------

Using a Gaussian width (1/beta) of 0.224114 nm for Ewald
Potential shift: LJ r^-12: -7.225e+01 r^-6: -8.500e+00, Ewald -1.429e-05
Initialized non-bonded Coulomb Ewald tables, spacing: 7.81e-04 size: 898

Generated table with 1105 data points for 1-4 COUL.
Tabscale = 500 points/nm
Generated table with 1105 data points for 1-4 LJ6.
Tabscale = 500 points/nm
Generated table with 1105 data points for 1-4 LJ12.
Tabscale = 500 points/nm


Using SIMD4xM 4x8 nonbonded short-range kernels

Using a dual 4x8 pair-list setup updated with dynamic pruning:
  outer list: updated every 40 steps, buffer 0.510 nm, rlist 1.210 nm
  inner list: updated every 10 steps, buffer 0.133 nm, rlist 0.833 nm
At tolerance 1e-06 kJ/mol/ps per atom, equivalent classical 1x1 list would be:
  outer list: updated every 40 steps, buffer 0.599 nm, rlist 1.299 nm
  inner list: updated every 10 steps, buffer 0.160 nm, rlist 0.860 nm

The average pressure is off by at most 0.00 bar due to missing LJ interactions

Using Geometric Lennard-Jones combination rule
Removing pbc first time

Linking all bonded interactions to atoms


Pinning threads with an auto-selected logical cpu stride of 1

Initializing Parallel LINear Constraint Solver

++++ PLEASE READ AND CITE THE FOLLOWING REFERENCE ++++
B. Hess
P-LINCS: A Parallel Linear Constraint Solver for molecular simulation
J. Chem. Theory Comput. 4 (2008) pp. 116-122
-------- -------- --- Thank You --- -------- --------

The number of constraints is 100
There are constraints between atoms in different decomposition domains,
will communicate selected coordinates each lincs iteration

++++ PLEASE READ AND CITE THE FOLLOWING REFERENCE ++++
G. Bussi, D. Donadio and M. Parrinello
Canonical sampling through velocity rescaling
J. Chem. Phys. 126 (2007) pp. 014101
-------- -------- --- Thank You --- -------- --------


++++ PLEASE READ AND CITE THE FOLLOWING REFERENCE ++++
M. Bernetti, G. Bussi
Pressure control using stochastic cell rescaling
J. Chem. Phys. 153 (2020) pp. 114107
-------- -------- --- Thank You --- -------- --------

There are: 170 Atoms
Atom distribution over 1 domains: av 170 stddev 0 min 170 max 170

Constraining the starting coordinates (step 0)

Constraining the coordinates at t0-dt (step 0)
Center of mass motion removal mode is Linear
We have the following groups for center of mass motion removal:
  0:  System
RMS relative constraint deviation after constraining: 3.66e-06
Initial temperature: 477.467 K

Started mdrun on rank 0 Sat Feb 15 21:08:18 2025

           Step           Time
              0        0.00000

   Energies (kJ/mol)
           Bond          Angle Ryckaert-Bell.          LJ-14     Coulomb-14
    1.29096e+01    3.98334e+01    3.42419e+01    5.10516e+01    1.96275e+01
        LJ (SR)   Coulomb (SR)   Coul. recip.      Potential    Kinetic En.
   -9.54456e+01   -1.66623e+02    2.43359e+02    1.38955e+02    8.11690e+02
   Total Energy  Conserved En.    Temperature Pressure (bar)   Constr. rmsd
    9.50645e+02    9.51657e+02    4.79724e+02    9.09576e+02    4.02645e-06

           Step           Time
          10000       20.00000

   Energies (kJ/mol)
           Bond          Angle Ryckaert-Bell.          LJ-14     Coulomb-14
    1.12082e+02    4.40317e+02    8.94930e+01    6.54894e+01    1.44055e+01
        LJ (SR)   Coulomb (SR)   Coul. recip.      Potential    Kinetic En.
   -3.69429e+01   -1.99397e+02    2.09562e+02    6.95008e+02    8.26265e+02
   Total Energy  Conserved En.    Temperature Pressure (bar)   Constr. rmsd
    1.52127e+03    1.03256e+03    4.88338e+02    5.63802e+02    5.18011e-06

           Step           Time
          20000       40.00000

   Energies (kJ/mol)
           Bond          Angle Ryckaert-Bell.          LJ-14     Coulomb-14
    1.36164e+02    4.80222e+02    6.19004e+01    5.49757e+01    4.63893e+01
        LJ (SR)   Coulomb (SR)   Coul. recip.      Potential    Kinetic En.
   -2.73278e+01   -2.32850e+02    2.00411e+02    7.19885e+02    8.49714e+02
   Total Energy  Conserved En.    Temperature Pressure (bar)   Constr. rmsd
    1.56960e+03    1.12399e+03    5.02197e+02    8.87252e+00    5.82548e-06

           Step           Time
          30000       60.00000

   Energies (kJ/mol)
           Bond          Angle Ryckaert-Bell.          LJ-14     Coulomb-14
    1.28606e+02    5.86685e+02    5.63078e+01    5.60035e+01    2.80530e+01
        LJ (SR)   Coulomb (SR)   Coul. recip.      Potential    Kinetic En.
   -8.44018e+01   -2.50222e+02    1.99847e+02    7.20879e+02    7.88253e+02
   Total Energy  Conserved En.    Temperature Pressure (bar)   Constr. rmsd
    1.50913e+03    1.16414e+03    4.65872e+02    9.60496e+01    3.90547e-06

           Step           Time
          40000       80.00000

   Energies (kJ/mol)
           Bond          Angle Ryckaert-Bell.          LJ-14     Coulomb-14
    1.37136e+02    4.72946e+02    4.52235e+01    6.82764e+01   -3.46854e-01
        LJ (SR)   Coulomb (SR)   Coul. recip.      Potential    Kinetic En.
   -4.96345e+01   -1.47720e+02    2.24762e+02    7.50643e+02    7.61776e+02
   Total Energy  Conserved En.    Temperature Pressure (bar)   Constr. rmsd
    1.51242e+03    1.14904e+03    4.50224e+02    4.39720e+02    4.26975e-06

           Step           Time
          50000      100.00000

   Energies (kJ/mol)
           Bond          Angle Ryckaert-Bell.          LJ-14     Coulomb-14
    1.18723e+02    4.54782e+02    1.27664e+02    6.13044e+01    1.84344e+01
        LJ (SR)   Coulomb (SR)   Coul. recip.      Potential    Kinetic En.
   -4.70414e+01   -1.73957e+02    2.20267e+02    7.80176e+02    9.07253e+02
   Total Energy  Conserved En.    Temperature Pressure (bar)   Constr. rmsd
    1.68743e+03    1.20006e+03    5.36204e+02    5.38675e+02    4.24194e-06

           Step           Time
          60000      120.00000

   Energies (kJ/mol)
           Bond          Angle Ryckaert-Bell.          LJ-14     Coulomb-14
    1.34380e+02    4.88306e+02    1.05691e+02    7.26568e+01    3.89263e+01
        LJ (SR)   Coulomb (SR)   Coul. recip.      Potential    Kinetic En.
   -3.68642e+01   -2.06857e+02    2.29363e+02    8.25602e+02    8.69103e+02
   Total Energy  Conserved En.    Temperature Pressure (bar)   Constr. rmsd
    1.69471e+03    1.27429e+03    5.13656e+02   -5.68818e+01    5.56067e-06

           Step           Time
          70000      140.00000

   Energies (kJ/mol)
           Bond          Angle Ryckaert-Bell.          LJ-14     Coulomb-14
    1.69087e+02    5.78739e+02    5.34303e+01    8.76799e+01    8.01532e+00
        LJ (SR)   Coulomb (SR)   Coul. recip.      Potential    Kinetic En.
   -2.31741e+01   -2.00119e+02    2.09759e+02    8.83417e+02    7.55289e+02
   Total Energy  Conserved En.    Temperature Pressure (bar)   Constr. rmsd
    1.63871e+03    1.37455e+03    4.46390e+02    4.06032e+02    4.19537e-06

           Step           Time
          80000      160.00000

   Energies (kJ/mol)
           Bond          Angle Ryckaert-Bell.          LJ-14     Coulomb-14
    1.69015e+02    4.91219e+02    5.72812e+01    5.86646e+01    1.26685e+01
        LJ (SR)   Coulomb (SR)   Coul. recip.      Potential    Kinetic En.
   -3.22217e+01   -1.94353e+02    1.98003e+02    7.60277e+02    7.79036e+02
   Total Energy  Conserved En.    Temperature Pressure (bar)   Constr. rmsd
    1.53931e+03    1.40038e+03    4.60425e+02   -7.30664e+02    4.30757e-06

           Step           Time
          90000      180.00000

   Energies (kJ/mol)
           Bond          Angle Ryckaert-Bell.          LJ-14     Coulomb-14
    1.36180e+02    4.98768e+02    7.68435e+01    6.88942e+01    1.74876e+01
        LJ (SR)   Coulomb (SR)   Coul. recip.      Potential    Kinetic En.
   -1.86201e+01   -1.87157e+02    2.29617e+02    8.22012e+02    7.62789e+02
   Total Energy  Conserved En.    Temperature Pressure (bar)   Constr. rmsd
    1.58480e+03    1.43166e+03    4.50823e+02    1.01688e+02    2.99982e-06

           Step           Time
         100000      200.00000

Writing checkpoint, step 100000 at Sat Feb 15 21:08:51 2025


   Energies (kJ/mol)
           Bond          Angle Ryckaert-Bell.          LJ-14     Coulomb-14
    1.18685e+02    5.33475e+02    6.81874e+01    7.37202e+01    3.12387e+01
        LJ (SR)   Coulomb (SR)   Coul. recip.      Potential    Kinetic En.
   -1.96615e+01   -2.38876e+02    2.17368e+02    7.84137e+02    8.33656e+02
   Total Energy  Conserved En.    Temperature Pressure (bar)   Constr. rmsd
    1.61779e+03    1.50058e+03    4.92706e+02    3.59592e+02    3.87785e-06


Energy conservation over simulation part #1 of length 200 ps, time 0 to 200 ps
  Conserved energy drift: 1.61e-02 kJ/mol/ps per atom


	<======  ###############  ==>
	<====  A V E R A G E S  ====>
	<==  ###############  ======>

	Statistics over 100001 steps using 11 frames

   Energies (kJ/mol)
           Bond          Angle Ryckaert-Bell.          LJ-14     Coulomb-14
    1.24815e+02    4.60481e+02    7.05695e+01    6.53379e+01    2.13545e+01
        LJ (SR)   Coulomb (SR)   Coul. recip.      Potential    Kinetic En.
   -4.28487e+01   -1.99830e+02    2.16574e+02    7.16454e+02    8.13166e+02
   Total Energy  Conserved En.    Temperature Pressure (bar)   Constr. rmsd
    1.52962e+03    1.23663e+03    4.80596e+02    2.39678e+02    0.00000e+00

          Box-X          Box-Y          Box-Z
    2.63893e+00    2.63893e+00    2.63893e+00

   Total Virial (kJ/mol)
    1.01666e+02   -7.01307e+01   -1.55181e+01
   -7.01305e+01    1.34927e+02    6.08752e+01
   -1.55181e+01    6.08749e+01    1.77947e+02

   Pressure (bar)
    3.27645e+02    1.12806e+02    5.69867e+00
    1.12806e+02    2.15348e+02   -1.20155e+02
    5.69870e+00   -1.20154e+02    1.76042e+02


	M E G A - F L O P S   A C C O U N T I N G

 NB=Group-cutoff nonbonded kernels    NxN=N-by-N cluster Verlet kernels
 RF=Reaction-Field  VdW=Van der Waals  QSTab=quadratic-spline table
 W3=SPC/TIP3p  W4=TIP4p (single or pairs)
 V&F=Potential and force  V=Potential only  F=Force only

 Computing:                               M-Number         M-Flops  % Flops
-----------------------------------------------------------------------------
 Pair Search distance check              32.630142         293.671     0.1
 NxN Ewald Elec. + LJ [F]              1649.978432      108898.577    24.3
 NxN Ewald Elec. + LJ [V&F]               0.183312          19.614     0.0
 NxN LJ [F]                               3.906208         128.905     0.0
 NxN LJ [V&F]                             0.000352           0.015     0.0
 NxN Ewald Elec. [F]                     58.354656        3559.634     0.8
 NxN Ewald Elec. [V&F]                    0.007056           0.593     0.0
 1,4 nonbonded interactions              36.000360        3240.032     0.7
 Calc Weights                            51.000510        1836.018     0.4
 Spread Q Bspline                      1088.010880        2176.022     0.5
 Gather F Bspline                      1088.010880        6528.065     1.5
 3D-FFT                               38029.780294      304238.242    67.8
 Solve PME                               57.600576        3686.437     0.8
 Reset In Box                             0.425170           1.276     0.0
 CG-CoM                                   0.425340           1.276     0.0
 Bonds                                    6.000060         354.004     0.1
 Angles                                  28.000280        4704.047     1.0
 RB-Dihedrals                            33.000330        8151.082     1.8
 Virial                                   0.215215           3.874     0.0
 Stop-CM                                  0.002040           0.020     0.0
 P-Coupling                               0.170170           1.021     0.0
 Calc-Ekin                                3.400340          91.809     0.0
 Lincs                                   10.000300         600.018     0.1
 Lincs-Mat                               48.001440         192.006     0.0
 Constraint-V                            20.000400         180.004     0.0
 Constraint-Vir                           0.100100           2.402     0.0
-----------------------------------------------------------------------------
 Total                                                  448888.664   100.0
-----------------------------------------------------------------------------


    D O M A I N   D E C O M P O S I T I O N   S T A T I S T I C S

 av. #atoms communicated per step for force:  2 x 0.0
 av. #atoms communicated per step for LINCS:  2 x 0.0


      R E A L   C Y C L E   A N D   T I M E   A C C O U N T I N G

On 1 MPI rank, each using 12 OpenMP threads

 Activity:              Num   Num      Call    Wall time         Giga-Cycles
                        Ranks Threads  Count      (s)         total sum    %
--------------------------------------------------------------------------------
 Domain decomp.            1   12       2501       0.731         21.907   2.2
 Neighbor search           1   12       2501       0.239          7.165   0.7
 Force                     1   12     100001       4.769        142.840  14.5
 PME mesh                  1   12     100001      19.390        580.763  58.9
 NB X/F buffer ops.        1   12     197501       3.370        100.928  10.2
 Write traj.               1   12         11       0.033          0.988   0.1
 Update                    1   12     100001       2.304         68.997   7.0
 Constraints               1   12     100003       1.549         46.397   4.7
 Rest                                              0.516         15.459   1.6
--------------------------------------------------------------------------------
 Total                                            32.902        985.445 100.0
--------------------------------------------------------------------------------
 Breakdown of PME mesh activities
--------------------------------------------------------------------------------
 PME spread                1   12     100001       4.806        143.958  14.6
 PME gather                1   12     100001       5.581        167.150  17.0
 PME 3D-FFT                1   12     200002       7.939        237.779  24.1
 PME solve Elec            1   12     100001       0.324          9.700   1.0
--------------------------------------------------------------------------------

               Core t (s)   Wall t (s)        (%)
       Time:      394.821       32.902     1200.0
                 (ns/day)    (hour/ns)
Performance:      525.203        0.046
Finished mdrun on rank 0 Sat Feb 15 21:08:51 2025

