
  ============================================================================  

    ja-netfilter 2022.2.0

    A javaagent framework :)

    https://github.com/ja-netfilter/ja-netfilter

  ============================================================================  

2024-09-05 19:58:46,985 [   1566]   WARN - #c.i.n.i.NotificationGroupManagerImpl - Notification group CodeWithMe is already registered (group=com.intellij.notification.NotificationGroup@1a63bf55). Plugin descriptor: PluginDescriptor(name=Code With Me, id=com.jetbrains.codeWithMe, descriptorPath=plugin.xml, path=/opt/JetBrains/pycharm-2022.2/plugins/cwm-plugin, version=222.3345.131, package=null, isBundled=true)
2024-09-05 19:58:47,133 [   1714]   WARN - #c.i.o.a.i.ActionManagerImpl - keymap "Visual Studio" not found PluginDescriptor(name=IDEA CORE, id=com.intellij, descriptorPath=plugin.xml, path=/opt/JetBrains/pycharm-2022.2/lib, version=222.3345.131, package=com.intellij.feedback, isBundled=true)
2024-09-05 19:58:47,143 [   1724]   WARN - #c.i.o.a.i.ActionManagerImpl - keymap "Eclipse" not found PluginDescriptor(name=IDEA CORE, id=com.intellij, descriptorPath=plugin.xml, path=/opt/JetBrains/pycharm-2022.2/lib, version=222.3345.131, package=com.intellij.feedback, isBundled=true)
2024-09-05 19:58:47,144 [   1725]   WARN - #c.i.o.a.i.ActionManagerImpl - keymap "NetBeans 6.5" not found PluginDescriptor(name=IDEA CORE, id=com.intellij, descriptorPath=plugin.xml, path=/opt/JetBrains/pycharm-2022.2/lib, version=222.3345.131, package=com.intellij.feedback, isBundled=true)
2024-09-05 19:58:47,145 [   1726]   WARN - #c.i.o.a.i.ActionManagerImpl - keymap "Visual Studio" not found PluginDescriptor(name=IDEA CORE, id=com.intellij, descriptorPath=plugin.xml, path=/opt/JetBrains/pycharm-2022.2/lib, version=222.3345.131, package=com.intellij.feedback, isBundled=true)
2024-09-05 19:58:47,195 [   1776]   WARN - #c.i.o.a.i.ActionManagerImpl - keymap "Visual Studio" not found PluginDescriptor(name=HTML Tools, id=HtmlTools, descriptorPath=plugin.xml, path=/opt/JetBrains/pycharm-2022.2/plugins/htmltools, version=222.3345.131, package=null, isBundled=true)
2024-09-05 19:58:47,205 [   1786]   WARN - #c.i.o.a.i.ActionManagerImpl - keymap "Eclipse" not found PluginDescriptor(name=GitHub, id=org.jetbrains.plugins.github, descriptorPath=plugin.xml, path=/opt/JetBrains/pycharm-2022.2/plugins/github, version=222.3345.131, package=org.jetbrains.plugins.github, isBundled=true)
2024-09-05 19:58:47,211 [   1792]   WARN - #c.i.o.a.i.ActionManagerImpl - keymap "Eclipse" not found PluginDescriptor(name=Space, id=com.jetbrains.space, moduleName=intellij.space.vcs, descriptorPath=intellij.space.vcs.xml, path=/opt/JetBrains/pycharm-2022.2/plugins/space, version=222.3345.131, package=com.intellij.space.vcs, isBundled=true)
2024-09-05 19:58:47,215 [   1796]   WARN - #c.i.o.a.i.ActionManagerImpl - keymap "Eclipse" not found PluginDescriptor(name=JavaScript and TypeScript, id=JavaScript, descriptorPath=plugin.xml, path=/opt/JetBrains/pycharm-2022.2/plugins/JavaScriptLanguage, version=222.3345.131, package=null, isBundled=true)
2024-09-05 19:58:47,216 [   1797]   WARN - #c.i.o.a.i.ActionManagerImpl - keymap "Visual Studio" not found PluginDescriptor(name=JavaScript and TypeScript, id=JavaScript, descriptorPath=plugin.xml, path=/opt/JetBrains/pycharm-2022.2/plugins/JavaScriptLanguage, version=222.3345.131, package=null, isBundled=true)
2024-09-05 19:58:47,233 [   1814]   WARN - #c.i.o.a.i.ActionManagerImpl - keymap "Eclipse" not found PluginDescriptor(name=Python, id=Pythonid, descriptorPath=plugin.xml, path=/opt/JetBrains/pycharm-2022.2/plugins/python, version=222.3345.131, package=null, isBundled=true)
2024-09-05 19:58:47,234 [   1815]   WARN - #c.i.o.a.i.ActionManagerImpl - keymap "NetBeans 6.5" not found PluginDescriptor(name=Python, id=Pythonid, descriptorPath=plugin.xml, path=/opt/JetBrains/pycharm-2022.2/plugins/python, version=222.3345.131, package=null, isBundled=true)
2024-09-05 19:58:47,235 [   1816]   WARN - #c.i.o.a.i.ActionManagerImpl - keymap "Visual Studio" not found PluginDescriptor(name=Python, id=Pythonid, descriptorPath=plugin.xml, path=/opt/JetBrains/pycharm-2022.2/plugins/python, version=222.3345.131, package=null, isBundled=true)
2024-09-05 19:58:47,237 [   1818]   WARN - #c.i.o.a.i.ActionManagerImpl - keymap "Eclipse" not found PluginDescriptor(name=Python, id=Pythonid, descriptorPath=plugin.xml, path=/opt/JetBrains/pycharm-2022.2/plugins/python, version=222.3345.131, package=null, isBundled=true)
Info  | RdCoroutineScope          | 26:JobScheduler FJ pool 5/11 | RdCoroutineHost overridden 
2024-09-05 19:58:48,968 [   3549]   WARN - #c.i.e.t.TargetBasedSdks - SDK target configuration data is absent
2024-09-05 19:58:49,006 [   3587]   WARN - #c.i.e.t.TargetBasedSdks - SDK target configuration data is absent
2024-09-05 19:58:49,015 [   3596]   WARN - #c.i.e.t.TargetBasedSdks - SDK target configuration data is absent
2024-09-05 19:58:49,022 [   3603]   WARN - #c.i.e.t.TargetBasedSdks - SDK target configuration data is absent
2024-09-05 19:58:49,032 [   3613]   WARN - #c.i.e.t.TargetBasedSdks - SDK target configuration data is absent
2024-09-05 19:58:49,044 [   3625]   WARN - #c.i.e.t.TargetBasedSdks - SDK target configuration data is absent
2024-09-05 19:58:49,068 [   3649]   WARN - #c.i.e.t.TargetBasedSdks - SDK target configuration data is absent
2024-09-05 19:58:49,072 [   3653]   WARN - #c.i.e.t.TargetBasedSdks - SDK target configuration data is absent
2024-09-05 19:58:49,081 [   3662]   WARN - #c.i.e.t.TargetBasedSdks - SDK target configuration data is absent
2024-09-05 19:58:49,090 [   3671]   WARN - #c.i.e.t.TargetBasedSdks - SDK target configuration data is absent
2024-09-05 19:58:49,110 [   3691]   WARN - #c.i.e.t.TargetBasedSdks - SDK target configuration data is absent
2024-09-05 19:58:49,121 [   3702]   WARN - #c.i.e.t.TargetBasedSdks - SDK target configuration data is absent
2024-09-05 19:58:49,131 [   3712]   WARN - #c.i.e.t.TargetBasedSdks - SDK target configuration data is absent
2024-09-05 19:58:49,136 [   3717]   WARN - #c.i.e.t.TargetBasedSdks - SDK target configuration data is absent
2024-09-05 19:58:49,141 [   3722]   WARN - #c.i.e.t.TargetBasedSdks - SDK target configuration data is absent
2024-09-05 19:58:49,147 [   3728]   WARN - #c.i.e.t.TargetBasedSdks - SDK target configuration data is absent
2024-09-05 19:58:49,153 [   3734]   WARN - #c.i.e.t.TargetBasedSdks - SDK target configuration data is absent
2024-09-05 19:58:49,157 [   3738]   WARN - #c.i.e.t.TargetBasedSdks - SDK target configuration data is absent
2024-09-05 19:58:49,162 [   3743]   WARN - #c.i.e.t.TargetBasedSdks - SDK target configuration data is absent
2024-09-05 19:58:49,167 [   3748]   WARN - #c.i.e.t.TargetBasedSdks - SDK target configuration data is absent
2024-09-05 19:58:49,171 [   3752]   WARN - #c.i.e.t.TargetBasedSdks - SDK target configuration data is absent
2024-09-05 19:58:49,174 [   3755]   WARN - #c.i.e.t.TargetBasedSdks - SDK target configuration data is absent
2024-09-05 19:58:49,182 [   3763]   WARN - #c.i.e.t.TargetBasedSdks - SDK target configuration data is absent
2024-09-05 19:58:49,194 [   3775]   WARN - #c.i.e.t.TargetBasedSdks - SDK target configuration data is absent
2024-09-05 19:58:49,200 [   3781]   WARN - #c.i.e.t.TargetBasedSdks - SDK target configuration data is absent
2024-09-05 19:58:49,203 [   3784]   WARN - #c.i.e.t.TargetBasedSdks - SDK target configuration data is absent
2024-09-05 19:58:49,210 [   3791]   WARN - #c.i.e.t.TargetBasedSdks - SDK target configuration data is absent
2024-09-05 19:58:49,218 [   3799]   WARN - #c.i.e.t.TargetBasedSdks - SDK target configuration data is absent
2024-09-05 19:58:49,221 [   3802]   WARN - #c.i.e.t.TargetBasedSdks - SDK target configuration data is absent
2024-09-05 19:58:49,223 [   3804]   WARN - #c.i.e.t.TargetBasedSdks - SDK target configuration data is absent
2024-09-05 19:58:49,229 [   3810]   WARN - #c.i.e.t.TargetBasedSdks - SDK target configuration data is absent
2024-09-05 19:58:49,233 [   3814]   WARN - #c.i.e.t.TargetBasedSdks - SDK target configuration data is absent
2024-09-05 19:58:49,240 [   3821]   WARN - #c.i.e.t.TargetBasedSdks - SDK target configuration data is absent
2024-09-05 19:58:49,245 [   3826]   WARN - #c.i.e.t.TargetBasedSdks - SDK target configuration data is absent
2024-09-05 19:58:53,985 [   8566]   WARN - #g.r.GitUntrackedFilesHolder - Ignoring ignored file under another root: /home/jramos/Programacion/GITHUB_REPO_DIR/topology/topology/__pycache__/MolecularGraph.cpython-310.pyc; root: /home/jramos/Programacion/GITHUB_REPO_DIR/topology; mapped root: null
2024-09-05 19:58:53,986 [   8567]   WARN - #g.r.GitUntrackedFilesHolder - Ignoring ignored file under another root: /home/jramos/Programacion/GITHUB_REPO_DIR/topology/topology/readmol/__pycache__/__init__.cpython-38.pyc; root: /home/jramos/Programacion/GITHUB_REPO_DIR/topology; mapped root: null
2024-09-05 19:58:53,986 [   8567]   WARN - #g.r.GitUntrackedFilesHolder - Ignoring ignored file under another root: /home/jramos/Programacion/GITHUB_REPO_DIR/topology/test/Test-ReadMol2/__pycache__/Test_readmol2.cpython-38.pyc; root: /home/jramos/Programacion/GITHUB_REPO_DIR/topology; mapped root: null
2024-09-05 19:58:53,986 [   8567]   WARN - #g.r.GitUntrackedFilesHolder - Ignoring ignored file under another root: /home/jramos/Programacion/GITHUB_REPO_DIR/topology/topology/readmol/__pycache__/readdataLAMMPSformat.cpython-38.pyc; root: /home/jramos/Programacion/GITHUB_REPO_DIR/topology; mapped root: null
2024-09-05 19:58:53,987 [   8568]   WARN - #g.r.GitUntrackedFilesHolder - Ignoring ignored file under another root: /home/jramos/Programacion/GITHUB_REPO_DIR/topology/test/Test-Segment/__pycache__/test_Segment.cpython-38.pyc; root: /home/jramos/Programacion/GITHUB_REPO_DIR/topology; mapped root: null
2024-09-05 19:58:53,987 [   8568]   WARN - #g.r.GitUntrackedFilesHolder - Ignoring ignored file under another root: /home/jramos/Programacion/GITHUB_REPO_DIR/topology/test/Test-indigo/__pycache__/test_indigo.cpython-38.pyc; root: /home/jramos/Programacion/GITHUB_REPO_DIR/topology; mapped root: null
2024-09-05 19:58:53,987 [   8568]   WARN - #g.r.GitUntrackedFilesHolder - Ignoring ignored file under another root: /home/jramos/Programacion/GITHUB_REPO_DIR/topology/utils/__pycache__/parse_arguments.cpython-38.pyc; root: /home/jramos/Programacion/GITHUB_REPO_DIR/topology; mapped root: null
2024-09-05 19:58:53,987 [   8568]   WARN - #g.r.GitUntrackedFilesHolder - Ignoring ignored file under another root: /home/jramos/Programacion/GITHUB_REPO_DIR/topology/utils/__pycache__/Logger.cpython-38.pyc; root: /home/jramos/Programacion/GITHUB_REPO_DIR/topology; mapped root: null
2024-09-05 19:58:53,988 [   8569]   WARN - #g.r.GitUntrackedFilesHolder - Ignoring ignored file under another root: /home/jramos/Programacion/GITHUB_REPO_DIR/topology/topology/__pycache__/atomic_data.cpython-310.pyc; root: /home/jramos/Programacion/GITHUB_REPO_DIR/topology; mapped root: null
2024-09-05 19:58:53,989 [   8570]   WARN - #g.r.GitUntrackedFilesHolder - Ignoring ignored files under another root: 45 files total
2024-09-05 19:58:57,339 [  11920]   WARN - #c.i.o.a.i.ActionUpdater - 373 ms to grab EDT for CWMTelephonyGroup#update@NavBarToolbar (com.jetbrains.rd.platform.codeWithMe.telephony.CWMTelephonyGroup)
2024-09-05 19:58:57,339 [  11920]   WARN - #c.i.o.a.i.ActionUpdater - 376 ms to grab EDT for BackAction#update@MainToolbar (com.intellij.ide.actions.BackAction)
2024-09-05 19:59:01,234 [  15815]   WARN - #c.j.p.s.s.PySkeletonRefresher - Some skeletons failed to generate
2024-09-05 19:59:01,235 [  15816]   WARN - #c.j.p.s.s.PySkeletonRefresher - Bio.PDB.QCPSuperimposer.qcprot
2024-09-05 19:59:01,235 [  15816]   WARN - #c.j.p.s.s.PySkeletonRefresher - debugpy._vendored.pydevd._pydevd_bundle.pydevd_cython
2024-09-05 19:59:01,235 [  15816]   WARN - #c.j.p.s.s.PySkeletonRefresher - debugpy._vendored.pydevd._pydevd_frame_eval.pydevd_frame_evaluator
2024-09-05 19:59:01,235 [  15816]   WARN - #c.j.p.s.s.PySkeletonRefresher - debugpy._vendored.pydevd.pydevd_attach_to_process.attach_linux_amd64
2024-09-05 19:59:01,235 [  15816]   WARN - #c.j.p.s.s.PySkeletonRefresher - freud.libfreud
2024-09-05 19:59:01,235 [  15816]   WARN - #c.j.p.s.s.PySkeletonRefresher - pyarrow.libarrow_python
2024-09-05 19:59:01,235 [  15816]   WARN - #c.j.p.s.s.PySkeletonRefresher - pyarrow.libarrow_python_flight
2024-09-05 19:59:01,235 [  15816]   WARN - #c.j.p.s.s.PySkeletonRefresher - pyarrow.libarrow_python_parquet_encryption
2024-09-05 19:59:09,218 [  23799]   WARN - #g.r.GitUntrackedFilesHolder - Ignoring ignored file under another root: /home/jramos/Programacion/GITHUB_REPO_DIR/polyanagro/polyanagro/__pycache__; root: /home/jramos/Programacion/GITHUB_REPO_DIR/polyanagro; mapped root: null
2024-09-05 19:59:09,218 [  23799]   WARN - #g.r.GitUntrackedFilesHolder - Ignoring ignored file under another root: /home/jramos/Programacion/GITHUB_REPO_DIR/polyanagro/utils/__pycache__; root: /home/jramos/Programacion/GITHUB_REPO_DIR/polyanagro; mapped root: null
2024-09-05 19:59:12,821 [  27402]   WARN - #g.r.GitUntrackedFilesHolder - Ignoring ignored file under another root: /home/jramos/Programacion/GITHUB_REPO_DIR/topology/topology/__pycache__/MolecularGraph.cpython-310.pyc; root: /home/jramos/Programacion/GITHUB_REPO_DIR/topology; mapped root: null
2024-09-05 19:59:12,822 [  27403]   WARN - #g.r.GitUntrackedFilesHolder - Ignoring ignored file under another root: /home/jramos/Programacion/GITHUB_REPO_DIR/topology/topology/readmol/__pycache__/__init__.cpython-38.pyc; root: /home/jramos/Programacion/GITHUB_REPO_DIR/topology; mapped root: null
2024-09-05 19:59:12,822 [  27403]   WARN - #g.r.GitUntrackedFilesHolder - Ignoring ignored file under another root: /home/jramos/Programacion/GITHUB_REPO_DIR/topology/test/Test-ReadMol2/__pycache__/Test_readmol2.cpython-38.pyc; root: /home/jramos/Programacion/GITHUB_REPO_DIR/topology; mapped root: null
2024-09-05 19:59:12,822 [  27403]   WARN - #g.r.GitUntrackedFilesHolder - Ignoring ignored file under another root: /home/jramos/Programacion/GITHUB_REPO_DIR/topology/topology/readmol/__pycache__/readdataLAMMPSformat.cpython-38.pyc; root: /home/jramos/Programacion/GITHUB_REPO_DIR/topology; mapped root: null
2024-09-05 19:59:12,822 [  27403]   WARN - #g.r.GitUntrackedFilesHolder - Ignoring ignored file under another root: /home/jramos/Programacion/GITHUB_REPO_DIR/topology/test/Test-Segment/__pycache__/test_Segment.cpython-38.pyc; root: /home/jramos/Programacion/GITHUB_REPO_DIR/topology; mapped root: null
2024-09-05 19:59:12,822 [  27403]   WARN - #g.r.GitUntrackedFilesHolder - Ignoring ignored file under another root: /home/jramos/Programacion/GITHUB_REPO_DIR/topology/test/Test-indigo/__pycache__/test_indigo.cpython-38.pyc; root: /home/jramos/Programacion/GITHUB_REPO_DIR/topology; mapped root: null
2024-09-05 19:59:12,823 [  27404]   WARN - #g.r.GitUntrackedFilesHolder - Ignoring ignored file under another root: /home/jramos/Programacion/GITHUB_REPO_DIR/topology/utils/__pycache__/parse_arguments.cpython-38.pyc; root: /home/jramos/Programacion/GITHUB_REPO_DIR/topology; mapped root: null
2024-09-05 19:59:12,823 [  27404]   WARN - #g.r.GitUntrackedFilesHolder - Ignoring ignored file under another root: /home/jramos/Programacion/GITHUB_REPO_DIR/topology/utils/__pycache__/Logger.cpython-38.pyc; root: /home/jramos/Programacion/GITHUB_REPO_DIR/topology; mapped root: null
2024-09-05 19:59:12,823 [  27404]   WARN - #g.r.GitUntrackedFilesHolder - Ignoring ignored file under another root: /home/jramos/Programacion/GITHUB_REPO_DIR/topology/topology/__pycache__/atomic_data.cpython-310.pyc; root: /home/jramos/Programacion/GITHUB_REPO_DIR/topology; mapped root: null
2024-09-05 19:59:12,824 [  27405]   WARN - #g.r.GitUntrackedFilesHolder - Ignoring ignored files under another root: 45 files total
2024-09-05 19:59:12,841 [  27422]   WARN - #g.r.GitUntrackedFilesHolder - Ignoring ignored file under another root: /home/jramos/Programacion/GITHUB_REPO_DIR/polyanagro/polyanagro/__pycache__; root: /home/jramos/Programacion/GITHUB_REPO_DIR/polyanagro; mapped root: null
2024-09-05 19:59:12,842 [  27423]   WARN - #g.r.GitUntrackedFilesHolder - Ignoring ignored file under another root: /home/jramos/Programacion/GITHUB_REPO_DIR/polyanagro/utils/__pycache__; root: /home/jramos/Programacion/GITHUB_REPO_DIR/polyanagro; mapped root: null
2024-09-05 19:59:15,200 [  29781]   WARN - #c.j.p.s.s.PySkeletonRefresher - Some skeletons failed to generate
2024-09-05 19:59:15,201 [  29782]   WARN - #c.j.p.s.s.PySkeletonRefresher - Bio.PDB.QCPSuperimposer.qcprot
2024-09-05 19:59:15,201 [  29782]   WARN - #c.j.p.s.s.PySkeletonRefresher - debugpy._vendored.pydevd._pydevd_bundle.pydevd_cython
2024-09-05 19:59:15,201 [  29782]   WARN - #c.j.p.s.s.PySkeletonRefresher - debugpy._vendored.pydevd._pydevd_frame_eval.pydevd_frame_evaluator
2024-09-05 19:59:15,201 [  29782]   WARN - #c.j.p.s.s.PySkeletonRefresher - debugpy._vendored.pydevd.pydevd_attach_to_process.attach_linux_amd64
2024-09-05 19:59:15,201 [  29782]   WARN - #c.j.p.s.s.PySkeletonRefresher - freud.libfreud
2024-09-05 19:59:15,201 [  29782]   WARN - #c.j.p.s.s.PySkeletonRefresher - pyarrow.libarrow_python
2024-09-05 19:59:15,201 [  29782]   WARN - #c.j.p.s.s.PySkeletonRefresher - pyarrow.libarrow_python_flight
2024-09-05 19:59:15,201 [  29782]   WARN - #c.j.p.s.s.PySkeletonRefresher - pyarrow.libarrow_python_parquet_encryption
2024-09-05 19:59:18,622 [  33203]   WARN - #c.i.o.a.i.ActionPopupMenuImpl - 2902 ms to fill popup menu ProjectViewPopup
2024-09-05 19:59:18,627 [  33208]   WARN - #c.i.o.a.i.ActionUpdater - 1973 ms to call on BGT RunContextAction#update@ProjectViewPopup (com.intellij.execution.actions.RunContextAction)
2024-09-05 19:59:20,786 [  35367]   WARN - #c.i.o.a.i.ActionPopupMenuImpl - 1804 ms to fill popup menu ProjectViewPopup
2024-09-05 20:00:07,741 [  82322]   WARN - #c.j.p.r.PythonCommandLineState - Python interpreter flavor is not taken into account while initializing Python path
2024-09-05 20:00:19,061 [  93642]   WARN - #c.j.p.r.PythonCommandLineState - Python interpreter flavor is not taken into account while initializing Python path
2024-09-05 20:04:23,196 [ 337777]   WARN - #c.j.p.r.PythonCommandLineState - Python interpreter flavor is not taken into account while initializing Python path
2024-09-05 20:06:20,742 [ 455323]   WARN - #c.j.p.r.PythonCommandLineState - Python interpreter flavor is not taken into account while initializing Python path
2024-09-05 20:07:32,982 [ 527563]   WARN - #c.j.p.r.PythonCommandLineState - Python interpreter flavor is not taken into account while initializing Python path
2024-09-05 20:09:47,808 [ 662389]   WARN - #c.j.p.r.PythonCommandLineState - Python interpreter flavor is not taken into account while initializing Python path
2024-09-05 20:10:06,092 [ 680673]   WARN - #c.i.u.x.Binding - no accessors for org.jetbrains.idea.perforce.perforce.ConnectionId
2024-09-05 20:12:22,387 [ 816968]   WARN - #c.j.p.r.PythonCommandLineState - Python interpreter flavor is not taken into account while initializing Python path
2024-09-05 20:13:13,131 [ 867712]   WARN - #c.j.p.r.PythonCommandLineState - Python interpreter flavor is not taken into account while initializing Python path
2024-09-05 20:14:55,099 [ 969680]   WARN - #c.j.p.r.PythonCommandLineState - Python interpreter flavor is not taken into account while initializing Python path
2024-09-05 20:17:56,533 [1151114]   WARN - #c.j.p.r.PythonCommandLineState - Python interpreter flavor is not taken into account while initializing Python path
2024-09-05 20:18:57,425 [1212006]   WARN - #c.j.p.d.p.MultiProcessDebugger - Accept timed out
java.net.SocketTimeoutException: Accept timed out
	at java.base/sun.nio.ch.NioSocketImpl.timedAccept(NioSocketImpl.java:708)
	at java.base/sun.nio.ch.NioSocketImpl.accept(NioSocketImpl.java:752)
	at java.base/java.net.ServerSocket.implAccept(ServerSocket.java:675)
	at java.base/java.net.ServerSocket.platformImplAccept(ServerSocket.java:641)
	at java.base/java.net.ServerSocket.implAccept(ServerSocket.java:617)
	at java.base/java.net.ServerSocket.implAccept(ServerSocket.java:574)
	at java.base/java.net.ServerSocket.accept(ServerSocket.java:532)
	at com.jetbrains.python.debugger.pydev.transport.ServerModeDebuggerTransport.waitForConnect(ServerModeDebuggerTransport.java:39)
	at com.jetbrains.python.debugger.pydev.RemoteDebugger.waitForConnect(RemoteDebugger.java:118)
	at com.jetbrains.python.debugger.pydev.MultiProcessDebugger$DebuggerProcessAcceptor.run(MultiProcessDebugger.java:529)
	at com.intellij.openapi.application.impl.ApplicationImpl$1.run(ApplicationImpl.java:297)
	at java.base/java.util.concurrent.Executors$RunnableAdapter.call(Executors.java:539)
	at java.base/java.util.concurrent.FutureTask.run(FutureTask.java:264)
	at java.base/java.util.concurrent.ThreadPoolExecutor.runWorker(ThreadPoolExecutor.java:1136)
	at java.base/java.util.concurrent.ThreadPoolExecutor$Worker.run(ThreadPoolExecutor.java:635)
	at java.base/java.util.concurrent.Executors$PrivilegedThreadFactory$1$1.run(Executors.java:702)
	at java.base/java.util.concurrent.Executors$PrivilegedThreadFactory$1$1.run(Executors.java:699)
	at java.base/java.security.AccessController.doPrivileged(AccessController.java:399)
	at java.base/java.util.concurrent.Executors$PrivilegedThreadFactory$1.run(Executors.java:699)
	at java.base/java.lang.Thread.run(Thread.java:833)
2024-09-05 20:19:19,729 [1234310]   WARN - #c.j.p.d.p.MultiProcessDebugger - Socket closed
java.net.SocketException: Socket closed
	at java.base/sun.nio.ch.NioSocketImpl.endAccept(NioSocketImpl.java:689)
	at java.base/sun.nio.ch.NioSocketImpl.accept(NioSocketImpl.java:762)
	at java.base/java.net.ServerSocket.implAccept(ServerSocket.java:675)
	at java.base/java.net.ServerSocket.platformImplAccept(ServerSocket.java:641)
	at java.base/java.net.ServerSocket.implAccept(ServerSocket.java:617)
	at java.base/java.net.ServerSocket.implAccept(ServerSocket.java:574)
	at java.base/java.net.ServerSocket.accept(ServerSocket.java:532)
	at com.jetbrains.python.debugger.pydev.transport.ServerModeDebuggerTransport.waitForConnect(ServerModeDebuggerTransport.java:39)
	at com.jetbrains.python.debugger.pydev.RemoteDebugger.waitForConnect(RemoteDebugger.java:118)
	at com.jetbrains.python.debugger.pydev.MultiProcessDebugger$DebuggerProcessAcceptor.run(MultiProcessDebugger.java:529)
	at com.intellij.openapi.application.impl.ApplicationImpl$1.run(ApplicationImpl.java:297)
	at java.base/java.util.concurrent.Executors$RunnableAdapter.call(Executors.java:539)
	at java.base/java.util.concurrent.FutureTask.run(FutureTask.java:264)
	at java.base/java.util.concurrent.ThreadPoolExecutor.runWorker(ThreadPoolExecutor.java:1136)
	at java.base/java.util.concurrent.ThreadPoolExecutor$Worker.run(ThreadPoolExecutor.java:635)
	at java.base/java.util.concurrent.Executors$PrivilegedThreadFactory$1$1.run(Executors.java:702)
	at java.base/java.util.concurrent.Executors$PrivilegedThreadFactory$1$1.run(Executors.java:699)
	at java.base/java.security.AccessController.doPrivileged(AccessController.java:399)
	at java.base/java.util.concurrent.Executors$PrivilegedThreadFactory$1.run(Executors.java:699)
	at java.base/java.lang.Thread.run(Thread.java:833)
2024-09-05 20:19:20,966 [1235547]   WARN - #c.j.p.r.PythonCommandLineState - Python interpreter flavor is not taken into account while initializing Python path
2024-09-05 20:20:22,651 [1297232]   WARN - #c.j.p.r.PythonCommandLineState - Python interpreter flavor is not taken into account while initializing Python path
2024-09-05 20:21:02,229 [1336810]   WARN - #c.j.p.r.PythonCommandLineState - Python interpreter flavor is not taken into account while initializing Python path
2024-09-05 20:26:44,953 [1679534]   WARN - #c.j.p.r.PythonCommandLineState - Python interpreter flavor is not taken into account while initializing Python path
2024-09-05 20:28:05,738 [1760319]   WARN - #c.j.p.r.PythonCommandLineState - Python interpreter flavor is not taken into account while initializing Python path
2024-09-05 20:29:45,198 [1859779]   WARN - #c.j.p.r.PythonCommandLineState - Python interpreter flavor is not taken into account while initializing Python path
2024-09-05 20:33:47,780 [2102361]   WARN - #c.j.p.r.PythonCommandLineState - Python interpreter flavor is not taken into account while initializing Python path
2024-09-05 20:36:17,740 [2252321]   WARN - #c.j.p.r.PythonCommandLineState - Python interpreter flavor is not taken into account while initializing Python path
2024-09-05 20:36:39,623 [2274204]   WARN - #c.j.p.r.PythonCommandLineState - Python interpreter flavor is not taken into account while initializing Python path
2024-09-05 20:40:59,362 [2533943]   WARN - #c.j.p.r.PythonCommandLineState - Python interpreter flavor is not taken into account while initializing Python path
2024-09-05 20:41:39,553 [2574134]   WARN - #c.j.p.r.PythonCommandLineState - Python interpreter flavor is not taken into account while initializing Python path
2024-09-05 20:42:47,515 [2642096]   WARN - #c.j.p.r.PythonCommandLineState - Python interpreter flavor is not taken into account while initializing Python path
2024-09-05 20:43:08,454 [2663035]   WARN - #c.j.p.r.PythonCommandLineState - Python interpreter flavor is not taken into account while initializing Python path
2024-09-05 21:11:05,014 [4339595]   WARN - #c.j.p.r.PythonCommandLineState - Python interpreter flavor is not taken into account while initializing Python path
2024-09-05 21:13:11,807 [4466388]   WARN - #c.i.e.p.BaseOSProcessHandler - Process hasn't generated any output for a long time.
If it's a long-running mostly idle daemon process, consider overriding OSProcessHandler#readerOptions with 'BaseOutputReader.Options.forMostlySilentProcess()' to reduce CPU usage.
Command line: /home/jramos/Programacion/sandboxes/sandbox_common/bin/python3 /home/jramos/Programacion/GITHUB_REPO_DIR/polyanagro/polyanagro/cmds/center_trajectory.py -t traj_comp.part0001.xtc --topo new_topo.tpr --sel resname BGL 
java.lang.Throwable: Process creation:
	at com.intellij.execution.process.BaseOSProcessHandler.<init>(BaseOSProcessHandler.java:33)
	at com.intellij.execution.process.OSProcessHandler.<init>(OSProcessHandler.java:84)
	at com.intellij.execution.process.KillableProcessHandler.<init>(KillableProcessHandler.java:77)
	at com.intellij.execution.process.ColoredProcessHandler.<init>(ColoredProcessHandler.java:51)
	at com.intellij.execution.process.KillableColoredProcessHandler.<init>(KillableColoredProcessHandler.java:60)
	at com.intellij.execution.process.KillableColoredProcessHandler.<init>(KillableColoredProcessHandler.java:50)
	at com.jetbrains.python.run.PythonProcessHandler.<init>(PythonProcessHandler.java:23)
	at com.jetbrains.python.run.PythonCommandLineState.doCreateProcess(PythonCommandLineState.java:487)
	at com.jetbrains.python.run.PythonCommandLineState.doStartProcess(PythonCommandLineState.java:412)
	at com.jetbrains.python.run.PythonCommandLineState.startProcess(PythonCommandLineState.java:347)
	at com.jetbrains.python.run.PythonCommandLineState.execute(PythonCommandLineState.java:230)
	at com.jetbrains.python.run.PythonScriptCommandLineState.execute(PythonScriptCommandLineState.java:146)
	at com.jetbrains.python.run.PythonCommandLineState.execute(PythonCommandLineState.java:176)
	at com.jetbrains.python.run.PythonRunner.lambda$execute$1(PythonRunner.java:63)
	at java.base/java.util.concurrent.ThreadPoolExecutor.runWorker(ThreadPoolExecutor.java:1136)
	at java.base/java.util.concurrent.ThreadPoolExecutor$Worker.run(ThreadPoolExecutor.java:635)
	at java.base/java.util.concurrent.Executors$PrivilegedThreadFactory$1$1.run(Executors.java:702)
	at java.base/java.util.concurrent.Executors$PrivilegedThreadFactory$1$1.run(Executors.java:699)
	at java.base/java.security.AccessController.doPrivileged(AccessController.java:399)
	at java.base/java.util.concurrent.Executors$PrivilegedThreadFactory$1.run(Executors.java:699)
	at java.base/java.lang.Thread.run(Thread.java:833)
2024-09-05 21:16:49,592 [4684173]   WARN - #c.j.p.r.PythonCommandLineState - Python interpreter flavor is not taken into account while initializing Python path
2024-09-06 08:58:09,522 [46764103]   WARN - #c.j.p.r.PythonCommandLineState - Python interpreter flavor is not taken into account while initializing Python path
2024-09-06 09:02:13,732 [47008313]   WARN - #c.j.p.r.PythonCommandLineState - Python interpreter flavor is not taken into account while initializing Python path
2024-09-06 09:11:17,901 [47552482]   WARN - #c.j.p.r.PythonCommandLineState - Python interpreter flavor is not taken into account while initializing Python path
2024-09-06 09:16:02,113 [47836694]   WARN - #c.j.p.r.PythonCommandLineState - Python interpreter flavor is not taken into account while initializing Python path
2024-09-06 09:26:49,475 [48484056]   WARN - #c.j.p.r.PythonCommandLineState - Python interpreter flavor is not taken into account while initializing Python path
2024-09-06 09:28:09,305 [48563886]   WARN - #c.j.p.r.PythonCommandLineState - Python interpreter flavor is not taken into account while initializing Python path
2024-09-06 09:33:41,823 [48896404]   WARN - #c.j.p.r.PythonCommandLineState - Python interpreter flavor is not taken into account while initializing Python path
2024-09-06 09:34:03,459 [48918040]   WARN - #c.j.p.r.PythonCommandLineState - Python interpreter flavor is not taken into account while initializing Python path
2024-09-06 09:45:04,733 [49579314]   WARN - #c.j.p.r.PythonCommandLineState - Python interpreter flavor is not taken into account while initializing Python path
2024-09-06 09:45:40,513 [49615094]   WARN - #c.j.p.r.PythonCommandLineState - Python interpreter flavor is not taken into account while initializing Python path
2024-09-06 09:56:00,214 [50234795]   WARN - #c.j.p.r.PythonCommandLineState - Python interpreter flavor is not taken into account while initializing Python path
2024-09-06 10:20:42,840 [51717421]   WARN - #c.j.p.r.PythonCommandLineState - Python interpreter flavor is not taken into account while initializing Python path
2024-09-06 10:27:28,307 [52122888]   WARN - #c.j.p.r.PythonCommandLineState - Python interpreter flavor is not taken into account while initializing Python path
2024-09-06 10:28:41,057 [52195638]   WARN - #c.j.p.r.PythonCommandLineState - Python interpreter flavor is not taken into account while initializing Python path
2024-09-06 10:29:38,556 [52253137]   WARN - #c.j.p.r.PythonCommandLineState - Python interpreter flavor is not taken into account while initializing Python path
2024-09-06 10:29:52,092 [52266673]   WARN - #c.j.p.r.PythonCommandLineState - Python interpreter flavor is not taken into account while initializing Python path
2024-09-06 10:36:35,429 [52670010]   WARN - #c.j.p.r.PythonCommandLineState - Python interpreter flavor is not taken into account while initializing Python path
2024-09-06 17:25:52,551 [77227132]   WARN - #g.r.GitUntrackedFilesHolder - Ignoring ignored file under another root: /home/jramos/Programacion/GITHUB_REPO_DIR/replicate_polymer_topology/replicate_polymer_lib/__pycache__/prepare_lammps.cpython-310.pyc; root: /home/jramos/Programacion/GITHUB_REPO_DIR/replicate_polymer_topology; mapped root: null
2024-09-06 17:25:52,552 [77227133]   WARN - #g.r.GitUntrackedFilesHolder - Ignoring ignored file under another root: /home/jramos/Programacion/GITHUB_REPO_DIR/replicate_polymer_topology/tests/__pycache__/05-test_create_polyply.cpython-310.pyc; root: /home/jramos/Programacion/GITHUB_REPO_DIR/replicate_polymer_topology; mapped root: null
2024-09-06 17:25:52,552 [77227133]   WARN - #g.r.GitUntrackedFilesHolder - Ignoring ignored file under another root: /home/jramos/Programacion/GITHUB_REPO_DIR/replicate_polymer_topology/replicate_polymer_lib/__pycache__/__init__.cpython-38.pyc; root: /home/jramos/Programacion/GITHUB_REPO_DIR/replicate_polymer_topology; mapped root: null
2024-09-06 17:25:52,552 [77227133]   WARN - #g.r.GitUntrackedFilesHolder - Ignoring ignored file under another root: /home/jramos/Programacion/GITHUB_REPO_DIR/replicate_polymer_topology/create_lammps_from_gromacs_lib/__pycache__/parse_arguments.cpython-38.pyc; root: /home/jramos/Programacion/GITHUB_REPO_DIR/replicate_polymer_topology; mapped root: null
2024-09-06 17:25:52,552 [77227133]   WARN - #g.r.GitUntrackedFilesHolder - Ignoring ignored file under another root: /home/jramos/Programacion/GITHUB_REPO_DIR/replicate_polymer_topology/replicate_polymer_lib/__pycache__/insert_nonopenmm_ff_terms.cpython-310.pyc; root: /home/jramos/Programacion/GITHUB_REPO_DIR/replicate_polymer_topology; mapped root: null
2024-09-06 17:25:52,552 [77227133]   WARN - #g.r.GitUntrackedFilesHolder - Ignoring ignored file under another root: /home/jramos/Programacion/GITHUB_REPO_DIR/replicate_polymer_topology/replicate_polymer_lib/forcefield/__pycache__/periodic_table.cpython-310.pyc; root: /home/jramos/Programacion/GITHUB_REPO_DIR/replicate_polymer_topology; mapped root: null
2024-09-06 17:25:52,553 [77227134]   WARN - #g.r.GitUntrackedFilesHolder - Ignoring ignored file under another root: /home/jramos/Programacion/GITHUB_REPO_DIR/replicate_polymer_topology/replicate_polymer_lib/forcefield/__pycache__/atomtyper.cpython-38.pyc; root: /home/jramos/Programacion/GITHUB_REPO_DIR/replicate_polymer_topology; mapped root: null
2024-09-06 17:25:52,553 [77227134]   WARN - #g.r.GitUntrackedFilesHolder - Ignoring ignored file under another root: /home/jramos/Programacion/GITHUB_REPO_DIR/replicate_polymer_topology/create_library_monomer_lib/__pycache__/get_all_ff_for_residues.cpython-310.pyc; root: /home/jramos/Programacion/GITHUB_REPO_DIR/replicate_polymer_topology; mapped root: null
2024-09-06 17:25:52,553 [77227134]   WARN - #g.r.GitUntrackedFilesHolder - Ignoring ignored file under another root: /home/jramos/Programacion/GITHUB_REPO_DIR/replicate_polymer_topology/replicate_polymer_lib/forcefield/__pycache__/element.cpython-38.pyc; root: /home/jramos/Programacion/GITHUB_REPO_DIR/replicate_polymer_topology; mapped root: null
2024-09-06 17:25:52,557 [77227138]   WARN - #g.r.GitUntrackedFilesHolder - Ignoring ignored files under another root: 68 files total
2024-09-06 17:25:59,455 [77234036]   WARN - #c.j.p.s.s.PySkeletonRefresher - Some skeletons failed to generate
2024-09-06 17:25:59,455 [77234036]   WARN - #c.j.p.s.s.PySkeletonRefresher - Bio.PDB.QCPSuperimposer.qcprot
2024-09-06 17:25:59,455 [77234036]   WARN - #c.j.p.s.s.PySkeletonRefresher - debugpy._vendored.pydevd._pydevd_bundle.pydevd_cython
2024-09-06 17:25:59,455 [77234036]   WARN - #c.j.p.s.s.PySkeletonRefresher - debugpy._vendored.pydevd._pydevd_frame_eval.pydevd_frame_evaluator
2024-09-06 17:25:59,455 [77234036]   WARN - #c.j.p.s.s.PySkeletonRefresher - debugpy._vendored.pydevd.pydevd_attach_to_process.attach_linux_amd64
2024-09-06 17:25:59,455 [77234036]   WARN - #c.j.p.s.s.PySkeletonRefresher - freud.libfreud
2024-09-06 17:25:59,455 [77234036]   WARN - #c.j.p.s.s.PySkeletonRefresher - pyarrow.libarrow_python
2024-09-06 17:25:59,455 [77234036]   WARN - #c.j.p.s.s.PySkeletonRefresher - pyarrow.libarrow_python_flight
2024-09-06 17:25:59,455 [77234036]   WARN - #c.j.p.s.s.PySkeletonRefresher - pyarrow.libarrow_python_parquet_encryption
2024-09-06 17:26:56,621 [77291202]   WARN - #g.r.GitUntrackedFilesHolder - Ignoring ignored file under another root: /home/jramos/Programacion/GITHUB_REPO_DIR/topology/topology/__pycache__/MolecularGraph.cpython-310.pyc; root: /home/jramos/Programacion/GITHUB_REPO_DIR/topology; mapped root: null
2024-09-06 17:26:56,621 [77291202]   WARN - #g.r.GitUntrackedFilesHolder - Ignoring ignored file under another root: /home/jramos/Programacion/GITHUB_REPO_DIR/topology/topology/readmol/__pycache__/__init__.cpython-38.pyc; root: /home/jramos/Programacion/GITHUB_REPO_DIR/topology; mapped root: null
2024-09-06 17:26:56,621 [77291202]   WARN - #g.r.GitUntrackedFilesHolder - Ignoring ignored file under another root: /home/jramos/Programacion/GITHUB_REPO_DIR/topology/test/Test-ReadMol2/__pycache__/Test_readmol2.cpython-38.pyc; root: /home/jramos/Programacion/GITHUB_REPO_DIR/topology; mapped root: null
2024-09-06 17:26:56,621 [77291202]   WARN - #g.r.GitUntrackedFilesHolder - Ignoring ignored file under another root: /home/jramos/Programacion/GITHUB_REPO_DIR/topology/topology/readmol/__pycache__/readdataLAMMPSformat.cpython-38.pyc; root: /home/jramos/Programacion/GITHUB_REPO_DIR/topology; mapped root: null
2024-09-06 17:26:56,621 [77291202]   WARN - #g.r.GitUntrackedFilesHolder - Ignoring ignored file under another root: /home/jramos/Programacion/GITHUB_REPO_DIR/topology/test/Test-Segment/__pycache__/test_Segment.cpython-38.pyc; root: /home/jramos/Programacion/GITHUB_REPO_DIR/topology; mapped root: null
2024-09-06 17:26:56,621 [77291202]   WARN - #g.r.GitUntrackedFilesHolder - Ignoring ignored file under another root: /home/jramos/Programacion/GITHUB_REPO_DIR/topology/test/Test-indigo/__pycache__/test_indigo.cpython-38.pyc; root: /home/jramos/Programacion/GITHUB_REPO_DIR/topology; mapped root: null
2024-09-06 17:26:56,622 [77291203]   WARN - #g.r.GitUntrackedFilesHolder - Ignoring ignored file under another root: /home/jramos/Programacion/GITHUB_REPO_DIR/topology/utils/__pycache__/parse_arguments.cpython-38.pyc; root: /home/jramos/Programacion/GITHUB_REPO_DIR/topology; mapped root: null
2024-09-06 17:26:56,622 [77291203]   WARN - #g.r.GitUntrackedFilesHolder - Ignoring ignored file under another root: /home/jramos/Programacion/GITHUB_REPO_DIR/topology/utils/__pycache__/Logger.cpython-38.pyc; root: /home/jramos/Programacion/GITHUB_REPO_DIR/topology; mapped root: null
2024-09-06 17:26:56,622 [77291203]   WARN - #g.r.GitUntrackedFilesHolder - Ignoring ignored file under another root: /home/jramos/Programacion/GITHUB_REPO_DIR/topology/topology/__pycache__/atomic_data.cpython-310.pyc; root: /home/jramos/Programacion/GITHUB_REPO_DIR/topology; mapped root: null
2024-09-06 17:26:56,622 [77291203]   WARN - #g.r.GitUntrackedFilesHolder - Ignoring ignored files under another root: 45 files total
2024-09-06 17:27:02,256 [77296837]   WARN - #c.j.p.s.s.PySkeletonRefresher - Some skeletons failed to generate
2024-09-06 17:27:02,256 [77296837]   WARN - #c.j.p.s.s.PySkeletonRefresher - Bio.PDB.QCPSuperimposer.qcprot
2024-09-06 17:27:02,256 [77296837]   WARN - #c.j.p.s.s.PySkeletonRefresher - debugpy._vendored.pydevd._pydevd_bundle.pydevd_cython
2024-09-06 17:27:02,256 [77296837]   WARN - #c.j.p.s.s.PySkeletonRefresher - debugpy._vendored.pydevd._pydevd_frame_eval.pydevd_frame_evaluator
2024-09-06 17:27:02,256 [77296837]   WARN - #c.j.p.s.s.PySkeletonRefresher - debugpy._vendored.pydevd.pydevd_attach_to_process.attach_linux_amd64
2024-09-06 17:27:02,256 [77296837]   WARN - #c.j.p.s.s.PySkeletonRefresher - freud.libfreud
2024-09-06 17:27:02,257 [77296838]   WARN - #c.j.p.s.s.PySkeletonRefresher - pyarrow.libarrow_python
2024-09-06 17:27:02,257 [77296838]   WARN - #c.j.p.s.s.PySkeletonRefresher - pyarrow.libarrow_python_flight
2024-09-06 17:27:02,257 [77296838]   WARN - #c.j.p.s.s.PySkeletonRefresher - pyarrow.libarrow_python_parquet_encryption
2024-09-06 17:35:16,739 [77791320]   WARN - #c.j.p.r.PythonCommandLineState - Python interpreter flavor is not taken into account while initializing Python path
2024-09-06 17:35:51,485 [77826066]   WARN - #c.j.p.r.PythonCommandLineState - Python interpreter flavor is not taken into account while initializing Python path
2024-09-06 17:36:09,135 [77843716]   WARN - #c.j.p.r.PythonCommandLineState - Python interpreter flavor is not taken into account while initializing Python path
2024-09-06 17:37:21,086 [77915667]   WARN - #c.j.p.r.PythonCommandLineState - Python interpreter flavor is not taken into account while initializing Python path
2024-09-06 17:42:30,036 [78224617]   WARN - #c.j.p.r.PythonCommandLineState - Python interpreter flavor is not taken into account while initializing Python path
2024-09-06 17:42:40,181 [78234762]   WARN - #c.j.p.r.PythonCommandLineState - Python interpreter flavor is not taken into account while initializing Python path
2024-09-06 17:42:55,139 [78249720]   WARN - #c.j.p.r.PythonCommandLineState - Python interpreter flavor is not taken into account while initializing Python path
2024-09-06 17:43:19,720 [78274301]   WARN - #c.j.p.r.PythonCommandLineState - Python interpreter flavor is not taken into account while initializing Python path
2024-09-06 17:43:29,995 [78284576]   WARN - #c.j.p.r.PythonCommandLineState - Python interpreter flavor is not taken into account while initializing Python path
2024-09-06 17:45:10,965 [78385546]   WARN - #c.j.p.r.PythonCommandLineState - Python interpreter flavor is not taken into account while initializing Python path
2024-09-06 17:45:31,822 [78406403]   WARN - #c.j.p.r.PythonCommandLineState - Python interpreter flavor is not taken into account while initializing Python path
2024-09-06 17:46:03,012 [78437593]   WARN - #c.j.p.r.PythonCommandLineState - Python interpreter flavor is not taken into account while initializing Python path
2024-09-06 17:49:32,689 [78647270] SEVERE - #c.i.u.IdempotenceChecker - Non-idempotent computation: it returns different results when invoked multiple times or on different threads:
  0 != 1
  which is length of [] and [PyFunction('append')@0]

Recomputation gives [Lcom.intellij.psi.ResolveResult;@f2148a4 (class [Lcom.intellij.psi.ResolveResult;) which is equivalent to 'fresh'
Recomputation log:
  Resolving PyQualifiedReference(PyReferenceExpression: append,com.jetbrains.python.psi.resolve.PyResolveContext@61efbe5) of class com.jetbrains.python.psi.impl.references.PyQualifiedReference [Plugin: Pythonid]
com.intellij.diagnostic.PluginException: Non-idempotent computation: it returns different results when invoked multiple times or on different threads:
  0 != 1
  which is length of [] and [PyFunction('append')@0]

Recomputation gives [Lcom.intellij.psi.ResolveResult;@f2148a4 (class [Lcom.intellij.psi.ResolveResult;) which is equivalent to 'fresh'
Recomputation log:
  Resolving PyQualifiedReference(PyReferenceExpression: append,com.jetbrains.python.psi.resolve.PyResolveContext@61efbe5) of class com.jetbrains.python.psi.impl.references.PyQualifiedReference [Plugin: Pythonid]
	at com.intellij.diagnostic.PluginProblemReporterImpl.createPluginExceptionByClass(PluginProblemReporterImpl.java:23)
	at com.intellij.diagnostic.PluginException.createByClass(PluginException.java:83)
	at com.intellij.util.IdempotenceChecker.reportFailure(IdempotenceChecker.java:90)
	at com.intellij.util.IdempotenceChecker.checkEquivalence(IdempotenceChecker.java:77)
	at com.intellij.psi.impl.source.resolve.ResolveCache.cache(ResolveCache.java:322)
	at com.intellij.psi.impl.source.resolve.ResolveCache.resolve(ResolveCache.java:249)
	at com.intellij.psi.impl.source.resolve.ResolveCache.resolve(ResolveCache.java:154)
	at com.intellij.psi.impl.source.resolve.ResolveCache.resolveWithCaching(ResolveCache.java:169)
	at com.intellij.psi.impl.source.resolve.ResolveCache.resolveWithCaching(ResolveCache.java:162)
	at com.jetbrains.python.psi.impl.references.PyReferenceImpl.multiResolve(PyReferenceImpl.java:94)
	at com.jetbrains.python.psi.PyUtil.multiResolveTopPriority(PyUtil.java:517)
	at com.jetbrains.python.codeInsight.typing.PyTypingTypeProvider.tryResolvingWithAliases(PyTypingTypeProvider.java:1612)
	at com.jetbrains.python.codeInsight.typing.PyTypingTypeProvider.tryResolving(PyTypingTypeProvider.java:1601)
	at com.jetbrains.python.codeInsight.typing.PyTypingTypeProvider.resolveToQualifiedNames(PyTypingTypeProvider.java:1667)
	at com.jetbrains.python.codeInsight.typing.PyTypedDictTypeProvider$Companion.isTypedDict(PyTypedDictTypeProvider.kt:48)
	at com.jetbrains.python.codeInsight.typing.PyTypedDictTypeProvider$Companion.getTypedDictTypeForCallee(PyTypedDictTypeProvider.kt:117)
	at com.jetbrains.python.codeInsight.typing.PyTypedDictTypeProvider$Companion.access$getTypedDictTypeForCallee(PyTypedDictTypeProvider.kt:39)
	at com.jetbrains.python.codeInsight.typing.PyTypedDictTypeProvider.getReferenceExpressionType(PyTypedDictTypeProvider.kt:28)
	at com.jetbrains.python.psi.impl.PyReferenceExpressionImpl.getTypeFromProviders(PyReferenceExpressionImpl.java:383)
	at com.jetbrains.python.psi.impl.PyReferenceExpressionImpl.getType(PyReferenceExpressionImpl.java:217)
	at com.jetbrains.python.psi.types.TypeEvalContext.lambda$getType$0(TypeEvalContext.java:176)
	at com.intellij.openapi.util.RecursionManager$1.computePreventingRecursion(RecursionManager.java:114)
	at com.intellij.openapi.util.RecursionGuard.doPreventingRecursion(RecursionGuard.java:44)
	at com.intellij.openapi.util.RecursionManager.doPreventingRecursion(RecursionManager.java:68)
	at com.jetbrains.python.psi.types.TypeEvalContext.getType(TypeEvalContext.java:165)
	at com.jetbrains.python.psi.impl.PyCallExpressionHelper.getExplicitResolveResults(PyCallExpressionHelper.java:222)
	at com.jetbrains.python.psi.impl.PyCallExpressionHelper.lambda$multiResolveCallee$1(PyCallExpressionHelper.java:196)
	at com.jetbrains.python.psi.PyUtil.getNullableParameterizedCachedValue(PyUtil.java:676)
	at com.jetbrains.python.psi.PyUtil.getParameterizedCachedValue(PyUtil.java:654)
	at com.jetbrains.python.psi.impl.PyCallExpressionHelper.multiResolveCallee(PyCallExpressionHelper.java:192)
	at com.jetbrains.python.psi.impl.PyCallExpressionHelper.getCallType(PyCallExpressionHelper.java:589)
	at com.jetbrains.python.psi.impl.PyCallExpressionImpl.getType(PyCallExpressionImpl.java:64)
	at com.jetbrains.python.psi.types.TypeEvalContext.lambda$getType$0(TypeEvalContext.java:176)
	at com.intellij.openapi.util.RecursionManager$1.computePreventingRecursion(RecursionManager.java:114)
	at com.intellij.openapi.util.RecursionGuard.doPreventingRecursion(RecursionGuard.java:44)
	at com.intellij.openapi.util.RecursionManager.doPreventingRecursion(RecursionManager.java:68)
	at com.jetbrains.python.psi.types.TypeEvalContext.getType(TypeEvalContext.java:165)
	at com.jetbrains.python.inspections.PyAsyncCallInspection$Visitor.isAwaitableCall(PyAsyncCallInspection.kt:62)
	at com.jetbrains.python.inspections.PyAsyncCallInspection$Visitor.visitPyExpressionStatement(PyAsyncCallInspection.kt:32)
	at com.jetbrains.python.psi.impl.PyExpressionStatementImpl.acceptPyVisitor(PyExpressionStatementImpl.java:25)
	at com.jetbrains.python.psi.impl.PyBaseElementImpl.accept(PyBaseElementImpl.java:61)
	at com.intellij.codeInsight.daemon.impl.InspectionRunner.lambda$processInOrder$10(InspectionRunner.java:317)
	at com.intellij.openapi.application.impl.ApplicationImpl.tryRunReadAction(ApplicationImpl.java:1154)
	at com.intellij.codeInsight.daemon.impl.InspectionRunner.lambda$processInOrder$11(InspectionRunner.java:325)
	at com.intellij.openapi.application.impl.ReadMostlyRWLock.executeByImpatientReader(ReadMostlyRWLock.java:174)
	at com.intellij.openapi.application.impl.ApplicationImpl.executeByImpatientReader(ApplicationImpl.java:215)
	at com.intellij.codeInsight.daemon.impl.InspectionRunner.lambda$processInOrder$12(InspectionRunner.java:331)
	at com.intellij.util.AstLoadingFilter.forceAllowTreeLoading(AstLoadingFilter.java:159)
	at com.intellij.util.AstLoadingFilter.forceAllowTreeLoading(AstLoadingFilter.java:151)
	at com.intellij.codeInsight.daemon.impl.InspectionRunner.lambda$processInOrder$13(InspectionRunner.java:294)
	at com.intellij.util.AstLoadingFilter.disallowTreeLoading(AstLoadingFilter.java:130)
	at com.intellij.util.AstLoadingFilter.disallowTreeLoading(AstLoadingFilter.java:119)
	at com.intellij.codeInsight.daemon.impl.InspectionRunner.lambda$processInOrder$14(InspectionRunner.java:294)
	at com.intellij.concurrency.JobLauncherImpl$1MyProcessQueueTask.lambda$call$0(JobLauncherImpl.java:297)
	at com.intellij.openapi.progress.impl.CoreProgressManager.lambda$executeProcessUnderProgress$12(CoreProgressManager.java:608)
	at com.intellij.openapi.progress.impl.CoreProgressManager.registerIndicatorAndRun(CoreProgressManager.java:683)
	at com.intellij.openapi.progress.impl.CoreProgressManager.computeUnderProgress(CoreProgressManager.java:639)
	at com.intellij.openapi.progress.impl.CoreProgressManager.executeProcessUnderProgress(CoreProgressManager.java:607)
	at com.intellij.openapi.progress.impl.ProgressManagerImpl.executeProcessUnderProgress(ProgressManagerImpl.java:60)
	at com.intellij.concurrency.JobLauncherImpl$1MyProcessQueueTask.call(JobLauncherImpl.java:282)
	at com.intellij.concurrency.JobLauncherImpl$1MyProcessQueueTask.call(JobLauncherImpl.java:270)
	at java.base/java.util.concurrent.ForkJoinTask$AdaptedCallable.exec(ForkJoinTask.java:1428)
	at java.base/java.util.concurrent.ForkJoinTask.doExec(ForkJoinTask.java:373)
	at java.base/java.util.concurrent.ForkJoinPool$WorkQueue.topLevelExec(ForkJoinPool.java:1182)
	at java.base/java.util.concurrent.ForkJoinPool.scan(ForkJoinPool.java:1655)
	at java.base/java.util.concurrent.ForkJoinPool.runWorker(ForkJoinPool.java:1622)
	at java.base/java.util.concurrent.ForkJoinWorkerThread.run(ForkJoinWorkerThread.java:165)
2024-09-06 17:49:32,694 [78647275] SEVERE - #c.i.u.IdempotenceChecker - PyCharm 2022.2  Build #PY-222.3345.131
2024-09-06 17:49:32,697 [78647278] SEVERE - #c.i.u.IdempotenceChecker - JDK: 17.0.3; VM: OpenJDK 64-Bit Server VM; Vendor: JetBrains s.r.o.
2024-09-06 17:49:32,697 [78647278] SEVERE - #c.i.u.IdempotenceChecker - OS: Linux
2024-09-06 17:50:24,736 [78699317]   WARN - #c.j.p.r.PythonCommandLineState - Python interpreter flavor is not taken into account while initializing Python path
2024-09-06 18:01:25,039 [79359620]   WARN - #c.j.p.r.PythonCommandLineState - Python interpreter flavor is not taken into account while initializing Python path
2024-09-06 18:03:30,698 [79485279]   WARN - #c.j.p.r.PythonCommandLineState - Python interpreter flavor is not taken into account while initializing Python path
2024-09-06 18:06:55,896 [79690477]   WARN - #c.j.p.r.PythonCommandLineState - Python interpreter flavor is not taken into account while initializing Python path
2024-09-06 19:47:20,262 [85714843]   WARN - #c.j.p.r.PythonCommandLineState - Python interpreter flavor is not taken into account while initializing Python path
2024-09-06 19:52:52,774 [86047355]   WARN - #c.j.p.r.PythonCommandLineState - Python interpreter flavor is not taken into account while initializing Python path
2024-09-06 19:58:50,356 [86404937]   WARN - #c.j.p.r.PythonCommandLineState - Python interpreter flavor is not taken into account while initializing Python path
2024-09-06 20:00:58,130 [86532711]   WARN - #c.j.p.r.PythonCommandLineState - Python interpreter flavor is not taken into account while initializing Python path
2024-09-06 20:05:28,674 [86803255]   WARN - #c.j.p.d.PyDebugValue - Error resolving variables Traceback (most recent call last):
  File "/opt/JetBrains/pycharm-2022.2/plugins/python/helpers/pydev/_pydevd_bundle/pydevd_resolver.py", line 213, in resolve
    return dict[key]
KeyError: 'Exception'

During handling of the above exception, another exception occurred:

Traceback (most recent call last):
  File "/opt/JetBrains/pycharm-2022.2/plugins/python/helpers/pydev/_pydevd_bundle/pydevd_comm.py", line 1245, in do_it
    _typeName, val_dict = pydevd_vars.resolve_compound_variable_fields(self.thread_id, self.frame_id, self.scope, self.attributes, dbg.get_user_type_renderers())
  File "/opt/JetBrains/pycharm-2022.2/plugins/python/helpers/pydev/_pydevd_bundle/pydevd_vars.py", line 300, in resolve_compound_variable_fields
    var = getVariable(thread_id, frame_id, scope, attrs)
  File "/opt/JetBrains/pycharm-2022.2/plugins/python/helpers/pydev/_pydevd_bundle/pydevd_vars.py", line 241, in getVariable
    var = resolver.resolve(var, k)
  File "/opt/JetBrains/pycharm-2022.2/plugins/python/helpers/pydev/_pydevd_bundle/pydevd_resolver.py", line 215, in resolve
    return getattr(dict, key)
AttributeError: 'dict' object has no attribute 'Exception'
com.jetbrains.python.debugger.PyDebuggerException: Error resolving variables Traceback (most recent call last):
  File "/opt/JetBrains/pycharm-2022.2/plugins/python/helpers/pydev/_pydevd_bundle/pydevd_resolver.py", line 213, in resolve
    return dict[key]
KeyError: 'Exception'

During handling of the above exception, another exception occurred:

Traceback (most recent call last):
  File "/opt/JetBrains/pycharm-2022.2/plugins/python/helpers/pydev/_pydevd_bundle/pydevd_comm.py", line 1245, in do_it
    _typeName, val_dict = pydevd_vars.resolve_compound_variable_fields(self.thread_id, self.frame_id, self.scope, self.attributes, dbg.get_user_type_renderers())
  File "/opt/JetBrains/pycharm-2022.2/plugins/python/helpers/pydev/_pydevd_bundle/pydevd_vars.py", line 300, in resolve_compound_variable_fields
    var = getVariable(thread_id, frame_id, scope, attrs)
  File "/opt/JetBrains/pycharm-2022.2/plugins/python/helpers/pydev/_pydevd_bundle/pydevd_vars.py", line 241, in getVariable
    var = resolver.resolve(var, k)
  File "/opt/JetBrains/pycharm-2022.2/plugins/python/helpers/pydev/_pydevd_bundle/pydevd_resolver.py", line 215, in resolve
    return getattr(dict, key)
AttributeError: 'dict' object has no attribute 'Exception'
	at com.jetbrains.python.debugger.pydev.AbstractCommand.processResponse(AbstractCommand.java:235)
	at com.jetbrains.python.debugger.pydev.GetFrameCommand.processResponse(GetFrameCommand.java:40)
	at com.jetbrains.python.debugger.pydev.AbstractCommand.execute(AbstractCommand.java:166)
	at com.jetbrains.python.debugger.pydev.RemoteDebugger.executeCommand(RemoteDebugger.java:794)
	at com.jetbrains.python.debugger.pydev.RemoteDebugger.loadVariable(RemoteDebugger.java:191)
	at com.jetbrains.python.debugger.pydev.MultiProcessDebugger.loadVariable(MultiProcessDebugger.java:234)
	at com.jetbrains.python.debugger.PyDebugProcess.loadVariableDefaultView(PyDebugProcess.java:933)
	at com.jetbrains.python.debugger.PyDebugProcess.loadVariable(PyDebugProcess.java:944)
	at com.jetbrains.python.debugger.PyDebugValue.lambda$computeChildren$1(PyDebugValue.java:491)
	at com.intellij.openapi.application.impl.ApplicationImpl$1.run(ApplicationImpl.java:297)
	at java.base/java.util.concurrent.Executors$RunnableAdapter.call(Executors.java:539)
	at java.base/java.util.concurrent.FutureTask.run(FutureTask.java:264)
	at java.base/java.util.concurrent.ThreadPoolExecutor.runWorker(ThreadPoolExecutor.java:1136)
	at java.base/java.util.concurrent.ThreadPoolExecutor$Worker.run(ThreadPoolExecutor.java:635)
	at java.base/java.util.concurrent.Executors$PrivilegedThreadFactory$1$1.run(Executors.java:702)
	at java.base/java.util.concurrent.Executors$PrivilegedThreadFactory$1$1.run(Executors.java:699)
	at java.base/java.security.AccessController.doPrivileged(AccessController.java:399)
	at java.base/java.util.concurrent.Executors$PrivilegedThreadFactory$1.run(Executors.java:699)
	at java.base/java.lang.Thread.run(Thread.java:833)
2024-09-06 20:13:44,167 [87298748]   WARN - #c.i.o.a.e.ActionUtil - Can not find action by id CompileDirty
2024-09-06 20:14:23,960 [87338541]   WARN - #c.j.p.r.PythonCommandLineState - Python interpreter flavor is not taken into account while initializing Python path
2024-09-06 20:20:04,984 [87679565]   WARN - #c.j.p.r.PythonCommandLineState - Python interpreter flavor is not taken into account while initializing Python path
2024-09-06 20:20:18,170 [87692751]   WARN - #c.j.p.r.PythonCommandLineState - Python interpreter flavor is not taken into account while initializing Python path
2024-09-06 21:07:06,286 [90500867]   WARN - #g.r.GitUntrackedFilesHolder - Ignoring ignored file under another root: /home/jramos/Programacion/GITHUB_REPO_DIR/topology/topology/__pycache__/MolecularGraph.cpython-310.pyc; root: /home/jramos/Programacion/GITHUB_REPO_DIR/topology; mapped root: null
2024-09-06 21:07:06,286 [90500867]   WARN - #g.r.GitUntrackedFilesHolder - Ignoring ignored file under another root: /home/jramos/Programacion/GITHUB_REPO_DIR/topology/topology/readmol/__pycache__/__init__.cpython-38.pyc; root: /home/jramos/Programacion/GITHUB_REPO_DIR/topology; mapped root: null
2024-09-06 21:07:06,286 [90500867]   WARN - #g.r.GitUntrackedFilesHolder - Ignoring ignored file under another root: /home/jramos/Programacion/GITHUB_REPO_DIR/topology/test/Test-ReadMol2/__pycache__/Test_readmol2.cpython-38.pyc; root: /home/jramos/Programacion/GITHUB_REPO_DIR/topology; mapped root: null
2024-09-06 21:07:06,286 [90500867]   WARN - #g.r.GitUntrackedFilesHolder - Ignoring ignored file under another root: /home/jramos/Programacion/GITHUB_REPO_DIR/topology/topology/readmol/__pycache__/readdataLAMMPSformat.cpython-38.pyc; root: /home/jramos/Programacion/GITHUB_REPO_DIR/topology; mapped root: null
2024-09-06 21:07:06,286 [90500867]   WARN - #g.r.GitUntrackedFilesHolder - Ignoring ignored file under another root: /home/jramos/Programacion/GITHUB_REPO_DIR/topology/test/Test-Segment/__pycache__/test_Segment.cpython-38.pyc; root: /home/jramos/Programacion/GITHUB_REPO_DIR/topology; mapped root: null
2024-09-06 21:07:06,286 [90500867]   WARN - #g.r.GitUntrackedFilesHolder - Ignoring ignored file under another root: /home/jramos/Programacion/GITHUB_REPO_DIR/topology/test/Test-indigo/__pycache__/test_indigo.cpython-38.pyc; root: /home/jramos/Programacion/GITHUB_REPO_DIR/topology; mapped root: null
2024-09-06 21:07:06,286 [90500867]   WARN - #g.r.GitUntrackedFilesHolder - Ignoring ignored file under another root: /home/jramos/Programacion/GITHUB_REPO_DIR/topology/utils/__pycache__/parse_arguments.cpython-38.pyc; root: /home/jramos/Programacion/GITHUB_REPO_DIR/topology; mapped root: null
2024-09-06 21:07:06,287 [90500868]   WARN - #g.r.GitUntrackedFilesHolder - Ignoring ignored file under another root: /home/jramos/Programacion/GITHUB_REPO_DIR/topology/utils/__pycache__/Logger.cpython-38.pyc; root: /home/jramos/Programacion/GITHUB_REPO_DIR/topology; mapped root: null
2024-09-06 21:07:06,287 [90500868]   WARN - #g.r.GitUntrackedFilesHolder - Ignoring ignored file under another root: /home/jramos/Programacion/GITHUB_REPO_DIR/topology/topology/__pycache__/atomic_data.cpython-310.pyc; root: /home/jramos/Programacion/GITHUB_REPO_DIR/topology; mapped root: null
2024-09-06 21:07:06,287 [90500868]   WARN - #g.r.GitUntrackedFilesHolder - Ignoring ignored files under another root: 45 files total
2024-09-06 21:08:23,072 [90577653]   WARN - #g.r.GitUntrackedFilesHolder - Ignoring ignored file under another root: /home/jramos/Programacion/GITHUB_REPO_DIR/polyanagro/polyanagro/__pycache__; root: /home/jramos/Programacion/GITHUB_REPO_DIR/polyanagro; mapped root: null
2024-09-06 21:08:23,072 [90577653]   WARN - #g.r.GitUntrackedFilesHolder - Ignoring ignored file under another root: /home/jramos/Programacion/GITHUB_REPO_DIR/polyanagro/utils/__pycache__; root: /home/jramos/Programacion/GITHUB_REPO_DIR/polyanagro; mapped root: null
2024-09-06 21:08:34,471 [90589052]   WARN - #c.j.p.s.s.PySkeletonRefresher - Some skeletons failed to generate
2024-09-06 21:08:34,472 [90589053]   WARN - #c.j.p.s.s.PySkeletonRefresher - Bio.PDB.QCPSuperimposer.qcprot
2024-09-06 21:08:34,472 [90589053]   WARN - #c.j.p.s.s.PySkeletonRefresher - debugpy._vendored.pydevd._pydevd_bundle.pydevd_cython
2024-09-06 21:08:34,472 [90589053]   WARN - #c.j.p.s.s.PySkeletonRefresher - debugpy._vendored.pydevd._pydevd_frame_eval.pydevd_frame_evaluator
2024-09-06 21:08:34,472 [90589053]   WARN - #c.j.p.s.s.PySkeletonRefresher - debugpy._vendored.pydevd.pydevd_attach_to_process.attach_linux_amd64
2024-09-06 21:08:34,472 [90589053]   WARN - #c.j.p.s.s.PySkeletonRefresher - freud.libfreud
2024-09-06 21:08:34,472 [90589053]   WARN - #c.j.p.s.s.PySkeletonRefresher - pyarrow.libarrow_python
2024-09-06 21:08:34,472 [90589053]   WARN - #c.j.p.s.s.PySkeletonRefresher - pyarrow.libarrow_python_flight
2024-09-06 21:08:34,472 [90589053]   WARN - #c.j.p.s.s.PySkeletonRefresher - pyarrow.libarrow_python_parquet_encryption
2024-09-06 21:08:38,275 [90592856]   WARN - #c.i.i.s.download - Shared indexes download was cancelled. Indexing has completed faster
2024-09-06 21:11:06,009 [90740590]   WARN - #c.j.p.r.PythonCommandLineState - Python interpreter flavor is not taken into account while initializing Python path
2024-09-06 21:12:18,737 [90813318]   WARN - #c.j.p.r.PythonCommandLineState - Python interpreter flavor is not taken into account while initializing Python path
2024-09-06 21:14:59,595 [90974176]   WARN - #c.j.p.r.PythonCommandLineState - Python interpreter flavor is not taken into account while initializing Python path
2024-09-07 16:17:42,188 [159536769]   WARN - #c.j.p.d.p.MultiProcessDebugger - Socket closed
java.net.SocketException: Socket closed
	at java.base/sun.nio.ch.NioSocketImpl.endAccept(NioSocketImpl.java:689)
	at java.base/sun.nio.ch.NioSocketImpl.accept(NioSocketImpl.java:762)
	at java.base/java.net.ServerSocket.implAccept(ServerSocket.java:675)
	at java.base/java.net.ServerSocket.platformImplAccept(ServerSocket.java:641)
	at java.base/java.net.ServerSocket.implAccept(ServerSocket.java:617)
	at java.base/java.net.ServerSocket.implAccept(ServerSocket.java:574)
	at java.base/java.net.ServerSocket.accept(ServerSocket.java:532)
	at com.jetbrains.python.debugger.pydev.transport.ServerModeDebuggerTransport.waitForConnect(ServerModeDebuggerTransport.java:39)
	at com.jetbrains.python.debugger.pydev.RemoteDebugger.waitForConnect(RemoteDebugger.java:118)
	at com.jetbrains.python.debugger.pydev.MultiProcessDebugger$DebuggerProcessAcceptor.run(MultiProcessDebugger.java:529)
	at com.intellij.openapi.application.impl.ApplicationImpl$1.run(ApplicationImpl.java:297)
	at java.base/java.util.concurrent.Executors$RunnableAdapter.call(Executors.java:539)
	at java.base/java.util.concurrent.FutureTask.run(FutureTask.java:264)
	at java.base/java.util.concurrent.ThreadPoolExecutor.runWorker(ThreadPoolExecutor.java:1136)
	at java.base/java.util.concurrent.ThreadPoolExecutor$Worker.run(ThreadPoolExecutor.java:635)
	at java.base/java.util.concurrent.Executors$PrivilegedThreadFactory$1$1.run(Executors.java:702)
	at java.base/java.util.concurrent.Executors$PrivilegedThreadFactory$1$1.run(Executors.java:699)
	at java.base/java.security.AccessController.doPrivileged(AccessController.java:399)
	at java.base/java.util.concurrent.Executors$PrivilegedThreadFactory$1.run(Executors.java:699)
	at java.base/java.lang.Thread.run(Thread.java:833)
