
    ***********************************************************************
                  Calculate the cohesive energy using GROMACS
        -------------------------------------------------------------

                                Version 1.1

                              Dr. Javier Ramos
                      Macromolecular Physics Department
                Instituto de Estructura de la Materia (IEM-CSIC)
                               Madrid (Spain)

        This utility is part of the polyanagro library. Polyanagro is an
        open-source python library to analyze simulations of polymer systems.

        This software is distributed under the terms of the
        GNU General Public License v3.0 (GNU GPLv3). A copy of
        the license (LICENSE.txt) is included with this distribution.

    ***********************************************************************
        
		Start Job at 14-10-2024 12:21:31 ============

		Command line: 
			python energy_cohesive -t trj_out.xtc --gmxfullpath /optnfs/gromacs/gromacs-2023/gromacs_cpu_aokimaster/bin/gmx --tpr ../../../01-PE_450K/03-PROD_0000_0500ns_450K/new_topo.tpr --topo ../../../01-PE_450K/00-RP_TOPO_LOPLS/trajectory_topo_replicate.top --fraction_trj_avg 0.25
			         or
			energy_cohesive -t trj_out.xtc --gmxfullpath /optnfs/gromacs/gromacs-2023/gromacs_cpu_aokimaster/bin/gmx --tpr ../../../01-PE_450K/03-PROD_0000_0500ns_450K/new_topo.tpr --topo ../../../01-PE_450K/00-RP_TOPO_LOPLS/trajectory_topo_replicate.top --fraction_trj_avg 0.25

		Starting at 14-10-2024 12:21:31 ============

		 Working directory: /optnfs/home/admin_old/jramos/2024-PE_fromCOMPASS/99-ANALYSIS/02-ECOH/01-PE_450K_cut

	*** Creating a trajectory from...
	trj_out.xtc

	*** Building bonds from topology... 
	Setting bond orders: FALSE
	TIME(Building_bonds_from_topology): 7.348113 seconds
	*** End Building bonds from topology... 

	*** Adding topology 
	../../../01-PE_450K/03-PROD_0000_0500ns_450K/new_topo.tpr
	Number of frames: 13
	TIME(Adding topology): 0.391638 seconds
	*** End Adding topology

	Number of frames: 13
	TIME(Read_Trajectories): 7.741122 seconds
	*** End Creating a trajectory 

	*** Molecular weigth...

	Average Molecular Weigth (g/mol) : 2808.02
	Total Molecular Mass (g/mol) : 84240.60

		 Reading the tpr file (../../../01-PE_450K/03-PROD_0000_0500ns_450K/new_topo.tpr)

		 Number of different kind of molecules: defaultdict(None, {'"ETH"': 602})

		 Creating index file (index.ndx)

		 Calculating intramolecular potential energy of the isolated chains. (14-10-2024 12:21:39)
			 Join trajectories to trj_full.xtc. (14-10-2024 12:21:39)
			 Calculating energy for molecule 1 of 30. (14-10-2024 12:21:39)
			 Calculating energy for molecule 2 of 30. (14-10-2024 12:21:44)
			 Calculating energy for molecule 3 of 30. (14-10-2024 12:21:48)
			 Calculating energy for molecule 4 of 30. (14-10-2024 12:21:53)
			 Calculating energy for molecule 5 of 30. (14-10-2024 12:21:58)
			 Calculating energy for molecule 6 of 30. (14-10-2024 12:22:03)
			 Calculating energy for molecule 7 of 30. (14-10-2024 12:22:07)
			 Calculating energy for molecule 8 of 30. (14-10-2024 12:22:12)
			 Calculating energy for molecule 9 of 30. (14-10-2024 12:22:16)
			 Calculating energy for molecule 10 of 30. (14-10-2024 12:22:21)
			 Calculating energy for molecule 11 of 30. (14-10-2024 12:22:26)
			 Calculating energy for molecule 12 of 30. (14-10-2024 12:22:31)
			 Calculating energy for molecule 13 of 30. (14-10-2024 12:22:35)
			 Calculating energy for molecule 14 of 30. (14-10-2024 12:22:40)
			 Calculating energy for molecule 15 of 30. (14-10-2024 12:22:45)
			 Calculating energy for molecule 16 of 30. (14-10-2024 12:22:49)
			 Calculating energy for molecule 17 of 30. (14-10-2024 12:22:53)
			 Calculating energy for molecule 18 of 30. (14-10-2024 12:22:58)
			 Calculating energy for molecule 19 of 30. (14-10-2024 12:23:03)
			 Calculating energy for molecule 20 of 30. (14-10-2024 12:23:08)
			 Calculating energy for molecule 21 of 30. (14-10-2024 12:23:12)
			 Calculating energy for molecule 22 of 30. (14-10-2024 12:23:17)
			 Calculating energy for molecule 23 of 30. (14-10-2024 12:23:21)
			 Calculating energy for molecule 24 of 30. (14-10-2024 12:23:26)
			 Calculating energy for molecule 25 of 30. (14-10-2024 12:23:30)
			 Calculating energy for molecule 26 of 30. (14-10-2024 12:23:34)
			 Calculating energy for molecule 27 of 30. (14-10-2024 12:23:39)
			 Calculating energy for molecule 28 of 30. (14-10-2024 12:23:44)
			 Calculating energy for molecule 29 of 30. (14-10-2024 12:23:48)
			 Calculating energy for molecule 30 of 30. (14-10-2024 12:23:53)
		 Calculating potential energy of the full system. (14-10-2024 12:23:57)

		 Number of rows to average: from 3 to 13
		 From 310000.0 to 490000.0 ps

	*** Average values ***
		 Potential Energy     (kJ/mol)     =   96693.79 +-     758.43 (kJ/mol)
		 Energy cohesive      (kJ/mol)     =   17834.62 +-     548.73 (kJ/mol)
		 Molar volume         (cm^3/mol)   =  117132.27 +-    1724.31 (cm^3/mol)
		 CED                  (J/cm^3)     =     152.35 +-       6.84 (J/cm^3)
		 Solubility parameter (J/cm^3)^0.5 =      12.34 +-       0.28 (J/cm^3)^0.5

		Job  Done at 14-10-2024 12:24:10 ============

