                       :-) GROMACS - gmx mdrun, 2023 (-:

Copyright 1991-2023 The GROMACS Authors.
GROMACS is free software; you can redistribute it and/or modify it
under the terms of the GNU Lesser General Public License
as published by the Free Software Foundation; either version 2.1
of the License, or (at your option) any later version.

                         Current GROMACS contributors:
       Mark Abraham           Andrey Alekseenko           Cathrine Bergh      
      Christian Blau            Eliane Briand             Mahesh Doijade      
    Stefan Fleischmann           Vytas Gapsys              Gaurav Garg        
      Sergey Gorelov         Gilles Gouaillardet            Alan Gray         
     M. Eric Irrgang         Farzaneh Jalalypour            Joe Jordan        
    Christoph Junghans        Prashanth Kanduri          Sebastian Keller     
     Carsten Kutzner           Justin A. Lemkul          Magnus Lundborg      
       Pascal Merz              Vedran Miletic            Dmitry Morozov      
       Szilard Pall             Roland Schulz             Michael Shirts      
     Alexey Shvetsov            Balint Soproni         David van der Spoel    
      Philip Turner             Carsten Uphoff           Alessandra Villa     
 Sebastian Wingbermuehle        Artem Zhmurov       

                         Previous GROMACS contributors:
        Emile Apol             Rossen Apostolov           James Barnett       
  Herman J.C. Berendsen          Par Bjelkmar           Viacheslav Bolnykh    
        Kevin Boyd            Aldert van Buuren          Carlo Camilloni      
     Rudi van Drunen            Anton Feenstra           Oliver Fleetwood     
     Gerrit Groenhof            Bert de Groot             Anca Hamuraru       
    Vincent Hindriksen          Victor Holanda           Aleksei Iupinov      
   Dimitrios Karkoulis           Peter Kasson             Sebastian Kehl      
        Jiri Kraus               Per Larsson              Viveca Lindahl      
      Erik Marklund           Pieter Meulenhoff           Teemu Murtola       
       Sander Pronk             Alfons Sijbers            Peter Tieleman      
       Jon Vincent             Teemu Virolainen         Christian Wennberg    
       Maarten Wolf       

                  Coordinated by the GROMACS project leaders:
                    Paul Bauer, Berk Hess, and Erik Lindahl

GROMACS:      gmx mdrun, version 2023
Executable:   /optnfs/gromacs/gromacs-2023/gromacs_cpu_aokimaster/bin/gmx
Data prefix:  /optnfs/gromacs/gromacs-2023/gromacs_cpu_aokimaster
Working dir:  /optnfs/home/admin_old/jramos/2024-PE_fromCOMPASS/99-ANALYSIS/02-ECOH/01-PE_450K_cut
Process ID:   2121844
Command line:
  gmx mdrun -rerun SC_traj_ch_0003.xtc -s SC_traj_ch_0003.tpr -deffnm SC_traj_ch_0003_out

GROMACS version:    2023
Precision:          mixed
Memory model:       64 bit
MPI library:        thread_mpi
OpenMP support:     enabled (GMX_OPENMP_MAX_THREADS = 128)
GPU support:        disabled
SIMD instructions:  AVX_256
CPU FFT library:    fftw-3.3.8-sse2-avx-avx2-avx2_128
GPU FFT library:    none
Multi-GPU FFT:      none
RDTSCP usage:       enabled
TNG support:        enabled
Hwloc support:      disabled
Tracing support:    disabled
C compiler:         /usr/bin/cc GNU 11.4.0
C compiler flags:   -fexcess-precision=fast -funroll-all-loops -mavx -Wno-missing-field-initializers -O3 -DNDEBUG
C++ compiler:       /usr/bin/c++ GNU 11.4.0
C++ compiler flags: -fexcess-precision=fast -funroll-all-loops -mavx -Wno-missing-field-initializers -Wno-cast-function-type-strict -fopenmp -O3 -DNDEBUG
BLAS library:       External - detected on the system
LAPACK library:     External - detected on the system


Running on 1 node with total 32 cores, 32 processing units
Hardware detected on host aokimaster:
  CPU info:
    Vendor: Intel
    Brand:  Intel(R) Xeon(R) CPU E5-4620 0 @ 2.20GHz
    Family: 6   Model: 45   Stepping: 7
    Features: aes apic avx clfsh cmov cx8 cx16 htt intel lahf mmx msr nonstop_tsc pcid pclmuldq pdcm pdpe1gb popcnt pse rdtscp sse2 sse3 sse4.1 sse4.2 ssse3 tdt x2apic
  Hardware topology: Basic
    Packages, cores, and logical processors:
    [indices refer to OS logical processors]
      Package  0: [   0] [   1] [   2] [   3] [   4] [   5] [   6] [   7]
      Package  1: [   8] [   9] [  10] [  11] [  12] [  13] [  14] [  15]
      Package  2: [  16] [  17] [  18] [  19] [  20] [  21] [  22] [  23]
      Package  3: [  24] [  25] [  26] [  27] [  28] [  29] [  30] [  31]
    CPU limit set by OS: -1   Recommended max number of threads: 32


++++ PLEASE READ AND CITE THE FOLLOWING REFERENCE ++++
M. J. Abraham, T. Murtola, R. Schulz, S. Páll, J. C. Smith, B. Hess, E.
Lindahl
GROMACS: High performance molecular simulations through multi-level
parallelism from laptops to supercomputers
SoftwareX 1 (2015) pp. 19-25
-------- -------- --- Thank You --- -------- --------


++++ PLEASE READ AND CITE THE FOLLOWING REFERENCE ++++
S. Páll, M. J. Abraham, C. Kutzner, B. Hess, E. Lindahl
Tackling Exascale Software Challenges in Molecular Dynamics Simulations with
GROMACS
In S. Markidis & E. Laure (Eds.), Solving Software Challenges for Exascale 8759 (2015) pp. 3-27
-------- -------- --- Thank You --- -------- --------


++++ PLEASE READ AND CITE THE FOLLOWING REFERENCE ++++
S. Pronk, S. Páll, R. Schulz, P. Larsson, P. Bjelkmar, R. Apostolov, M. R.
Shirts, J. C. Smith, P. M. Kasson, D. van der Spoel, B. Hess, and E. Lindahl
GROMACS 4.5: a high-throughput and highly parallel open source molecular
simulation toolkit
Bioinformatics 29 (2013) pp. 845-54
-------- -------- --- Thank You --- -------- --------


++++ PLEASE READ AND CITE THE FOLLOWING REFERENCE ++++
B. Hess and C. Kutzner and D. van der Spoel and E. Lindahl
GROMACS 4: Algorithms for highly efficient, load-balanced, and scalable
molecular simulation
J. Chem. Theory Comput. 4 (2008) pp. 435-447
-------- -------- --- Thank You --- -------- --------


++++ PLEASE READ AND CITE THE FOLLOWING REFERENCE ++++
D. van der Spoel, E. Lindahl, B. Hess, G. Groenhof, A. E. Mark and H. J. C.
Berendsen
GROMACS: Fast, Flexible and Free
J. Comp. Chem. 26 (2005) pp. 1701-1719
-------- -------- --- Thank You --- -------- --------


++++ PLEASE READ AND CITE THE FOLLOWING REFERENCE ++++
E. Lindahl and B. Hess and D. van der Spoel
GROMACS 3.0: A package for molecular simulation and trajectory analysis
J. Mol. Mod. 7 (2001) pp. 306-317
-------- -------- --- Thank You --- -------- --------


++++ PLEASE READ AND CITE THE FOLLOWING REFERENCE ++++
H. J. C. Berendsen, D. van der Spoel and R. van Drunen
GROMACS: A message-passing parallel molecular dynamics implementation
Comp. Phys. Comm. 91 (1995) pp. 43-56
-------- -------- --- Thank You --- -------- --------


++++ PLEASE CITE THE DOI FOR THIS VERSION OF GROMACS ++++
https://doi.org/10.5281/zenodo.7588619
-------- -------- --- Thank You --- -------- --------

Input Parameters:
   integrator                     = md
   tinit                          = 0
   dt                             = 0.001
   nsteps                         = 0
   init-step                      = 0
   simulation-part                = 1
   mts                            = false
   comm-mode                      = Linear
   nstcomm                        = 100
   bd-fric                        = 0
   ld-seed                        = -553648715
   emtol                          = 10
   emstep                         = 0.01
   niter                          = 20
   fcstep                         = 0
   nstcgsteep                     = 1000
   nbfgscorr                      = 10
   rtpi                           = 0.05
   nstxout                        = 100
   nstvout                        = 0
   nstfout                        = 0
   nstlog                         = 0
   nstcalcenergy                  = 100
   nstenergy                      = 100
   nstxout-compressed             = 1
   compressed-x-precision         = 0
   cutoff-scheme                  = Verlet
   nstlist                        = 5
   pbc                            = xyz
   periodic-molecules             = false
   verlet-buffer-tolerance        = 0.005
   rlist                          = 1.2
   coulombtype                    = PME
   coulomb-modifier               = Potential-shift
   rcoulomb-switch                = 0
   rcoulomb                       = 1.2
   epsilon-r                      = 1
   epsilon-rf                     = inf
   vdw-type                       = Cut-off
   vdw-modifier                   = Potential-shift
   rvdw-switch                    = 1
   rvdw                           = 1
   DispCorr                       = No
   table-extension                = 1
   fourierspacing                 = 0.16
   fourier-nx                     = 40
   fourier-ny                     = 40
   fourier-nz                     = 40
   pme-order                      = 4
   ewald-rtol                     = 1e-05
   ewald-rtol-lj                  = 0.001
   lj-pme-comb-rule               = Geometric
   ewald-geometry                 = 3d
   epsilon-surface                = 0
   ensemble-temperature-setting   = constant
   ensemble-temperature           = 400
   tcoupl                         = V-rescale
   nsttcouple                     = 100
   nh-chain-length                = 0
   print-nose-hoover-chain-variables = false
   pcoupl                         = C-rescale
   pcoupltype                     = Isotropic
   nstpcouple                     = 100
   tau-p                          = 5
   compressibility (3x3):
      compressibility[    0]={ 4.50000e-05,  0.00000e+00,  0.00000e+00}
      compressibility[    1]={ 0.00000e+00,  4.50000e-05,  0.00000e+00}
      compressibility[    2]={ 0.00000e+00,  0.00000e+00,  4.50000e-05}
   ref-p (3x3):
      ref-p[    0]={ 1.00000e+00,  0.00000e+00,  0.00000e+00}
      ref-p[    1]={ 0.00000e+00,  1.00000e+00,  0.00000e+00}
      ref-p[    2]={ 0.00000e+00,  0.00000e+00,  1.00000e+00}
   refcoord-scaling               = No
   posres-com (3):
      posres-com[0]= 0.00000e+00
      posres-com[1]= 0.00000e+00
      posres-com[2]= 0.00000e+00
   posres-comB (3):
      posres-comB[0]= 0.00000e+00
      posres-comB[1]= 0.00000e+00
      posres-comB[2]= 0.00000e+00
   QMMM                           = false
qm-opts:
   ngQM                           = 0
   constraint-algorithm           = Lincs
   continuation                   = true
   Shake-SOR                      = false
   shake-tol                      = 0.0001
   lincs-order                    = 4
   lincs-iter                     = 1
   lincs-warnangle                = 30
   nwall                          = 0
   wall-type                      = 9-3
   wall-r-linpot                  = -1
   wall-atomtype[0]               = -1
   wall-atomtype[1]               = -1
   wall-density[0]                = 0
   wall-density[1]                = 0
   wall-ewald-zfac                = 3
   pull                           = false
   awh                            = false
   rotation                       = false
   interactiveMD                  = false
   disre                          = No
   disre-weighting                = Conservative
   disre-mixed                    = false
   dr-fc                          = 1000
   dr-tau                         = 0
   nstdisreout                    = 100
   orire-fc                       = 0
   orire-tau                      = 0
   nstorireout                    = 100
   free-energy                    = no
   cos-acceleration               = 0
   deform (3x3):
      deform[    0]={ 0.00000e+00,  0.00000e+00,  0.00000e+00}
      deform[    1]={ 0.00000e+00,  0.00000e+00,  0.00000e+00}
      deform[    2]={ 0.00000e+00,  0.00000e+00,  0.00000e+00}
   simulated-tempering            = false
   swapcoords                     = no
   userint1                       = 0
   userint2                       = 0
   userint3                       = 0
   userint4                       = 0
   userreal1                      = 0
   userreal2                      = 0
   userreal3                      = 0
   userreal4                      = 0
   applied-forces:
     electric-field:
       x:
         E0                       = 0
         omega                    = 0
         t0                       = 0
         sigma                    = 0
       y:
         E0                       = 0
         omega                    = 0
         t0                       = 0
         sigma                    = 0
       z:
         E0                       = 0
         omega                    = 0
         t0                       = 0
         sigma                    = 0
     density-guided-simulation:
       active                     = false
       group                      = protein
       similarity-measure         = inner-product
       atom-spreading-weight      = unity
       force-constant             = 1e+09
       gaussian-transform-spreading-width = 0.2
       gaussian-transform-spreading-range-in-multiples-of-width = 4
       reference-density-filename = reference.mrc
       nst                        = 1
       normalize-densities        = true
       adaptive-force-scaling     = false
       adaptive-force-scaling-time-constant = 4
       shift-vector               = 
       transformation-matrix      = 
     qmmm-cp2k:
       active                     = false
       qmgroup                    = System
       qmmethod                   = PBE
       qmfilenames                = 
       qmcharge                   = 0
       qmmultiplicity             = 1
grpopts:
   nrdf:        1803
   ref-t:         400
   tau-t:         0.5
annealing:          No
annealing-npoints:           0
   acc:	           0           0           0
   nfreeze:           N           N           N
   energygrp-flags[  0]: 0

Rerun trajectory contains velocities. Rerun does only evaluate potential energy and forces. The velocities will be ignored.
Changing nstlist from 5 to 100, rlist from 1.2 to 1.2


When checking whether update groups are usable:
  No constraints or virtual sites are in use, so it is best not to use update groups

Update task can not run on the GPU, because the following condition(s) were not satisfied:

Either PME or short-ranged non-bonded interaction tasks must run on the GPU.
Compatible GPUs must have been found.
Only CUDA and SYCL builds are supported.
Re-run is not supported.
The number of coupled constraints is higher than supported in the GPU LINCS code.

Initializing Domain Decomposition on 6 ranks
NOTE: disabling dynamic load balancing as it is not supported in reruns.
Dynamic load balancing: off
Minimum cell size due to atom displacement: 1.117 nm
Initial maximum distances in bonded interactions:
    two-body bonded interactions: 0.409 nm, LJ-14, atoms 458 467
  multi-body bonded interactions: 0.409 nm, Ryckaert-Bell., atoms 458 467
Minimum cell size due to bonded interactions: 0.450 nm
To account for pressure scaling, scaling the initial minimum size with 1.05
Using 0 separate PME ranks because: there are too few total ranks for efficient splitting
Optimizing the DD grid for 6 cells with a minimum initial size of 1.173 nm
The maximum allowed number of cells is: X 4 Y 4 Z 4
Domain decomposition grid 3 x 2 x 1, separate PME ranks 0
PME domain decomposition: 3 x 2 x 1
Domain decomposition rank 0, coordinates 0 0 0

The initial number of communication pulses is: X 1 Y 1
The initial domain decomposition cell size is: X 1.94 nm Y 2.91 nm

The maximum allowed distance for atoms involved in interactions is:
                 non-bonded interactions           1.200 nm
(the following are initial values, they could change due to box deformation)
            two-body bonded interactions  (-rdd)   1.200 nm
          multi-body bonded interactions  (-rdd)   1.200 nm

Using 6 MPI threads
Using 5 OpenMP threads per tMPI thread

System total charge: 0.000
Will do PME sum in reciprocal space for electrostatic interactions.

++++ PLEASE READ AND CITE THE FOLLOWING REFERENCE ++++
U. Essmann, L. Perera, M. L. Berkowitz, T. Darden, H. Lee and L. G. Pedersen 
A smooth particle mesh Ewald method
J. Chem. Phys. 103 (1995) pp. 8577-8592
-------- -------- --- Thank You --- -------- --------

Using a Gaussian width (1/beta) of 0.384195 nm for Ewald
Potential shift: LJ r^-12: -1.000e+00 r^-6: -1.000e+00, Ewald -8.333e-06
Initialized non-bonded Coulomb Ewald tables, spacing: 1.02e-03 size: 1176

Generated table with 1100 data points for 1-4 COUL.
Tabscale = 500 points/nm
Generated table with 1100 data points for 1-4 LJ6.
Tabscale = 500 points/nm
Generated table with 1100 data points for 1-4 LJ12.
Tabscale = 500 points/nm


Using SIMD 4x4 nonbonded short-range kernels

Using a 4x4 pair-list setup:
  updated every 100 steps, buffer 0.000 nm, rlist 1.200 nm
At tolerance 0.005 kJ/mol/ps per atom, equivalent classical 1x1 list would be:
  updated every 100 steps, buffer 0.141 nm, rlist 1.341 nm

Using Geometric Lennard-Jones combination rule

Linking all bonded interactions to atoms


Pinning threads with an auto-selected logical cpu stride of 1

Note that it is planned that the command gmx mdrun -rerun will be available in a different form in a future version of GROMACS, e.g. gmx rerun -f.
There are: 602 Atoms

Atom distribution over 6 domains: av 100 stddev 106 min 14 max 321

Started mdrun on rank 0 Mon Oct 14 12:21:57 2024


Rerun does not report kinetic energy, total energy, temperature, virial and pressure.

Atom distribution over 6 domains: av 100 stddev 106 min 14 max 321
           Step           Time
      125000000   250000.00000


   Energies (kJ/mol)
           Bond          Angle Ryckaert-Bell.          LJ-14     Coulomb-14
    1.24283e+03    1.81950e+03    4.45630e+02    2.93421e+02   -1.13724e+02
        LJ (SR)   Coulomb (SR)   Coul. recip.      Potential
   -1.63667e+02    2.97046e+02    3.30093e+01    3.85404e+03


DD  step 134999999 load imb.: force 137.0%

Atom distribution over 6 domains: av 100 stddev 109 min 0 max 306
           Step           Time
      135000000   270000.00000


   Energies (kJ/mol)
           Bond          Angle Ryckaert-Bell.          LJ-14     Coulomb-14
    1.19044e+03    1.72717e+03    4.42839e+02    2.72887e+02   -1.04494e+02
        LJ (SR)   Coulomb (SR)   Coul. recip.      Potential
   -1.76769e+02    2.82023e+02    3.46623e+01    3.66875e+03


DD  step 144999999 load imb.: force 68.7%

Atom distribution over 6 domains: av 100 stddev 117 min 0 max 272
           Step           Time
      145000000   290000.00000


   Energies (kJ/mol)
           Bond          Angle Ryckaert-Bell.          LJ-14     Coulomb-14
    1.28092e+03    1.96685e+03    4.86240e+02    2.72680e+02   -1.05325e+02
        LJ (SR)   Coulomb (SR)   Coul. recip.      Potential
   -1.72681e+02    2.82853e+02    3.25668e+01    4.04410e+03


DD  step 154999999 load imb.: force 140.5%

Atom distribution over 6 domains: av 100 stddev 96 min 0 max 234
           Step           Time
      155000000   310000.00000


   Energies (kJ/mol)
           Bond          Angle Ryckaert-Bell.          LJ-14     Coulomb-14
    1.19976e+03    1.92620e+03    4.70803e+02    3.03166e+02   -1.09050e+02
        LJ (SR)   Coulomb (SR)   Coul. recip.      Potential
   -1.24252e+02    2.84975e+02    3.59786e+01    3.98758e+03


DD  step 164999999 load imb.: force 82.7%

Atom distribution over 6 domains: av 100 stddev 82 min 0 max 224
           Step           Time
      165000000   330000.00000


   Energies (kJ/mol)
           Bond          Angle Ryckaert-Bell.          LJ-14     Coulomb-14
    1.32566e+03    1.73754e+03    5.20689e+02    2.91736e+02   -8.83313e+01
        LJ (SR)   Coulomb (SR)   Coul. recip.      Potential
   -8.81337e+01    2.57574e+02    3.56944e+01    3.99243e+03


DD  step 174999999 load imb.: force 42.6%

Atom distribution over 6 domains: av 100 stddev 75 min 0 max 231
           Step           Time
      175000000   350000.00000


   Energies (kJ/mol)
           Bond          Angle Ryckaert-Bell.          LJ-14     Coulomb-14
    1.25325e+03    1.92604e+03    4.76960e+02    2.98250e+02   -9.40928e+01
        LJ (SR)   Coulomb (SR)   Coul. recip.      Potential
   -1.09801e+02    2.62148e+02    3.51404e+01    4.04790e+03


DD  step 184999999 load imb.: force 55.0%

Atom distribution over 6 domains: av 100 stddev 78 min 16 max 240
           Step           Time
      185000000   370000.00000


   Energies (kJ/mol)
           Bond          Angle Ryckaert-Bell.          LJ-14     Coulomb-14
    1.12712e+03    1.82129e+03    4.68813e+02    2.94381e+02   -1.26247e+02
        LJ (SR)   Coulomb (SR)   Coul. recip.      Potential
   -8.09959e+01    3.06630e+02    3.58678e+01    3.84686e+03


DD  step 194999999 load imb.: force 495.2%

Atom distribution over 6 domains: av 100 stddev 57 min 30 max 189
           Step           Time
      195000000   390000.00000


   Energies (kJ/mol)
           Bond          Angle Ryckaert-Bell.          LJ-14     Coulomb-14
    1.22376e+03    1.86302e+03    4.71321e+02    2.82841e+02   -1.11901e+02
        LJ (SR)   Coulomb (SR)   Coul. recip.      Potential
   -1.97071e+02    2.92018e+02    3.41879e+01    3.85818e+03


DD  step 204999999 load imb.: force 59.6%

Atom distribution over 6 domains: av 100 stddev 97 min 9 max 301
           Step           Time
      205000000   410000.00000


   Energies (kJ/mol)
           Bond          Angle Ryckaert-Bell.          LJ-14     Coulomb-14
    1.42397e+03    1.79918e+03    4.26465e+02    2.58926e+02   -1.12164e+02
        LJ (SR)   Coulomb (SR)   Coul. recip.      Potential
   -2.04453e+02    2.97343e+02    3.34792e+01    3.92275e+03


DD  step 214999999 load imb.: force 56.9%

Atom distribution over 6 domains: av 100 stddev 64 min 22 max 208
           Step           Time
      215000000   430000.00000


   Energies (kJ/mol)
           Bond          Angle Ryckaert-Bell.          LJ-14     Coulomb-14
    1.20985e+03    1.75260e+03    4.35577e+02    2.81708e+02   -1.14880e+02
        LJ (SR)   Coulomb (SR)   Coul. recip.      Potential
   -1.22612e+02    2.95061e+02    3.48491e+01    3.77216e+03


DD  step 224999999 load imb.: force 456.9%

Atom distribution over 6 domains: av 100 stddev 100 min 0 max 255
           Step           Time
      225000000   450000.00000


   Energies (kJ/mol)
           Bond          Angle Ryckaert-Bell.          LJ-14     Coulomb-14
    1.31992e+03    1.82342e+03    4.55724e+02    2.69575e+02   -1.22242e+02
        LJ (SR)   Coulomb (SR)   Coul. recip.      Potential
   -2.37500e+02    3.10357e+02    3.18978e+01    3.85115e+03


DD  step 234999999 load imb.: force 308.8%

Atom distribution over 6 domains: av 100 stddev 95 min 5 max 234
           Step           Time
      235000000   470000.00000


   Energies (kJ/mol)
           Bond          Angle Ryckaert-Bell.          LJ-14     Coulomb-14
    1.16192e+03    1.81426e+03    4.57900e+02    2.90964e+02   -1.00180e+02
        LJ (SR)   Coulomb (SR)   Coul. recip.      Potential
   -1.75315e+02    2.67502e+02    3.34187e+01    3.75047e+03


DD  step 244999999 load imb.: force 75.6%

Atom distribution over 6 domains: av 100 stddev 58 min 25 max 190
           Step           Time
      245000000   490000.00000


   Energies (kJ/mol)
           Bond          Angle Ryckaert-Bell.          LJ-14     Coulomb-14
    1.17100e+03    1.72890e+03    4.24628e+02    2.71930e+02   -1.14056e+02
        LJ (SR)   Coulomb (SR)   Coul. recip.      Potential
   -1.20614e+02    3.01893e+02    3.44861e+01    3.69817e+03


	M E G A - F L O P S   A C C O U N T I N G

 NB=Group-cutoff nonbonded kernels    NxN=N-by-N cluster Verlet kernels
 RF=Reaction-Field  VdW=Van der Waals  QSTab=quadratic-spline table
 W3=SPC/TIP3p  W4=TIP4p (single or pairs)
 V&F=Potential and force  V=Potential only  F=Force only

 Computing:                               M-Number         M-Flops  % Flops
-----------------------------------------------------------------------------
 Pair Search distance check               0.285268           2.567     0.8
 NxN Ewald Elec. + LJ [V&F]               0.689160          73.740    23.9
 NxN Ewald Elec. [V&F]                    0.009016           0.757     0.2
 1,4 nonbonded interactions               0.023283           2.095     0.7
 Calc Weights                             0.023478           0.845     0.3
 Spread Q Bspline                         0.500864           1.002     0.3
 Gather F Bspline                         0.500864           3.005     1.0
 3D-FFT                                  26.567060         212.536    68.9
 Solve PME                                0.041600           2.662     0.9
 CG-CoM                                   0.008428           0.025     0.0
 Bonds                                    0.007813           0.461     0.1
 Angles                                   0.015600           2.621     0.9
 RB-Dihedrals                             0.023283           5.751     1.9
 Virial                                   0.011336           0.204     0.1
-----------------------------------------------------------------------------
 Total                                                     308.273   100.0
-----------------------------------------------------------------------------


    D O M A I N   D E C O M P O S I T I O N   S T A T I S T I C S

 av. #atoms communicated per step for force:  2 x 730.5


Dynamic load balancing report:
 DLB got disabled because it was unsuitable to use.
 Average load imbalance: 447.7%.
 The balanceable part of the MD step is 4%, load imbalance is computed from this.
 Part of the total run time spent waiting due to load imbalance: 19.2%.

NOTE: 19.2 % of the available CPU time was lost due to load imbalance
      in the domain decomposition.
      You can consider manually changing the decomposition (option -dd);
      e.g. by using fewer domains along the box dimension in which there is
      considerable inhomogeneity in the simulated system.

      R E A L   C Y C L E   A N D   T I M E   A C C O U N T I N G

On 6 MPI ranks, each using 5 OpenMP threads

 Activity:              Num   Num      Call    Wall time         Giga-Cycles
                        Ranks Threads  Count      (s)         total sum    %
--------------------------------------------------------------------------------
 Domain decomp.            6    5         13       0.177         11.613  14.4
 DD comm. load             6    5         12       0.001          0.080   0.1
 Neighbor search           6    5         13       0.036          2.397   3.0
 Force                     6    5         13       0.010          0.627   0.8
 Wait + Comm. F            6    5         13       0.059          3.880   4.8
 PME mesh                  6    5         13       0.846         55.623  69.2
 NB X/F buffer ops.        6    5         13       0.003          0.214   0.3
 Write traj.               6    5         13       0.063          4.136   5.1
 Comm. energies            6    5         13       0.009          0.597   0.7
 Rest                                              0.019          1.240   1.5
--------------------------------------------------------------------------------
 Total                                             1.223         80.409 100.0
--------------------------------------------------------------------------------
 Breakdown of PME mesh activities
--------------------------------------------------------------------------------
 PME redist. X/F           6    5         26       0.446         29.341  36.5
 PME spread                6    5         13       0.096          6.288   7.8
 PME gather                6    5         13       0.107          7.039   8.8
 PME 3D-FFT                6    5         26       0.057          3.743   4.7
 PME 3D-FFT Comm.          6    5         52       0.137          9.027  11.2
 PME solve Elec            6    5         13       0.000          0.019   0.0
--------------------------------------------------------------------------------

NOTE: 14 % of the run time was spent in domain decomposition,
      3 % of the run time was spent in pair search,
      you might want to increase nstlist (this has no effect on accuracy)

               Core t (s)   Wall t (s)        (%)
       Time:       36.522        1.223     2986.7
                 (ns/day)    (hour/ns)
Performance: 17310826.999        0.000
Finished mdrun on rank 0 Mon Oct 14 12:21:58 2024

