
    ***********************************************************************
                         Polymer size calculations 
              ----------------------------------------------

                                Version 1.1

                              Dr. Javier Ramos
                      Macromolecular Physics Department
                Instituto de Estructura de la Materia (IEM-CSIC)
                               Madrid (Spain)

        This utility is part of the polyanagro library. Polyanagro is an 
        open-source python library to analyze simulations of polymer systems.

        This software is distributed under the terms of the
        GNU General Public License v3.0 (GNU GPLv3). A copy of
        the license (LICENSE.txt) is included with this distribution.

    ***********************************************************************
        
		Start Job at 21-11-2024 12:53:30 ============

		Command line: 
			python slab_calculations_FS.py -t traj_cut_wrapped.trr --topo new_topo.tpr
			         or
			polymer_size -t traj_cut_wrapped.trr --topo new_topo.tpr

	*** Creating a trajectory from...
	traj_cut_wrapped.trr

	*** Building bonds from topology... 
	Setting bond orders: FALSE
	TIME(Building_bonds_from_topology): 4943.486801 seconds
	*** End Building bonds from topology... 

	*** Adding topology 
	new_topo.tpr
	Number of frames: 6
	TIME(Adding topology): 23.637062 seconds
	*** End Adding topology

	Number of frames: 6
	TIME(Read_Trajectories): 4967.124798 seconds
	*** End Creating a trajectory 

	 Num of frames to analyse: 6
	IFRAME: 0 of 6 in 3.6e-05 seconds
	 ======== AVG MINIMUN and MAXIMUM atomistic coordinates ========
		 Wrapped trajectory = True
		 Box dimensions = [16.89 +- 0.00,16.89 +- 0.00,14.66 +- 0.00] (nm)
		 x min = 0.00 +- 0.00 x max = 16.89 +- 16.89 (nm)
		 y min = 0.00 +- 0.00 y max = 16.89 +- 16.89 (nm)
		 z min = 2.34 +- 0.22 z max = 12.30 +- 12.30 (nm)
		 Atomistic thickness (Z normal) = 9.95 +- -0.12 (nm)
	 ======== AVG MINIMUN and MAXIMUM atomistic coordinates ========
