
    ***********************************************************************
                         Polymer size calculations 
              ----------------------------------------------

                                Version 1.1

                              Dr. Javier Ramos
                      Macromolecular Physics Department
                Instituto de Estructura de la Materia (IEM-CSIC)
                               Madrid (Spain)

        This utility is part of the polyanagro library. Polyanagro is an 
        open-source python library to analyze simulations of polymer systems.

        This software is distributed under the terms of the
        GNU General Public License v3.0 (GNU GPLv3). A copy of
        the license (LICENSE.txt) is included with this distribution.

    ***********************************************************************
        
		Start Job at 27-08-2022 01:21:21 ============

		Command line: 
			python polymer_size.py -t ../../data/0003Ch-C020-002br04/RUN-001/traj_comp.xtc ../../data/0003Ch-C020-002br04/RUN-002/traj_comp.part0002.xtc ../../data/0003Ch-C020-002br04/RUN-003/traj_comp.part0003.xtc --topo ../../data/0003Ch-C020-002br04/RUN-001/topol.tpr --unwrap 1 --rg_massw --unwrap 1 --rg_massw --e2e listend2end.dat --e2acf --distributions --c2n backbone_idx.dat --bondorientation --isodf
			         or
			polymer_size -t ../../data/0003Ch-C020-002br04/RUN-001/traj_comp.xtc ../../data/0003Ch-C020-002br04/RUN-002/traj_comp.part0002.xtc ../../data/0003Ch-C020-002br04/RUN-003/traj_comp.part0003.xtc --topo ../../data/0003Ch-C020-002br04/RUN-001/topol.tpr --unwrap 1 --rg_massw --unwrap 1 --rg_massw --e2e listend2end.dat --e2acf --distributions --c2n backbone_idx.dat --bondorientation --isodf

	*** Creating a trajectory from...
	../../data/0003Ch-C020-002br04/RUN-001/traj_comp.xtc
	../../data/0003Ch-C020-002br04/RUN-002/traj_comp.part0002.xtc
	../../data/0003Ch-C020-002br04/RUN-003/traj_comp.part0003.xtc

	*** Building bonds from topology... 
	Setting bond orders: FALSE
	TIME(Building_bonds_from_topology): 0.279807 seconds
	*** End Building bonds from topology... 

	*** Adding topology 
	../../data/0003Ch-C020-002br04/RUN-001/topol.tpr
	Number of frames: 301
	TIME(Adding topology): 0.030328 seconds
	*** End Adding topology

	Number of frames: 301
	TIME(Read_Trajectories): 0.311235 seconds
	*** End Creating a trajectory 

