
    ***********************************************************************
                                Info Trajectory 
              ----------------------------------------------

                                Version 1.1

                              Dr. Javier Ramos
                      Macromolecular Physics Department
                Instituto de Estructura de la Materia (IEM-CSIC)
                               Madrid (Spain)

        This utility is part of the polyanagro library. Polyanagro is an 
        open-source python library to analyze simulations of polymer systems.

        This software is distributed under the terms of the
        GNU General Public License v3.0 (GNU GPLv3). A copy of
        the license (LICENSE.txt) is included with this distribution.

    ***********************************************************************
        
		Start Job at 26-08-2022 10:57:50 ============

		Command line: 
			python info_trj -t ./01-RESTART-0000-1000ns/traj_comp.xtc ./02-RESTART-1000-2000ns/traj_comp.part0002.xtc ./03-RESTART-2000-3000ns/traj_comp.part0003.xtc --topo ./01-RESTART-0000-1000ns/topol.tpr
			         or
			info_trj -t ./01-RESTART-0000-1000ns/traj_comp.xtc ./02-RESTART-1000-2000ns/traj_comp.part0002.xtc ./03-RESTART-2000-3000ns/traj_comp.part0003.xtc --topo ./01-RESTART-0000-1000ns/topol.tpr

	*** Creating a trajectory from...
	./01-RESTART-0000-1000ns/traj_comp.xtc
	./02-RESTART-1000-2000ns/traj_comp.part0002.xtc
	./03-RESTART-2000-3000ns/traj_comp.part0003.xtc

	*** Building bonds from topology... 
	Setting bond orders: FALSE
	TIME(Building_bonds_from_topology): 23.768255 seconds
	*** End Building bonds from topology... 

	*** Adding topology 
	./01-RESTART-0000-1000ns/topol.tpr
	Number of frames: 151
	TIME(Adding topology): 1.079739 seconds
	*** End Adding topology

	Number of frames: 151
	TIME(Read_Trajectories): 24.848384 seconds
	*** End Creating a trajectory 

	**** TRAJECTORY INFO ****
	  Number of trj files        : 3
	  Number of atoms            : 50000
	  Number of molecules/chains : 100
	  Average of atoms per mol   : 500.0
	  Number of frames           : 151
	  Time step (ps)             : 20000.0
	  Total time (ps)            : 3000000
	**** End TRAJECTORY INFO ****
		Job  Done at 26-08-2022 10:58:15 ============

