
    ***********************************************************************
                    Glass Transtion Temperature Analysis 
              ----------------------------------------------

                                Version 1.1

                              Dr. Javier Ramos
                      Macromolecular Physics Department
                Instituto de Estructura de la Materia (IEM-CSIC)
                               Madrid (Spain)

        This utility is part of the polyanagro library. Polyanagro is an 
        open-source python library to analyze simulations of polymer systems.

        This software is distributed under the terms of the
        GNU General Public License v3.0 (GNU GPLv3). A copy of
        the license (LICENSE.txt) is included with this distribution.

    ***********************************************************************
        
		Start Job at 08-07-2024 09:39:44 ============

		Command line: 
			python tg_analysis.py refit --data density_temperature_raw.csv --range 0 1000
			         or
			energy_analysis refit --data density_temperature_raw.csv --range 0 1000

		Reading energy data from: 
			density_temperature_raw.csv

		**** ENERGY INFO ****
		  Number of points in energy files   : 150001
		  Original trajectory from 0.0 (ps) to 600000.0 (ps).
		  Timestep 4.0 (ps).
		**** End ENERGY INFO ****

		**** TERMS DENSITY and TEMPERATURE PRESENT IN THE ENERGY FILE ****
		Density
		Temperature
		**** END TERMS DENSITY and TEMPERATURE PRESENT IN THE ENERGY FILE ****

		**** GLASS TRANSITION FITTING INFO ****
		Starting analysis for current dataset.
		Tg from initial fit (in K): 410.7
		Normed residual (smaller is better):   3.578579
		Convergence parameter set to: 90.0%
		Dataset not rejected
