
    ***********************************************************************
                         Polymer size calculations 
              ----------------------------------------------

                                Version 1.1

                              Dr. Javier Ramos
                      Macromolecular Physics Department
                Instituto de Estructura de la Materia (IEM-CSIC)
                               Madrid (Spain)

        This utility is part of the polyanagro library. Polyanagro is an 
        open-source python library to analyze simulations of polymer systems.

        This software is distributed under the terms of the
        GNU General Public License v3.0 (GNU GPLv3). A copy of
        the license (LICENSE.txt) is included with this distribution.

    ***********************************************************************
        
		Start Job at 08-07-2022 18:32:25 ============

		Command line: 
			python polymer_size.py -t traj_nojump.xtc --tpr new_topo.tpr --e2e listend2end.dat --c2n backbone_idx.dat --e2acf --distributions --bondorientation --unwrap 1
			         or
			polymer_size -t traj_nojump.xtc --tpr new_topo.tpr --e2e listend2end.dat --c2n backbone_idx.dat --e2acf --distributions --bondorientation --unwrap 1

	*** Creating a trajectory from...
	traj_nojump.xtc

	*** Building bonds from topology... 
	Setting bond orders: FALSE
	TIME(Building_bonds_from_topology): 3.233676 seconds
	*** End Building bonds from topology... 

	*** Adding topology 
	new_topo.tpr
	Number of frames: 2001
	TIME(Adding topology): 2.826369 seconds
	*** End Adding topology

	Number of frames: 2001
	TIME(Read_Trajectories): 6.060605 seconds
	*** End Creating a trajectory 

	*** Molecular weigth...

	Average Molecular Weigth (g/mol) : 7017.02

	*** Calculating Radius of gyration...
	Radius of gyration to be written to ./Rg.dat 

	*** Calculating End to End distance...
	End to End distance to be written to ./Ree.dat 

	Unwrap PBC coordinates: True
	Preparing backbone information in      0.029 seconds
	Preparing distribution information in      0.001 seconds
	Preparing internal chain distances information in      0.000 seconds
	IFRAME: 0 in 1.1e-05 seconds
