
    ***********************************************************************
                                Info Trajectory 
              ----------------------------------------------

                                Version 1.1

                              Dr. Javier Ramos
                      Macromolecular Physics Department
                Instituto de Estructura de la Materia (IEM-CSIC)
                               Madrid (Spain)

        This utility is part of the polyanagro library. Polyanagro is an 
        open-source python library to analyze simulations of polymer systems.

        This software is distributed under the terms of the
        GNU General Public License v3.0 (GNU GPLv3). A copy of
        the license (LICENSE.txt) is included with this distribution.

    ***********************************************************************
        
		Start Job at 27-08-2022 00:50:50 ============

		Command line: 
			python info_trj -t /home/jramos/Programacion/GITHUB_REPO_DIR/polyanagro/data/0003Ch-C020-002br04/RUN-001/traj_comp.xtc /home/jramos/Programacion/GITHUB_REPO_DIR/polyanagro/data/0003Ch-C020-002br04/RUN-002/traj_comp.part0002.xtc --topo /home/jramos/Programacion/GITHUB_REPO_DIR/polyanagro/data/0003Ch-C020-002br04/RUN-001/topol.tpr
			         or
			info_trj -t /home/jramos/Programacion/GITHUB_REPO_DIR/polyanagro/data/0003Ch-C020-002br04/RUN-001/traj_comp.xtc /home/jramos/Programacion/GITHUB_REPO_DIR/polyanagro/data/0003Ch-C020-002br04/RUN-002/traj_comp.part0002.xtc --topo /home/jramos/Programacion/GITHUB_REPO_DIR/polyanagro/data/0003Ch-C020-002br04/RUN-001/topol.tpr

	*** Creating a trajectory from...
	/home/jramos/Programacion/GITHUB_REPO_DIR/polyanagro/data/0003Ch-C020-002br04/RUN-001/traj_comp.xtc
	/home/jramos/Programacion/GITHUB_REPO_DIR/polyanagro/data/0003Ch-C020-002br04/RUN-002/traj_comp.part0002.xtc

	*** Building bonds from topology... 
	Setting bond orders: FALSE
	TIME(Building_bonds_from_topology): 0.128618 seconds
	*** End Building bonds from topology... 

	*** Adding topology 
	/home/jramos/Programacion/GITHUB_REPO_DIR/polyanagro/data/0003Ch-C020-002br04/RUN-001/topol.tpr
	Number of frames: 201
	TIME(Adding topology): 0.006718 seconds
	*** End Adding topology

	Number of frames: 201
	TIME(Read_Trajectories): 0.135793 seconds
	*** End Creating a trajectory 

	**** TRAJECTORY INFO ****
	  Number of trj files        : 2
	  Number of atoms            : 72
	  Number of molecules/chains : 3
	  Average of atoms per mol   : 24.0
	  Number of frames           : 201
	  Time step (ps)             : 0.1
	  Total time (ps)            : 20
	**** End TRAJECTORY INFO ****
		Job  Done at 27-08-2022 00:50:50 ============

