
  ============================================================================  

    ja-netfilter 2022.2.0

    A javaagent framework :)

    https://github.com/ja-netfilter/ja-netfilter

  ============================================================================  

2024-05-06 08:48:32,077 [   1213]   WARN - #c.i.n.i.NotificationGroupManagerImpl - Notification group CodeWithMe is already registered (group=com.intellij.notification.NotificationGroup@ddf47d3). Plugin descriptor: PluginDescriptor(name=Code With Me, id=com.jetbrains.codeWithMe, descriptorPath=plugin.xml, path=/opt/JetBrains/pycharm-2022.2/plugins/cwm-plugin, version=222.3345.131, package=null, isBundled=true)
2024-05-06 08:48:32,181 [   1317]   WARN - #c.i.o.a.i.ActionManagerImpl - keymap "Visual Studio" not found PluginDescriptor(name=IDEA CORE, id=com.intellij, descriptorPath=plugin.xml, path=/opt/JetBrains/pycharm-2022.2/lib, version=222.3345.131, package=com.intellij.feedback, isBundled=true)
2024-05-06 08:48:32,188 [   1324]   WARN - #c.i.o.a.i.ActionManagerImpl - keymap "Eclipse" not found PluginDescriptor(name=IDEA CORE, id=com.intellij, descriptorPath=plugin.xml, path=/opt/JetBrains/pycharm-2022.2/lib, version=222.3345.131, package=com.intellij.feedback, isBundled=true)
2024-05-06 08:48:32,189 [   1325]   WARN - #c.i.o.a.i.ActionManagerImpl - keymap "NetBeans 6.5" not found PluginDescriptor(name=IDEA CORE, id=com.intellij, descriptorPath=plugin.xml, path=/opt/JetBrains/pycharm-2022.2/lib, version=222.3345.131, package=com.intellij.feedback, isBundled=true)
2024-05-06 08:48:32,190 [   1326]   WARN - #c.i.o.a.i.ActionManagerImpl - keymap "Visual Studio" not found PluginDescriptor(name=IDEA CORE, id=com.intellij, descriptorPath=plugin.xml, path=/opt/JetBrains/pycharm-2022.2/lib, version=222.3345.131, package=com.intellij.feedback, isBundled=true)
2024-05-06 08:48:32,246 [   1382]   WARN - #c.i.o.a.i.ActionManagerImpl - keymap "Visual Studio" not found PluginDescriptor(name=HTML Tools, id=HtmlTools, descriptorPath=plugin.xml, path=/opt/JetBrains/pycharm-2022.2/plugins/htmltools, version=222.3345.131, package=null, isBundled=true)
2024-05-06 08:48:32,255 [   1391]   WARN - #c.i.o.a.i.ActionManagerImpl - keymap "Eclipse" not found PluginDescriptor(name=GitHub, id=org.jetbrains.plugins.github, descriptorPath=plugin.xml, path=/opt/JetBrains/pycharm-2022.2/plugins/github, version=222.3345.131, package=org.jetbrains.plugins.github, isBundled=true)
2024-05-06 08:48:32,262 [   1398]   WARN - #c.i.o.a.i.ActionManagerImpl - keymap "Eclipse" not found PluginDescriptor(name=Space, id=com.jetbrains.space, moduleName=intellij.space.vcs, descriptorPath=intellij.space.vcs.xml, path=/opt/JetBrains/pycharm-2022.2/plugins/space, version=222.3345.131, package=com.intellij.space.vcs, isBundled=true)
2024-05-06 08:48:32,264 [   1400]   WARN - #c.i.o.a.i.ActionManagerImpl - keymap "Eclipse" not found PluginDescriptor(name=JavaScript and TypeScript, id=JavaScript, descriptorPath=plugin.xml, path=/opt/JetBrains/pycharm-2022.2/plugins/JavaScriptLanguage, version=222.3345.131, package=null, isBundled=true)
2024-05-06 08:48:32,265 [   1401]   WARN - #c.i.o.a.i.ActionManagerImpl - keymap "Visual Studio" not found PluginDescriptor(name=JavaScript and TypeScript, id=JavaScript, descriptorPath=plugin.xml, path=/opt/JetBrains/pycharm-2022.2/plugins/JavaScriptLanguage, version=222.3345.131, package=null, isBundled=true)
2024-05-06 08:48:32,276 [   1412]   WARN - #c.i.o.a.i.ActionManagerImpl - keymap "Eclipse" not found PluginDescriptor(name=Python, id=Pythonid, descriptorPath=plugin.xml, path=/opt/JetBrains/pycharm-2022.2/plugins/python, version=222.3345.131, package=null, isBundled=true)
2024-05-06 08:48:32,278 [   1414]   WARN - #c.i.o.a.i.ActionManagerImpl - keymap "NetBeans 6.5" not found PluginDescriptor(name=Python, id=Pythonid, descriptorPath=plugin.xml, path=/opt/JetBrains/pycharm-2022.2/plugins/python, version=222.3345.131, package=null, isBundled=true)
2024-05-06 08:48:32,281 [   1417]   WARN - #c.i.o.a.i.ActionManagerImpl - keymap "Visual Studio" not found PluginDescriptor(name=Python, id=Pythonid, descriptorPath=plugin.xml, path=/opt/JetBrains/pycharm-2022.2/plugins/python, version=222.3345.131, package=null, isBundled=true)
2024-05-06 08:48:32,281 [   1417]   WARN - #c.i.o.a.i.ActionManagerImpl - keymap "Eclipse" not found PluginDescriptor(name=Python, id=Pythonid, descriptorPath=plugin.xml, path=/opt/JetBrains/pycharm-2022.2/plugins/python, version=222.3345.131, package=null, isBundled=true)
Info  | RdCoroutineScope          | 35:JobScheduler FJ pool 8/11 | RdCoroutineHost overridden 
2024-05-06 08:49:10,602 [  39738]   WARN - #c.i.e.t.TargetBasedSdks - SDK target configuration data is absent
2024-05-06 08:49:10,621 [  39757]   WARN - #c.i.e.t.TargetBasedSdks - SDK target configuration data is absent
2024-05-06 08:49:10,625 [  39761]   WARN - #c.i.e.t.TargetBasedSdks - SDK target configuration data is absent
2024-05-06 08:49:10,629 [  39765]   WARN - #c.i.e.t.TargetBasedSdks - SDK target configuration data is absent
2024-05-06 08:49:10,631 [  39767]   WARN - #c.i.e.t.TargetBasedSdks - SDK target configuration data is absent
2024-05-06 08:49:10,634 [  39770]   WARN - #c.i.e.t.TargetBasedSdks - SDK target configuration data is absent
2024-05-06 08:49:10,648 [  39784]   WARN - #c.i.e.t.TargetBasedSdks - SDK target configuration data is absent
2024-05-06 08:49:10,650 [  39786]   WARN - #c.i.e.t.TargetBasedSdks - SDK target configuration data is absent
2024-05-06 08:49:10,654 [  39790]   WARN - #c.i.e.t.TargetBasedSdks - SDK target configuration data is absent
2024-05-06 08:49:10,658 [  39794]   WARN - #c.i.e.t.TargetBasedSdks - SDK target configuration data is absent
2024-05-06 08:49:10,664 [  39800]   WARN - #c.i.e.t.TargetBasedSdks - SDK target configuration data is absent
2024-05-06 08:49:10,668 [  39804]   WARN - #c.i.e.t.TargetBasedSdks - SDK target configuration data is absent
2024-05-06 08:49:10,671 [  39807]   WARN - #c.i.e.t.TargetBasedSdks - SDK target configuration data is absent
2024-05-06 08:49:10,673 [  39809]   WARN - #c.i.e.t.TargetBasedSdks - SDK target configuration data is absent
2024-05-06 08:49:10,677 [  39813]   WARN - #c.i.e.t.TargetBasedSdks - SDK target configuration data is absent
2024-05-06 08:49:10,681 [  39817]   WARN - #c.i.e.t.TargetBasedSdks - SDK target configuration data is absent
2024-05-06 08:49:10,683 [  39819]   WARN - #c.i.e.t.TargetBasedSdks - SDK target configuration data is absent
2024-05-06 08:49:10,684 [  39820]   WARN - #c.i.e.t.TargetBasedSdks - SDK target configuration data is absent
2024-05-06 08:49:10,685 [  39821]   WARN - #c.i.e.t.TargetBasedSdks - SDK target configuration data is absent
2024-05-06 08:49:10,687 [  39823]   WARN - #c.i.e.t.TargetBasedSdks - SDK target configuration data is absent
2024-05-06 08:49:10,690 [  39826]   WARN - #c.i.e.t.TargetBasedSdks - SDK target configuration data is absent
2024-05-06 08:49:10,691 [  39827]   WARN - #c.i.e.t.TargetBasedSdks - SDK target configuration data is absent
2024-05-06 08:49:10,696 [  39832]   WARN - #c.i.e.t.TargetBasedSdks - SDK target configuration data is absent
2024-05-06 08:49:10,701 [  39837]   WARN - #c.i.e.t.TargetBasedSdks - SDK target configuration data is absent
2024-05-06 08:49:10,703 [  39839]   WARN - #c.i.e.t.TargetBasedSdks - SDK target configuration data is absent
2024-05-06 08:49:10,705 [  39841]   WARN - #c.i.e.t.TargetBasedSdks - SDK target configuration data is absent
2024-05-06 08:49:10,711 [  39847]   WARN - #c.i.e.t.TargetBasedSdks - SDK target configuration data is absent
2024-05-06 08:49:10,714 [  39850]   WARN - #c.i.e.t.TargetBasedSdks - SDK target configuration data is absent
2024-05-06 08:49:10,716 [  39852]   WARN - #c.i.e.t.TargetBasedSdks - SDK target configuration data is absent
2024-05-06 08:49:10,717 [  39853]   WARN - #c.i.e.t.TargetBasedSdks - SDK target configuration data is absent
2024-05-06 08:49:10,719 [  39855]   WARN - #c.i.e.t.TargetBasedSdks - SDK target configuration data is absent
2024-05-06 08:49:10,722 [  39858]   WARN - #c.i.e.t.TargetBasedSdks - SDK target configuration data is absent
2024-05-06 08:49:13,843 [  42979]   WARN - #g.r.GitUntrackedFilesHolder - Ignoring ignored file under another root: /home/jramos/Programacion/GITHUB_REPO_DIR/replicate_polymer_topology/replicate_polymer_lib/__pycache__/prepare_lammps.cpython-310.pyc; root: /home/jramos/Programacion/GITHUB_REPO_DIR/replicate_polymer_topology; mapped root: null
2024-05-06 08:49:13,844 [  42980]   WARN - #g.r.GitUntrackedFilesHolder - Ignoring ignored file under another root: /home/jramos/Programacion/GITHUB_REPO_DIR/replicate_polymer_topology/tests/__pycache__/05-test_create_polyply.cpython-310.pyc; root: /home/jramos/Programacion/GITHUB_REPO_DIR/replicate_polymer_topology; mapped root: null
2024-05-06 08:49:13,844 [  42980]   WARN - #g.r.GitUntrackedFilesHolder - Ignoring ignored file under another root: /home/jramos/Programacion/GITHUB_REPO_DIR/replicate_polymer_topology/replicate_polymer_lib/__pycache__/__init__.cpython-38.pyc; root: /home/jramos/Programacion/GITHUB_REPO_DIR/replicate_polymer_topology; mapped root: null
2024-05-06 08:49:13,844 [  42980]   WARN - #g.r.GitUntrackedFilesHolder - Ignoring ignored file under another root: /home/jramos/Programacion/GITHUB_REPO_DIR/replicate_polymer_topology/create_lammps_from_gromacs_lib/__pycache__/parse_arguments.cpython-38.pyc; root: /home/jramos/Programacion/GITHUB_REPO_DIR/replicate_polymer_topology; mapped root: null
2024-05-06 08:49:13,844 [  42980]   WARN - #g.r.GitUntrackedFilesHolder - Ignoring ignored file under another root: /home/jramos/Programacion/GITHUB_REPO_DIR/replicate_polymer_topology/replicate_polymer_lib/__pycache__/insert_nonopenmm_ff_terms.cpython-310.pyc; root: /home/jramos/Programacion/GITHUB_REPO_DIR/replicate_polymer_topology; mapped root: null
2024-05-06 08:49:13,844 [  42980]   WARN - #g.r.GitUntrackedFilesHolder - Ignoring ignored file under another root: /home/jramos/Programacion/GITHUB_REPO_DIR/replicate_polymer_topology/replicate_polymer_lib/forcefield/__pycache__/periodic_table.cpython-310.pyc; root: /home/jramos/Programacion/GITHUB_REPO_DIR/replicate_polymer_topology; mapped root: null
2024-05-06 08:49:13,844 [  42980]   WARN - #g.r.GitUntrackedFilesHolder - Ignoring ignored file under another root: /home/jramos/Programacion/GITHUB_REPO_DIR/replicate_polymer_topology/replicate_polymer_lib/forcefield/__pycache__/atomtyper.cpython-38.pyc; root: /home/jramos/Programacion/GITHUB_REPO_DIR/replicate_polymer_topology; mapped root: null
2024-05-06 08:49:13,844 [  42980]   WARN - #g.r.GitUntrackedFilesHolder - Ignoring ignored file under another root: /home/jramos/Programacion/GITHUB_REPO_DIR/replicate_polymer_topology/create_library_monomer_lib/__pycache__/get_all_ff_for_residues.cpython-310.pyc; root: /home/jramos/Programacion/GITHUB_REPO_DIR/replicate_polymer_topology; mapped root: null
2024-05-06 08:49:13,844 [  42980]   WARN - #g.r.GitUntrackedFilesHolder - Ignoring ignored file under another root: /home/jramos/Programacion/GITHUB_REPO_DIR/replicate_polymer_topology/replicate_polymer_lib/forcefield/__pycache__/element.cpython-38.pyc; root: /home/jramos/Programacion/GITHUB_REPO_DIR/replicate_polymer_topology; mapped root: null
2024-05-06 08:49:13,846 [  42982]   WARN - #g.r.GitUntrackedFilesHolder - Ignoring ignored files under another root: 67 files total
2024-05-06 08:49:14,979 [  44115]   WARN - #c.i.o.a.i.ActionUpdater - 422 ms to grab EDT for BackAction#update@MainToolbar (com.intellij.ide.actions.BackAction)
2024-05-06 08:49:14,979 [  44115]   WARN - #c.i.o.a.i.ActionUpdater - 421 ms to grab EDT for CWMTelephonyGroup#update@NavBarToolbar (com.jetbrains.rd.platform.codeWithMe.telephony.CWMTelephonyGroup)
2024-05-06 08:49:19,581 [  48717]   WARN - #c.j.p.s.s.PySkeletonRefresher - Some skeletons failed to generate
2024-05-06 08:49:19,581 [  48717]   WARN - #c.j.p.s.s.PySkeletonRefresher - Bio.PDB.QCPSuperimposer.qcprot
2024-05-06 08:49:19,581 [  48717]   WARN - #c.j.p.s.s.PySkeletonRefresher - freud.libfreud
2024-05-06 08:49:19,581 [  48717]   WARN - #c.j.p.s.s.PySkeletonRefresher - pyarrow.libarrow_python
2024-05-06 08:49:19,581 [  48717]   WARN - #c.j.p.s.s.PySkeletonRefresher - pyarrow.libarrow_python_flight
2024-05-06 08:49:19,581 [  48717]   WARN - #c.j.p.s.s.PySkeletonRefresher - pyarrow.libarrow_python_parquet_encryption
2024-05-06 08:49:25,965 [  55101]   WARN - #c.j.p.s.s.PySkeletonRefresher - Some skeletons failed to generate
2024-05-06 08:49:25,965 [  55101]   WARN - #c.j.p.s.s.PySkeletonRefresher - Bio.PDB.QCPSuperimposer.qcprot
2024-05-06 08:49:25,965 [  55101]   WARN - #c.j.p.s.s.PySkeletonRefresher - freud.libfreud
2024-05-06 08:49:25,965 [  55101]   WARN - #c.j.p.s.s.PySkeletonRefresher - pyarrow.libarrow_python
2024-05-06 08:49:25,965 [  55101]   WARN - #c.j.p.s.s.PySkeletonRefresher - pyarrow.libarrow_python_flight
2024-05-06 08:49:25,965 [  55101]   WARN - #c.j.p.s.s.PySkeletonRefresher - pyarrow.libarrow_python_parquet_encryption
2024-05-06 08:49:41,311 [  70447]   WARN - #c.i.i.s.download - Shared indexes download was cancelled. Indexing has completed faster
2024-05-06 08:50:15,834 [ 104970]   WARN - #g.r.GitUntrackedFilesHolder - Ignoring ignored file under another root: /home/jramos/Programacion/GITHUB_REPO_DIR/polyanagro/polyanagro/__pycache__; root: /home/jramos/Programacion/GITHUB_REPO_DIR/polyanagro; mapped root: null
2024-05-06 08:50:15,835 [ 104971]   WARN - #g.r.GitUntrackedFilesHolder - Ignoring ignored file under another root: /home/jramos/Programacion/GITHUB_REPO_DIR/polyanagro/utils/__pycache__; root: /home/jramos/Programacion/GITHUB_REPO_DIR/polyanagro; mapped root: null
2024-05-06 08:50:16,406 [ 105542]   WARN - #g.r.GitUntrackedFilesHolder - Ignoring ignored file under another root: /home/jramos/Programacion/GITHUB_REPO_DIR/polyanagro/polyanagro/__pycache__; root: /home/jramos/Programacion/GITHUB_REPO_DIR/polyanagro; mapped root: null
2024-05-06 08:50:16,406 [ 105542]   WARN - #g.r.GitUntrackedFilesHolder - Ignoring ignored file under another root: /home/jramos/Programacion/GITHUB_REPO_DIR/polyanagro/utils/__pycache__; root: /home/jramos/Programacion/GITHUB_REPO_DIR/polyanagro; mapped root: null
2024-05-06 08:50:21,942 [ 111078]   WARN - #c.j.p.s.s.PySkeletonRefresher - Some skeletons failed to generate
2024-05-06 08:50:21,943 [ 111079]   WARN - #c.j.p.s.s.PySkeletonRefresher - Bio.PDB.QCPSuperimposer.qcprot
2024-05-06 08:50:21,943 [ 111079]   WARN - #c.j.p.s.s.PySkeletonRefresher - freud.libfreud
2024-05-06 08:50:21,943 [ 111079]   WARN - #c.j.p.s.s.PySkeletonRefresher - pyarrow.libarrow_python
2024-05-06 08:50:21,943 [ 111079]   WARN - #c.j.p.s.s.PySkeletonRefresher - pyarrow.libarrow_python_flight
2024-05-06 08:50:21,943 [ 111079]   WARN - #c.j.p.s.s.PySkeletonRefresher - pyarrow.libarrow_python_parquet_encryption
2024-05-06 08:50:36,869 [ 126005]   WARN - #c.i.i.s.download - Shared indexes download was cancelled. Indexing has completed faster
2024-05-06 08:51:38,244 [ 187380]   WARN - #c.j.p.r.PythonCommandLineState - Python interpreter flavor is not taken into account while initializing Python path
2024-05-06 08:57:47,577 [ 556713]   WARN - #c.j.p.r.PythonCommandLineState - Python interpreter flavor is not taken into account while initializing Python path
2024-05-06 10:23:50,143 [5719279]   WARN - #c.j.p.d.p.MultiProcessDebugger - Accept timed out
java.net.SocketTimeoutException: Accept timed out
	at java.base/sun.nio.ch.NioSocketImpl.timedAccept(NioSocketImpl.java:708)
	at java.base/sun.nio.ch.NioSocketImpl.accept(NioSocketImpl.java:752)
	at java.base/java.net.ServerSocket.implAccept(ServerSocket.java:675)
	at java.base/java.net.ServerSocket.platformImplAccept(ServerSocket.java:641)
	at java.base/java.net.ServerSocket.implAccept(ServerSocket.java:617)
	at java.base/java.net.ServerSocket.implAccept(ServerSocket.java:574)
	at java.base/java.net.ServerSocket.accept(ServerSocket.java:532)
	at com.jetbrains.python.debugger.pydev.transport.ServerModeDebuggerTransport.waitForConnect(ServerModeDebuggerTransport.java:39)
	at com.jetbrains.python.debugger.pydev.RemoteDebugger.waitForConnect(RemoteDebugger.java:118)
	at com.jetbrains.python.debugger.pydev.MultiProcessDebugger$DebuggerProcessAcceptor.run(MultiProcessDebugger.java:529)
	at com.intellij.openapi.application.impl.ApplicationImpl$1.run(ApplicationImpl.java:297)
	at java.base/java.util.concurrent.Executors$RunnableAdapter.call(Executors.java:539)
	at java.base/java.util.concurrent.FutureTask.run(FutureTask.java:264)
	at java.base/java.util.concurrent.ThreadPoolExecutor.runWorker(ThreadPoolExecutor.java:1136)
	at java.base/java.util.concurrent.ThreadPoolExecutor$Worker.run(ThreadPoolExecutor.java:635)
	at java.base/java.util.concurrent.Executors$PrivilegedThreadFactory$1$1.run(Executors.java:702)
	at java.base/java.util.concurrent.Executors$PrivilegedThreadFactory$1$1.run(Executors.java:699)
	at java.base/java.security.AccessController.doPrivileged(AccessController.java:399)
	at java.base/java.util.concurrent.Executors$PrivilegedThreadFactory$1.run(Executors.java:699)
	at java.base/java.lang.Thread.run(Thread.java:833)
2024-05-06 10:24:04,291 [5733427]   WARN - #c.j.p.d.p.MultiProcessDebugger - Socket closed
java.net.SocketException: Socket closed
	at java.base/sun.nio.ch.NioSocketImpl.endAccept(NioSocketImpl.java:689)
	at java.base/sun.nio.ch.NioSocketImpl.accept(NioSocketImpl.java:762)
	at java.base/java.net.ServerSocket.implAccept(ServerSocket.java:675)
	at java.base/java.net.ServerSocket.platformImplAccept(ServerSocket.java:641)
	at java.base/java.net.ServerSocket.implAccept(ServerSocket.java:617)
	at java.base/java.net.ServerSocket.implAccept(ServerSocket.java:574)
	at java.base/java.net.ServerSocket.accept(ServerSocket.java:532)
	at com.jetbrains.python.debugger.pydev.transport.ServerModeDebuggerTransport.waitForConnect(ServerModeDebuggerTransport.java:39)
	at com.jetbrains.python.debugger.pydev.RemoteDebugger.waitForConnect(RemoteDebugger.java:118)
	at com.jetbrains.python.debugger.pydev.MultiProcessDebugger$DebuggerProcessAcceptor.run(MultiProcessDebugger.java:529)
	at com.intellij.openapi.application.impl.ApplicationImpl$1.run(ApplicationImpl.java:297)
	at java.base/java.util.concurrent.Executors$RunnableAdapter.call(Executors.java:539)
	at java.base/java.util.concurrent.FutureTask.run(FutureTask.java:264)
	at java.base/java.util.concurrent.ThreadPoolExecutor.runWorker(ThreadPoolExecutor.java:1136)
	at java.base/java.util.concurrent.ThreadPoolExecutor$Worker.run(ThreadPoolExecutor.java:635)
	at java.base/java.util.concurrent.Executors$PrivilegedThreadFactory$1$1.run(Executors.java:702)
	at java.base/java.util.concurrent.Executors$PrivilegedThreadFactory$1$1.run(Executors.java:699)
	at java.base/java.security.AccessController.doPrivileged(AccessController.java:399)
	at java.base/java.util.concurrent.Executors$PrivilegedThreadFactory$1.run(Executors.java:699)
	at java.base/java.lang.Thread.run(Thread.java:833)
2024-05-06 10:24:05,978 [5735114]   WARN - #c.j.p.r.PythonCommandLineState - Python interpreter flavor is not taken into account while initializing Python path
2024-05-06 10:24:06,410 [5735546]   WARN - #c.i.o.a.i.ActionUpdater - 230 ms to grab EDT for ViewBreakpointsAction#update@DebuggerToolbar (com.intellij.xdebugger.impl.actions.ViewBreakpointsAction)
2024-05-06 10:26:20,186 [5869322]   WARN - #c.j.p.r.PythonCommandLineState - Python interpreter flavor is not taken into account while initializing Python path
2024-05-06 10:29:57,489 [6086625]   WARN - #c.j.p.r.PythonCommandLineState - Python interpreter flavor is not taken into account while initializing Python path
2024-05-06 10:32:57,555 [6266691]   WARN - #c.j.p.r.PythonCommandLineState - Python interpreter flavor is not taken into account while initializing Python path
2024-05-06 10:35:34,261 [6423397]   WARN - #c.j.p.r.PythonCommandLineState - Python interpreter flavor is not taken into account while initializing Python path
2024-05-06 10:41:08,935 [6758071]   WARN - #c.j.p.r.PythonCommandLineState - Python interpreter flavor is not taken into account while initializing Python path
2024-05-06 10:43:12,048 [6881184]   WARN - #c.j.p.r.PythonCommandLineState - Python interpreter flavor is not taken into account while initializing Python path
2024-05-06 10:44:54,023 [6983159]   WARN - #c.j.p.r.PythonCommandLineState - Python interpreter flavor is not taken into account while initializing Python path
2024-05-06 10:45:04,866 [6994002]   WARN - #c.j.p.r.PythonCommandLineState - Python interpreter flavor is not taken into account while initializing Python path
2024-05-06 10:48:02,841 [7171977]   WARN - #c.j.p.r.PythonCommandLineState - Python interpreter flavor is not taken into account while initializing Python path
2024-05-06 12:36:09,866 [13659002]   WARN - #c.j.p.r.PythonCommandLineState - Python interpreter flavor is not taken into account while initializing Python path
2024-05-06 12:37:08,708 [13717844]   WARN - #c.j.p.r.PythonCommandLineState - Python interpreter flavor is not taken into account while initializing Python path
2024-05-06 12:39:36,820 [13865956]   WARN - #c.j.p.r.PythonCommandLineState - Python interpreter flavor is not taken into account while initializing Python path
2024-05-06 12:41:45,159 [13994295]   WARN - #c.j.p.r.PythonCommandLineState - Python interpreter flavor is not taken into account while initializing Python path
2024-05-06 12:48:46,417 [14415553]   WARN - #c.j.p.r.PythonCommandLineState - Python interpreter flavor is not taken into account while initializing Python path
2024-05-06 13:42:28,013 [17637149]   WARN - #c.j.p.r.PythonCommandLineState - Python interpreter flavor is not taken into account while initializing Python path
2024-05-06 13:42:37,766 [17646902]   WARN - #c.j.p.r.PythonCommandLineState - Python interpreter flavor is not taken into account while initializing Python path
2024-05-06 13:42:50,170 [17659306]   WARN - #c.j.p.r.PythonCommandLineState - Python interpreter flavor is not taken into account while initializing Python path
2024-05-06 13:46:09,622 [17858758]   WARN - #c.j.p.r.PythonCommandLineState - Python interpreter flavor is not taken into account while initializing Python path
2024-05-06 13:52:27,407 [18236543]   WARN - #c.j.p.r.PythonCommandLineState - Python interpreter flavor is not taken into account while initializing Python path
2024-05-06 13:55:08,871 [18398007]   WARN - #c.i.o.w.i.ToolWindowImpl - ToolWindow icons should be 13x13. Please fix ToolWindow (ID:  Run) or icon RasterizedImageDataLoader(classLoader=com.intellij.util.lang.PathClassLoader@28f67ac7, path=general/runWithCoverage.svg)
2024-05-06 13:55:08,900 [18398036]   WARN - #c.j.p.r.PythonCommandLineState - Python interpreter flavor is not taken into account while initializing Python path
2024-05-06 13:55:10,832 [18399968]   WARN - #c.j.p.r.PythonCommandLineState - Python interpreter flavor is not taken into account while initializing Python path
2024-05-06 13:59:28,676 [18657812]   WARN - #c.j.p.r.PythonCommandLineState - Python interpreter flavor is not taken into account while initializing Python path
2024-05-06 14:02:13,015 [18822151]   WARN - #c.j.p.r.PythonCommandLineState - Python interpreter flavor is not taken into account while initializing Python path
2024-05-06 17:32:23,360 [31432496]   WARN - #c.j.p.r.PythonCommandLineState - Python interpreter flavor is not taken into account while initializing Python path
2024-05-06 17:40:43,159 [31932295]   WARN - #c.j.p.r.PythonCommandLineState - Python interpreter flavor is not taken into account while initializing Python path
2024-05-06 17:51:51,606 [32600742]   WARN - #c.j.p.r.PythonCommandLineState - Python interpreter flavor is not taken into account while initializing Python path
2024-05-06 17:55:44,226 [32833362]   WARN - #c.i.u.x.Binding - no accessors for org.jetbrains.idea.perforce.perforce.ConnectionId
