
    ***********************************************************************
                         Center mol in a  Trajectory 
              ----------------------------------------------

                                Version 1.1

                              Dr. Javier Ramos
                      Macromolecular Physics Department
                Instituto de Estructura de la Materia (IEM-CSIC)
                               Madrid (Spain)

        This utility is part of the polyanagro library. Polyanagro is an 
        open-source python library to analyze simulations of polymer systems.

        This software is distributed under the terms of the
        GNU General Public License v3.0 (GNU GPLv3). A copy of
        the license (LICENSE.txt) is included with this distribution.

    ***********************************************************************
        
		Start Job at 06-03-2025 15:51:13 ============

		Command line: 
			python get_COM_trajectory.py -t traj_last500ns_2000ps_250frames.xtc --topo new_topo.tpr
			         or
			center_trajectory -t traj_last500ns_2000ps_250frames.xtc --topo new_topo.tpr

	*** Creating a trajectory from...
	traj_last500ns_2000ps_250frames.xtc

	*** Building bonds from topology... 
	Setting bond orders: FALSE
	TIME(Building_bonds_from_topology): 1.594463 seconds
	*** End Building bonds from topology... 

	*** Adding topology 
	new_topo.tpr
	Number of frames: 251
	TIME(Adding topology): 0.094215 seconds
	*** End Adding topology

	Number of frames: 251
	TIME(Read_Trajectories): 1.689019 seconds
	*** End Creating a trajectory 

	**** TRAJECTORY INFO ****
	  Number of trj files         : 1
	  Number of atoms             : 12060
	  Number of molecules (chains): 20
	  Number of atoms/molecule    : 603.0
	  Number of frames            : 251
	  Initial time (ps)           : 0.0
	  Time step (ps)              : 2000
	  Total time (ps)             : 500000
	**** End TRAJECTORY INFO ****
		 Calculating center of mass ... (06-03-2025 15:51:14)


	Writing trajectory... tmp_nojump
	Frame         0 of       251	time: 0.00101 seconds
	Frame       100 of       251	time: 0.194603 seconds
	Frame       200 of       251	time: 0.346913 seconds
	*** Creating a trajectory from...
	tmp_nojump.xtc

	*** Building bonds from topology... 
	Setting bond orders: FALSE
	TIME(Building_bonds_from_topology): 1.430378 seconds
	*** End Building bonds from topology... 

	*** Adding topology 
	new_topo.tpr
	Number of frames: 251
	TIME(Adding topology): 0.086796 seconds
	*** End Adding topology

	Number of frames: 251
	TIME(Read_Trajectories): 1.517639 seconds
	*** End Creating a trajectory 

	Unwrap Nojump Frame         0 of       251	time: 0.000804 seconds
	Unwrap Nojump Frame       100 of       251	time: 7.509761 seconds
	Unwrap Nojump Frame       200 of       251	time: 14.567604 seconds

		Job  Done at 06-03-2025 15:51:34 ============

