
    ***********************************************************************
                                Info Trajectory 
              ----------------------------------------------

                                Version 1.1

                              Dr. Javier Ramos
                      Macromolecular Physics Department
                Instituto de Estructura de la Materia (IEM-CSIC)
                               Madrid (Spain)

        This utility is part of the polyanagro library. Polyanagro is an 
        open-source python library to analyze simulations of polymer systems.

        This software is distributed under the terms of the
        GNU General Public License v3.0 (GNU GPLv3). A copy of
        the license (LICENSE.txt) is included with this distribution.

    ***********************************************************************
        
		Start Job at 25-08-2022 15:56:52 ============

		Command line: 
			python info_trj.py -t /home/jramos/Programacion/GITHUB_REPO_DIR/polyanagro/data/PE_OPLS_40Ch_102C_LAMMPS_1ns/dump.dcd --topo /home/jramos/Programacion/GITHUB_REPO_DIR/polyanagro/data/PE_OPLS_40Ch_102C_LAMMPS_1ns/restart.data.500000.data
			         or
			info_trj -t /home/jramos/Programacion/GITHUB_REPO_DIR/polyanagro/data/PE_OPLS_40Ch_102C_LAMMPS_1ns/dump.dcd --topo /home/jramos/Programacion/GITHUB_REPO_DIR/polyanagro/data/PE_OPLS_40Ch_102C_LAMMPS_1ns/restart.data.500000.data

	*** Creating a trajectory from...
	/home/jramos/Programacion/GITHUB_REPO_DIR/polyanagro/data/PE_OPLS_40Ch_102C_LAMMPS_1ns/dump.dcd

	*** Building bonds from topology... 
	Setting bond orders: FALSE
	TIME(Building_bonds_from_topology): 16.253236 seconds
	*** End Building bonds from topology... 

	*** Adding topology 
	/home/jramos/Programacion/GITHUB_REPO_DIR/polyanagro/data/PE_OPLS_40Ch_102C_LAMMPS_1ns/restart.data.500000.data
	*** Adding topology 
	/home/jramos/Programacion/GITHUB_REPO_DIR/polyanagro/data/PE_OPLS_40Ch_102C_LAMMPS_1ns/restart.data.500000.data
	Number of frames: 51
	TIME(Adding topology): 3.539722 seconds
	*** End Adding topology

	Number of frames: 51
	TIME(Read_Trajectories): 25.653942 seconds
	*** End Creating a trajectory 

