
    ***********************************************************************
                         Polymer size calculations 
              ----------------------------------------------

                                Version 1.1

                              Dr. Javier Ramos
                      Macromolecular Physics Department
                Instituto de Estructura de la Materia (IEM-CSIC)
                               Madrid (Spain)

        This utility is part of the polyanagro library. Polyanagro is an 
        open-source python library to analyze simulations of polymer systems.

        This software is distributed under the terms of the
        GNU General Public License v3.0 (GNU GPLv3). A copy of
        the license (LICENSE.txt) is included with this distribution.

    ***********************************************************************
        
		Start Job at 27-08-2022 00:52:36 ============

		Command line: 
			python polymer_size -t /home/jramos/Programacion/GITHUB_REPO_DIR/polyanagro/data/0003Ch-C020-002br04/RUN-001/traj_comp.xtc /home/jramos/Programacion/GITHUB_REPO_DIR/polyanagro/data/0003Ch-C020-002br04/RUN-002/traj_comp.part0002.xtc /home/jramos/Programacion/GITHUB_REPO_DIR/polyanagro/data/0003Ch-C020-002br04/RUN-003/traj_comp.part0003.xtc --topo /home/jramos/Programacion/GITHUB_REPO_DIR/polyanagro/data/0003Ch-C020-002br04/RUN-001/topol.tpr --unwrap 1 --rg_massw --unwrap 1 --rg_massw --e2e listend2end.dat --e2acf --distributions --c2n backbone_idx.dat --bondorientation --isodf
			         or
			polymer_size -t /home/jramos/Programacion/GITHUB_REPO_DIR/polyanagro/data/0003Ch-C020-002br04/RUN-001/traj_comp.xtc /home/jramos/Programacion/GITHUB_REPO_DIR/polyanagro/data/0003Ch-C020-002br04/RUN-002/traj_comp.part0002.xtc /home/jramos/Programacion/GITHUB_REPO_DIR/polyanagro/data/0003Ch-C020-002br04/RUN-003/traj_comp.part0003.xtc --topo /home/jramos/Programacion/GITHUB_REPO_DIR/polyanagro/data/0003Ch-C020-002br04/RUN-001/topol.tpr --unwrap 1 --rg_massw --unwrap 1 --rg_massw --e2e listend2end.dat --e2acf --distributions --c2n backbone_idx.dat --bondorientation --isodf

	*** Creating a trajectory from...
	/home/jramos/Programacion/GITHUB_REPO_DIR/polyanagro/data/0003Ch-C020-002br04/RUN-001/traj_comp.xtc
	/home/jramos/Programacion/GITHUB_REPO_DIR/polyanagro/data/0003Ch-C020-002br04/RUN-002/traj_comp.part0002.xtc
	/home/jramos/Programacion/GITHUB_REPO_DIR/polyanagro/data/0003Ch-C020-002br04/RUN-003/traj_comp.part0003.xtc

	*** Building bonds from topology... 
	Setting bond orders: FALSE
	TIME(Building_bonds_from_topology): 0.120321 seconds
	*** End Building bonds from topology... 

	*** Adding topology 
	/home/jramos/Programacion/GITHUB_REPO_DIR/polyanagro/data/0003Ch-C020-002br04/RUN-001/topol.tpr
	Number of frames: 301
	TIME(Adding topology): 0.006606 seconds
	*** End Adding topology

	Number of frames: 301
	TIME(Read_Trajectories): 0.127244 seconds
	*** End Creating a trajectory 

	*** Molecular weigth...

	Average Molecular Weigth (g/mol) : 338.70

	*** Calculating Radius of gyration...
	Radius of gyration to be written to ./Rg.dat 

	*** Calculating End to End distance...
	End to End distance to be written to ./Ree.dat 

	Unwrap PBC coordinates: True
	Preparing backbone information in      0.000 seconds
	Preparing distribution information in      0.001 seconds
	Preparing internal chain distances information in      0.000 seconds
	IFRAME: 0 in 3e-06 seconds
	ESTIMATED TIME using 10 frames (0.030186 seconds): 0.91 seconds
	IFRAME: 50 in 0.119749 seconds
	IFRAME: 100 in 0.236233 seconds
	IFRAME: 150 in 0.3482 seconds
	IFRAME: 200 in 0.465248 seconds
	IFRAME: 250 in 0.587286 seconds
	IFRAME: 300 in 0.704509 seconds

	TIME(Chain dimensions): 0.7093 seconds
	*** End Calculating Chain Dimensions.

	*** Calculating End-to-End autocorrelation vector...
	TIME(End-to-End autocorrelation vector): 0.009442 seconds
	*** End Calculating End-to-End autocorrelation vector.

	*** Calculating distributions...
	TIME(Distributions): 0.002045 seconds
	*** End distributions calculation.

	*** Average values ***
		 Rg^2_avg     =      25.76 +-       3.01 (angstroms)
		 Ree^2_avg    =     164.34 +-      52.67 (angstroms)
		 Ree^2/Rg^2   =       6.20 +-       1.45 (angstroms)
		 Cn_avg       =       3.64 +-       1.16 

		Job  Done at 27-08-2022 00:52:37 ============

