Start Job: Thu Jun 23 15:42:58 CEST 2022
 IMove:               100000
 IMove:               200000
 IMove:               300000
 IMove:               400000
 IMove:               500000
 IMove:               600000
 IMove:               700000
 IMove:               800000
 IMove:               900000
 IMove:              1000000
 IMove:              1100000
 IMove:              1200000
 IMove:              1300000
 IMove:              1400000
 IMove:              1500000
 IMove:              1600000
 IMove:              1700000
 IMove:              1800000
 IMove:              1900000
 IMove:              2000000
 IMove:              2100000
 IMove:              2200000
 IMove:              2300000
 IMove:              2400000
 IMove:              2500000
 IMove:              2600000
 IMove:              2700000
 IMove:              2800000
 IMove:              2900000
 IMove:              3000000
 IMove:              3100000
 IMove:              3200000
 IMove:              3300000
 IMove:              3400000
 IMove:              3500000
 IMove:              3600000
 IMove:              3700000
 IMove:              3800000
 IMove:              3900000
 IMove:              4000000
 IMove:              4100000
 IMove:              4200000
 IMove:              4300000
 IMove:              4400000
 IMove:              4500000
 IMove:              4600000
 IMove:              4700000
 IMove:              4800000
 IMove:              4900000
 IMove:              5000000
 IMove:              5100000
 IMove:              5200000
 IMove:              5300000
 IMove:              5400000
 IMove:              5500000
 IMove:              5600000
 IMove:              5700000
 IMove:              5800000
 IMove:              5900000
 IMove:              6000000
 IMove:              6100000
 IMove:              6200000
 IMove:              6300000
 IMove:              6400000
 IMove:              6500000
 IMove:              6600000
 IMove:              6700000
 IMove:              6800000
 IMove:              6900000
 IMove:              7000000
 IMove:              7100000
 IMove:              7200000
 IMove:              7300000
 IMove:              7400000
 IMove:              7500000
 IMove:              7600000
 IMove:              7700000
 IMove:              7800000
 IMove:              7900000
 IMove:              8000000
 IMove:              8100000
 IMove:              8200000
 IMove:              8300000
 IMove:              8400000
 IMove:              8500000
 IMove:              8600000
 IMove:              8700000
 IMove:              8800000
 IMove:              8900000
 IMove:              9000000
 IMove:              9100000
 IMove:              9200000
 IMove:              9300000
 IMove:              9400000
 IMove:              9500000
 IMove:              9600000
 IMove:              9700000
 IMove:              9800000
 IMove:              9900000
 IMove:             10000000
 IMove:             10100000
 IMove:             10200000
 IMove:             10300000
 IMove:             10400000
 IMove:             10500000
 IMove:             10600000
 IMove:             10700000
 IMove:             10800000
 IMove:             10900000
 IMove:             11000000
 IMove:             11100000
 IMove:             11200000
 IMove:             11300000
 IMove:             11400000
 IMove:             11500000
 IMove:             11600000
 IMove:             11700000
 IMove:             11800000
 IMove:             11900000
 IMove:             12000000
 IMove:             12100000
 IMove:             12200000
 IMove:             12300000
 IMove:             12400000
 IMove:             12500000
 IMove:             12600000
 IMove:             12700000
 IMove:             12800000
 IMove:             12900000
 IMove:             13000000
 IMove:             13100000
 IMove:             13200000
 IMove:             13300000
 IMove:             13400000
 IMove:             13500000
 IMove:             13600000
 IMove:             13700000
 IMove:             13800000
 IMove:             13900000
 IMove:             14000000
 IMove:             14100000
 IMove:             14200000
 IMove:             14300000
 IMove:             14400000
 IMove:             14500000
 IMove:             14600000
 IMove:             14700000
 IMove:             14800000
 IMove:             14900000
 IMove:             15000000
 IMove:             15100000
 IMove:             15200000
 IMove:             15300000
 IMove:             15400000
 IMove:             15500000
 IMove:             15600000
 IMove:             15700000
 IMove:             15800000
 IMove:             15900000
 IMove:             16000000
 IMove:             16100000
 IMove:             16200000
 IMove:             16300000
 IMove:             16400000
 IMove:             16500000
 IMove:             16600000
 IMove:             16700000
 IMove:             16800000
 IMove:             16900000
 IMove:             17000000
 IMove:             17100000
 IMove:             17200000
 IMove:             17300000
 IMove:             17400000
 IMove:             17500000
 IMove:             17600000
 IMove:             17700000
 IMove:             17800000
 IMove:             17900000
 IMove:             18000000
 IMove:             18100000
 IMove:             18200000
 IMove:             18300000
 IMove:             18400000
 IMove:             18500000
 IMove:             18600000
 IMove:             18700000
 IMove:             18800000
 IMove:             18900000
 IMove:             19000000
 IMove:             19100000
 IMove:             19200000
 IMove:             19300000
 IMove:             19400000
 IMove:             19500000
 IMove:             19600000
 IMove:             19700000
 IMove:             19800000
 IMove:             19900000
 IMove:             20000000
 IMove:             20100000
 IMove:             20200000
 IMove:             20300000
 IMove:             20400000
 IMove:             20500000
 IMove:             20600000
 IMove:             20700000
 IMove:             20800000
 IMove:             20900000
 IMove:             21000000
 IMove:             21100000
 IMove:             21200000
 IMove:             21300000
 IMove:             21400000
 IMove:             21500000
 IMove:             21600000
 IMove:             21700000
 IMove:             21800000
 IMove:             21900000
 IMove:             22000000
 IMove:             22100000
 IMove:             22200000
 IMove:             22300000
 IMove:             22400000
 IMove:             22500000
 IMove:             22600000
 IMove:             22700000
 IMove:             22800000
 IMove:             22900000
 IMove:             23000000
 IMove:             23100000
 IMove:             23200000
 IMove:             23300000
 IMove:             23400000
 IMove:             23500000
 IMove:             23600000
 IMove:             23700000
 IMove:             23800000
 IMove:             23900000
 IMove:             24000000
 IMove:             24100000
 IMove:             24200000
 IMove:             24300000
 IMove:             24400000
 IMove:             24500000
 IMove:             24600000
 IMove:             24700000
 IMove:             24800000
 IMove:             24900000
 IMove:             25000000
 IMove:             25100000
 IMove:             25200000
 IMove:             25300000
 IMove:             25400000
 IMove:             25500000
 IMove:             25600000
 IMove:             25700000
 IMove:             25800000
 IMove:             25900000
 IMove:             26000000
 IMove:             26100000
 IMove:             26200000
 IMove:             26300000
 IMove:             26400000
 IMove:             26500000
 IMove:             26600000
 IMove:             26700000
 IMove:             26800000
 IMove:             26900000
 IMove:             27000000
 IMove:             27100000
 IMove:             27200000
 IMove:             27300000
 IMove:             27400000
 IMove:             27500000
 IMove:             27600000
 IMove:             27700000
 IMove:             27800000
 IMove:             27900000
 IMove:             28000000
 IMove:             28100000
 IMove:             28200000
 IMove:             28300000
 IMove:             28400000
 IMove:             28500000
 IMove:             28600000
 IMove:             28700000
 IMove:             28800000
 IMove:             28900000
 IMove:             29000000
 IMove:             29100000
 IMove:             29200000
 IMove:             29300000
 IMove:             29400000
 IMove:             29500000
 IMove:             29600000
 IMove:             29700000
 IMove:             29800000
 IMove:             29900000
 IMove:             30000000
 IMove:             30100000
 IMove:             30200000
 IMove:             30300000
 IMove:             30400000
 IMove:             30500000
 IMove:             30600000
 IMove:             30700000
 IMove:             30800000
 IMove:             30900000
 IMove:             31000000
 IMove:             31100000
 IMove:             31200000
 IMove:             31300000
 IMove:             31400000
 IMove:             31500000
 IMove:             31600000
 IMove:             31700000
 IMove:             31800000
 IMove:             31900000
 IMove:             32000000
 IMove:             32100000
 IMove:             32200000
 IMove:             32300000
 IMove:             32400000
 IMove:             32500000
 IMove:             32600000
 IMove:             32700000
 IMove:             32800000
 IMove:             32900000
 IMove:             33000000
 IMove:             33100000
 IMove:             33200000
 IMove:             33300000
 IMove:             33400000
 IMove:             33500000
 IMove:             33600000
 IMove:             33700000
 IMove:             33800000
 IMove:             33900000
 IMove:             34000000
 IMove:             34100000
 IMove:             34200000
 IMove:             34300000
 IMove:             34400000
 IMove:             34500000
 IMove:             34600000
 IMove:             34700000
 IMove:             34800000
 IMove:             34900000
 IMove:             35000000
 IMove:             35100000
 IMove:             35200000
 IMove:             35300000
 IMove:             35400000
 IMove:             35500000
 IMove:             35600000
 IMove:             35700000
 IMove:             35800000
 IMove:             35900000
 IMove:             36000000
 IMove:             36100000
 IMove:             36200000
 IMove:             36300000
 IMove:             36400000
 IMove:             36500000
 IMove:             36600000
 IMove:             36700000
 IMove:             36800000
 IMove:             36900000
 IMove:             37000000
 IMove:             37100000
 IMove:             37200000
 IMove:             37300000
 IMove:             37400000
 IMove:             37500000
 IMove:             37600000
 IMove:             37700000
 IMove:             37800000
 IMove:             37900000
 IMove:             38000000
 IMove:             38100000
 IMove:             38200000
 IMove:             38300000
 IMove:             38400000
 IMove:             38500000
 IMove:             38600000
 IMove:             38700000
 IMove:             38800000
 IMove:             38900000
 IMove:             39000000
 IMove:             39100000
 IMove:             39200000
 IMove:             39300000
 IMove:             39400000
 IMove:             39500000
 IMove:             39600000
 IMove:             39700000
 IMove:             39800000
 IMove:             39900000
 IMove:             40000000
 IMove:             40100000
 IMove:             40200000
 IMove:             40300000
 IMove:             40400000
 IMove:             40500000
 IMove:             40600000
 IMove:             40700000
 IMove:             40800000
 IMove:             40900000
 IMove:             41000000
 IMove:             41100000
 IMove:             41200000
 IMove:             41300000
 IMove:             41400000
 IMove:             41500000
 IMove:             41600000
 IMove:             41700000
 IMove:             41800000
 IMove:             41900000
 IMove:             42000000
 IMove:             42100000
 IMove:             42200000
 IMove:             42300000
 IMove:             42400000
 IMove:             42500000
 IMove:             42600000
 IMove:             42700000
 IMove:             42800000
 IMove:             42900000
 IMove:             43000000
 IMove:             43100000
 IMove:             43200000
 IMove:             43300000
 IMove:             43400000
 IMove:             43500000
 IMove:             43600000
 IMove:             43700000
 IMove:             43800000
 IMove:             43900000
 IMove:             44000000
 IMove:             44100000
 IMove:             44200000
 IMove:             44300000
 IMove:             44400000
 IMove:             44500000
 IMove:             44600000
 IMove:             44700000
 IMove:             44800000
 IMove:             44900000
 IMove:             45000000
 IMove:             45100000
 IMove:             45200000
 IMove:             45300000
 IMove:             45400000
 IMove:             45500000
 IMove:             45600000
 IMove:             45700000
 IMove:             45800000
 IMove:             45900000
 IMove:             46000000
 IMove:             46100000
 IMove:             46200000
 IMove:             46300000
 IMove:             46400000
 IMove:             46500000
 IMove:             46600000
 IMove:             46700000
 IMove:             46800000
 IMove:             46900000
 IMove:             47000000
 IMove:             47100000
 IMove:             47200000
 IMove:             47300000
 IMove:             47400000
 IMove:             47500000
 IMove:             47600000
 IMove:             47700000
 IMove:             47800000
 IMove:             47900000
 IMove:             48000000
 IMove:             48100000
 IMove:             48200000
 IMove:             48300000
 IMove:             48400000
 IMove:             48500000
 IMove:             48600000
 IMove:             48700000
 IMove:             48800000
 IMove:             48900000
 IMove:             49000000
 IMove:             49100000
 IMove:             49200000
 IMove:             49300000
 IMove:             49400000
 IMove:             49500000
 IMove:             49600000
 IMove:             49700000
 IMove:             49800000
 IMove:             49900000
 IMove:             50000000
 IMove:             50100000
 IMove:             50200000
 IMove:             50300000
 IMove:             50400000
 IMove:             50500000
 IMove:             50600000
 IMove:             50700000
 IMove:             50800000
 IMove:             50900000
 IMove:             51000000
 IMove:             51100000
 IMove:             51200000
 IMove:             51300000
 IMove:             51400000
 IMove:             51500000
 IMove:             51600000
 IMove:             51700000
 IMove:             51800000
 IMove:             51900000
 IMove:             52000000
 IMove:             52100000
 IMove:             52200000
 IMove:             52300000
 IMove:             52400000
 IMove:             52500000
 IMove:             52600000
 IMove:             52700000
 IMove:             52800000
 IMove:             52900000
 IMove:             53000000
 IMove:             53100000
 IMove:             53200000
 IMove:             53300000
 IMove:             53400000
 IMove:             53500000
 IMove:             53600000
 IMove:             53700000
 IMove:             53800000
 IMove:             53900000
 IMove:             54000000
 IMove:             54100000
 IMove:             54200000
 IMove:             54300000
 IMove:             54400000
 IMove:             54500000
 IMove:             54600000
 IMove:             54700000
 IMove:             54800000
 IMove:             54900000
 IMove:             55000000
 IMove:             55100000
 IMove:             55200000
 IMove:             55300000
 IMove:             55400000
 IMove:             55500000
 IMove:             55600000
 IMove:             55700000
 IMove:             55800000
 IMove:             55900000
 IMove:             56000000
 IMove:             56100000
 IMove:             56200000
 IMove:             56300000
 IMove:             56400000
 IMove:             56500000
 IMove:             56600000
 IMove:             56700000
 IMove:             56800000
 IMove:             56900000
 IMove:             57000000
 IMove:             57100000
 IMove:             57200000
 IMove:             57300000
 IMove:             57400000
 IMove:             57500000
 IMove:             57600000
 IMove:             57700000
 IMove:             57800000
 IMove:             57900000
 IMove:             58000000
 IMove:             58100000
 IMove:             58200000
 IMove:             58300000
 IMove:             58400000
 IMove:             58500000
 IMove:             58600000
 IMove:             58700000
 IMove:             58800000
 IMove:             58900000
 IMove:             59000000
 IMove:             59100000
 IMove:             59200000
 IMove:             59300000
 IMove:             59400000
 IMove:             59500000
 IMove:             59600000
 IMove:             59700000
 IMove:             59800000
 IMove:             59900000
 IMove:             60000000
 IMove:             60100000
 IMove:             60200000
 IMove:             60300000
 IMove:             60400000
 IMove:             60500000
 IMove:             60600000
 IMove:             60700000
 IMove:             60800000
 IMove:             60900000
 IMove:             61000000
 IMove:             61100000
 IMove:             61200000
 IMove:             61300000
 IMove:             61400000
 IMove:             61500000
 IMove:             61600000
 IMove:             61700000
 IMove:             61800000
 IMove:             61900000
 IMove:             62000000
 IMove:             62100000
 IMove:             62200000
 IMove:             62300000
 IMove:             62400000
 IMove:             62500000
 IMove:             62600000
 IMove:             62700000
 IMove:             62800000
 IMove:             62900000
 IMove:             63000000
 IMove:             63100000
 IMove:             63200000
 IMove:             63300000
 IMove:             63400000
 IMove:             63500000
 IMove:             63600000
 IMove:             63700000
 IMove:             63800000
 IMove:             63900000
 IMove:             64000000
 IMove:             64100000
 IMove:             64200000
 IMove:             64300000
 IMove:             64400000
 IMove:             64500000
 IMove:             64600000
 IMove:             64700000
 IMove:             64800000
 IMove:             64900000
 IMove:             65000000
 IMove:             65100000
 IMove:             65200000
 IMove:             65300000
 IMove:             65400000
 IMove:             65500000
 IMove:             65600000
 IMove:             65700000
 IMove:             65800000
 IMove:             65900000
 IMove:             66000000
 IMove:             66100000
 IMove:             66200000
 IMove:             66300000
 IMove:             66400000
 IMove:             66500000
 IMove:             66600000
 IMove:             66700000
 IMove:             66800000
 IMove:             66900000
 IMove:             67000000
 IMove:             67100000
 IMove:             67200000
 IMove:             67300000
 IMove:             67400000
 IMove:             67500000
 IMove:             67600000
 IMove:             67700000
 IMove:             67800000
 IMove:             67900000
 IMove:             68000000
 IMove:             68100000
 IMove:             68200000
 IMove:             68300000
 IMove:             68400000
 IMove:             68500000
 IMove:             68600000
 IMove:             68700000
 IMove:             68800000
 IMove:             68900000
 IMove:             69000000
 IMove:             69100000
 IMove:             69200000
 IMove:             69300000
 IMove:             69400000
 IMove:             69500000
 IMove:             69600000
 IMove:             69700000
 IMove:             69800000
 IMove:             69900000
 IMove:             70000000
 IMove:             70100000
 IMove:             70200000
 IMove:             70300000
 IMove:             70400000
 IMove:             70500000
 IMove:             70600000
 IMove:             70700000
 IMove:             70800000
 IMove:             70900000
 IMove:             71000000
 IMove:             71100000
 IMove:             71200000
 IMove:             71300000
 IMove:             71400000
 IMove:             71500000
 IMove:             71600000
 IMove:             71700000
 IMove:             71800000
 IMove:             71900000
 IMove:             72000000
 IMove:             72100000
 IMove:             72200000
 IMove:             72300000
 IMove:             72400000
 IMove:             72500000
 IMove:             72600000
 IMove:             72700000
 IMove:             72800000
 IMove:             72900000
 IMove:             73000000
 IMove:             73100000
 IMove:             73200000
 IMove:             73300000
 IMove:             73400000
 IMove:             73500000
 IMove:             73600000
 IMove:             73700000
 IMove:             73800000
 IMove:             73900000
 IMove:             74000000
 IMove:             74100000
 IMove:             74200000
 IMove:             74300000
 IMove:             74400000
 IMove:             74500000
 IMove:             74600000
 IMove:             74700000
 IMove:             74800000
 IMove:             74900000
 IMove:             75000000
 IMove:             75100000
 IMove:             75200000
 IMove:             75300000
 IMove:             75400000
 IMove:             75500000
 IMove:             75600000
 IMove:             75700000
 IMove:             75800000
 IMove:             75900000
 IMove:             76000000
 IMove:             76100000
 IMove:             76200000
 IMove:             76300000
 IMove:             76400000
 IMove:             76500000
 IMove:             76600000
 IMove:             76700000
 IMove:             76800000
 IMove:             76900000
 IMove:             77000000
 IMove:             77100000
 IMove:             77200000
 IMove:             77300000
 IMove:             77400000
 IMove:             77500000
 IMove:             77600000
 IMove:             77700000
 IMove:             77800000
 IMove:             77900000
 IMove:             78000000
 IMove:             78100000
 IMove:             78200000
 IMove:             78300000
 IMove:             78400000
 IMove:             78500000
 IMove:             78600000
 IMove:             78700000
 IMove:             78800000
 IMove:             78900000
 IMove:             79000000
 IMove:             79100000
 IMove:             79200000
 IMove:             79300000
 IMove:             79400000
 IMove:             79500000
 IMove:             79600000
 IMove:             79700000
 IMove:             79800000
 IMove:             79900000
 IMove:             80000000
 IMove:             80100000
 IMove:             80200000
 IMove:             80300000
 IMove:             80400000
 IMove:             80500000
 IMove:             80600000
 IMove:             80700000
 IMove:             80800000
 IMove:             80900000
 IMove:             81000000
 IMove:             81100000
 IMove:             81200000
 IMove:             81300000
 IMove:             81400000
 IMove:             81500000
 IMove:             81600000
 IMove:             81700000
 IMove:             81800000
 IMove:             81900000
 IMove:             82000000
 IMove:             82100000
 IMove:             82200000
 IMove:             82300000
 IMove:             82400000
 IMove:             82500000
 IMove:             82600000
 IMove:             82700000
 IMove:             82800000
 IMove:             82900000
 IMove:             83000000
 IMove:             83100000
 IMove:             83200000
 IMove:             83300000
 IMove:             83400000
 IMove:             83500000
 IMove:             83600000
 IMove:             83700000
 IMove:             83800000
 IMove:             83900000
 IMove:             84000000
 IMove:             84100000
 IMove:             84200000
 IMove:             84300000
 IMove:             84400000
 IMove:             84500000
 IMove:             84600000
 IMove:             84700000
 IMove:             84800000
 IMove:             84900000
 IMove:             85000000
 IMove:             85100000
 IMove:             85200000
 IMove:             85300000
 IMove:             85400000
 IMove:             85500000
 IMove:             85600000
 IMove:             85700000
 IMove:             85800000
 IMove:             85900000
 IMove:             86000000
 IMove:             86100000
 IMove:             86200000
 IMove:             86300000
 IMove:             86400000
 IMove:             86500000
 IMove:             86600000
 IMove:             86700000
 IMove:             86800000
 IMove:             86900000
 IMove:             87000000
 IMove:             87100000
 IMove:             87200000
 IMove:             87300000
 IMove:             87400000
 IMove:             87500000
 IMove:             87600000
 IMove:             87700000
 IMove:             87800000
 IMove:             87900000
 IMove:             88000000
 IMove:             88100000
 IMove:             88200000
 IMove:             88300000
 IMove:             88400000
 IMove:             88500000
 IMove:             88600000
 IMove:             88700000
 IMove:             88800000
 IMove:             88900000
 IMove:             89000000
 IMove:             89100000
 IMove:             89200000
 IMove:             89300000
 IMove:             89400000
 IMove:             89500000
 IMove:             89600000
 IMove:             89700000
 IMove:             89800000
 IMove:             89900000
 IMove:             90000000
 IMove:             90100000
 IMove:             90200000
 IMove:             90300000
 IMove:             90400000
 IMove:             90500000
 IMove:             90600000
 IMove:             90700000
 IMove:             90800000
 IMove:             90900000
 IMove:             91000000
 IMove:             91100000
 IMove:             91200000
 IMove:             91300000
 IMove:             91400000
 IMove:             91500000
 IMove:             91600000
 IMove:             91700000
 IMove:             91800000
 IMove:             91900000
 IMove:             92000000
 IMove:             92100000
 IMove:             92200000
 IMove:             92300000
 IMove:             92400000
 IMove:             92500000
 IMove:             92600000
 IMove:             92700000
 IMove:             92800000
 IMove:             92900000
 IMove:             93000000
 IMove:             93100000
 IMove:             93200000
 IMove:             93300000
 IMove:             93400000
 IMove:             93500000
 IMove:             93600000
 IMove:             93700000
 IMove:             93800000
 IMove:             93900000
 IMove:             94000000
 IMove:             94100000
 IMove:             94200000
 IMove:             94300000
 IMove:             94400000
 IMove:             94500000
 IMove:             94600000
 IMove:             94700000
 IMove:             94800000
 IMove:             94900000
 IMove:             95000000
 IMove:             95100000
 IMove:             95200000
 IMove:             95300000
 IMove:             95400000
 IMove:             95500000
 IMove:             95600000
 IMove:             95700000
 IMove:             95800000
 IMove:             95900000
 IMove:             96000000
 IMove:             96100000
 IMove:             96200000
 IMove:             96300000
 IMove:             96400000
 IMove:             96500000
 IMove:             96600000
 IMove:             96700000
 IMove:             96800000
 IMove:             96900000
 IMove:             97000000
 IMove:             97100000
 IMove:             97200000
 IMove:             97300000
 IMove:             97400000
 IMove:             97500000
 IMove:             97600000
 IMove:             97700000
 IMove:             97800000
 IMove:             97900000
 IMove:             98000000
 IMove:             98100000
 IMove:             98200000
 IMove:             98300000
 IMove:             98400000
 IMove:             98500000
 IMove:             98600000
 IMove:             98700000
 IMove:             98800000
 IMove:             98900000
 IMove:             99000000
 IMove:             99100000
 IMove:             99200000
 IMove:             99300000
 IMove:             99400000
 IMove:             99500000
 IMove:             99600000
 IMove:             99700000
 IMove:             99800000
 IMove:             99900000
 IMove:            100000000
End   Job: Thu Jun 23 17:08:46 CEST 2022
