
    ***********************************************************************
                                Energy Analysis 
              ----------------------------------------------

                                Version 1.1

                              Dr. Javier Ramos
                      Macromolecular Physics Department
                Instituto de Estructura de la Materia (IEM-CSIC)
                               Madrid (Spain)

        This utility is part of the polyanagro library. Polyanagro is an 
        open-source python library to analyze simulations of polymer systems.

        This software is distributed under the terms of the
        GNU General Public License v3.0 (GNU GPLv3). A copy of
        the license (LICENSE.txt) is included with this distribution.

    ***********************************************************************
        
		Start Job at 24-08-2022 15:00:41 ============

		Command line: 
			python energy_analysis.py info -e ../../data/energy/LAMMPS_log/output.log
			         or
			energy_analysis info -e ../../data/energy/LAMMPS_log/output.log

		Reading energy data from /home/jramos/Programacion/GITHUB_REPO_DIR/polyanagro/data/energy/LAMMPS_log/output.log

		**** ENERGY INFO ****
		  Number of points in energy files   : 501
		  Original trajectory from 0.0 (ps) to 5000.0 (ps).
		  Timestep 10.0 (ps).
		**** End ENERGY INFO ****

		**** TERMS PRESENT IN THE ENERGY FILE ****
		  Time
		  Step
		  CPU
		  E_bond
		  E_angle
		  E_dihed
		  E_impro
		  E_pair
		  E_vdwl
		  E_coul
		  E_long
		  E_tail
		  PotEng
		  Temp
		  Press
		  Lx
		  Ly
		  Lz
		  Density
		**** END TERMS PRESENT IN THE ENERGY FILE ****

		Job  Done at 24-08-2022 15:00:41 ============

