
    ***********************************************************************
                     Calculate mean square displacement 
                       using different implementations
        -------------------------------------------------------------

                                Version 1.1

                              Dr. Javier Ramos
                      Macromolecular Physics Department
                Instituto de Estructura de la Materia (IEM-CSIC)
                               Madrid (Spain)

        This utility is part of the polyanagro library. Polyanagro is an
        open-source python library to analyze simulations of polymer systems.

        This software is distributed under the terms of the
        GNU General Public License v3.0 (GNU GPLv3). A copy of
        the license (LICENSE.txt) is included with this distribution.

    ***********************************************************************
        
		Start Job at 15-01-2024 22:29:52 ============

		Command line: 
			python msd_polymer.py -t traj_0000_0005ns_0020ps.xtc --topo new_topo.tpr --nojump 0
			         or
			msd_polymer.py -t traj_0000_0005ns_0020ps.xtc --topo new_topo.tpr --nojump 0

	*** Creating a trajectory from...
	traj_0000_0005ns_0020ps.xtc

	*** Building bonds from topology... 
	Setting bond orders: FALSE
	TIME(Building_bonds_from_topology): 23.058287 seconds
	*** End Building bonds from topology... 

	*** Adding topology 
	new_topo.tpr
	Number of frames: 251
	TIME(Adding topology): 3.540019 seconds
	*** End Adding topology

	Number of frames: 251
	TIME(Read_Trajectories): 26.600219 seconds
	*** End Creating a trajectory 

		 The trajectory must be unwrapped and without jumps.

		Job  Done at 15-01-2024 22:30:23 ============

