
    ***********************************************************************
                  Generate a 2DMap for a pair of dyhedral types
        -------------------------------------------------------------

                                Version 1.1

                              Dr. Javier Ramos
                      Macromolecular Physics Department
                Instituto de Estructura de la Materia (IEM-CSIC)
                               Madrid (Spain)

        This utility is part of the polyanagro library. Polyanagro is an
        open-source python library to analyze simulations of polymer systems.

        This software is distributed under the terms of the
        GNU General Public License v3.0 (GNU GPLv3). A copy of
        the license (LICENSE.txt) is included with this distribution.

    ***********************************************************************
        
		Start Job at 22-02-2024 18:08:47 ============

		Command line: 
			python 2D_torsion_density_maps.py -t test.xtc --unwrap 1 --topo sugar.tpr --phipsi phi psi
			         or
			2D_torsion_density_maps.py -t test.xtc --unwrap 1 --topo sugar.tpr --phipsi phi psi

	*** Creating a trajectory from...
	test.xtc

	*** Building bonds from topology... 
	Setting bond orders: FALSE
	TIME(Building_bonds_from_topology): 0.196805 seconds
	*** End Building bonds from topology... 

	*** Adding topology 
	sugar.tpr
	Number of frames: 1201
	TIME(Adding topology): 0.026311 seconds
	*** End Adding topology

	Number of frames: 1201
	TIME(Read_Trajectories): 0.223644 seconds
	*** End Creating a trajectory 

	 Num of frames to analyse: 1201
	Unwrap PBC coordinates: True
	IFRAME: 0 of 1201 in 0.00107 seconds
	IFRAME: 50 of 1201 in 0.251169 seconds
	IFRAME: 100 of 1201 in 0.300472 seconds
	IFRAME: 150 of 1201 in 0.329181 seconds
	IFRAME: 200 of 1201 in 0.358461 seconds
	IFRAME: 250 of 1201 in 0.378832 seconds
	IFRAME: 300 of 1201 in 0.397247 seconds
	IFRAME: 350 of 1201 in 0.423149 seconds
	IFRAME: 400 of 1201 in 0.44459 seconds
	IFRAME: 450 of 1201 in 0.464402 seconds
	IFRAME: 500 of 1201 in 0.526117 seconds
	IFRAME: 550 of 1201 in 0.588091 seconds
	IFRAME: 600 of 1201 in 0.751681 seconds
	IFRAME: 650 of 1201 in 1.155617 seconds
	IFRAME: 700 of 1201 in 1.347843 seconds
	IFRAME: 750 of 1201 in 1.460187 seconds
	IFRAME: 800 of 1201 in 1.52187 seconds
	IFRAME: 850 of 1201 in 1.548546 seconds
	IFRAME: 900 of 1201 in 1.865427 seconds
	IFRAME: 950 of 1201 in 2.165618 seconds
	IFRAME: 1000 of 1201 in 2.184373 seconds
	IFRAME: 1050 of 1201 in 2.201332 seconds
	IFRAME: 1100 of 1201 in 2.219936 seconds
	IFRAME: 1150 of 1201 in 2.238959 seconds
	IFRAME: 1200 of 1201 in 2.254966 seconds
	Histograms written in phi_vs_psi.png
		Time: 1.76 seconds
	Histograms written in phi_vs_psi_b.png
		Time: 0.93 seconds

		Job  Done at 22-02-2024 18:08:52 ============

